[2015-11-19 16:47:17] Fox.WARNING: E_WARNING: chown(): Operation not permitted {"file":"/home/wwwroot/zhcrm/application/Fox/Core/Utils/File/Permission.php","line":371} []
[2015-11-19 16:47:17] Fox.WARNING: E_WARNING: chgrp(): Operation not permitted {"file":"/home/wwwroot/zhcrm/application/Fox/Core/Utils/File/Permission.php","line":382} []
[2015-11-19 16:47:17] Fox.WARNING: E_WARNING: chown(): Operation not permitted {"file":"/home/wwwroot/zhcrm/application/Fox/Core/Utils/File/Permission.php","line":371} []
[2015-11-19 16:47:17] Fox.WARNING: E_WARNING: chgrp(): Operation not permitted {"file":"/home/wwwroot/zhcrm/application/Fox/Core/Utils/File/Permission.php","line":382} []
[2015-11-19 16:47:17] Fox.WARNING: E_WARNING: chown(): Operation not permitted {"file":"/home/wwwroot/zhcrm/application/Fox/Core/Utils/File/Permission.php","line":371} []
[2015-11-19 16:47:17] Fox.WARNING: E_WARNING: chgrp(): Operation not permitted {"file":"/home/wwwroot/zhcrm/application/Fox/Core/Utils/File/Permission.php","line":382} []
[2015-11-19 16:47:18] Fox.WARNING: E_WARNING: chown(): Operation not permitted {"file":"/home/wwwroot/zhcrm/application/Fox/Core/Utils/File/Permission.php","line":371} []
[2015-11-19 16:47:18] Fox.WARNING: E_WARNING: chgrp(): Operation not permitted {"file":"/home/wwwroot/zhcrm/application/Fox/Core/Utils/File/Permission.php","line":382} []
[2015-11-19 16:47:18] Fox.WARNING: E_WARNING: chown(): Operation not permitted {"file":"/home/wwwroot/zhcrm/application/Fox/Core/Utils/File/Permission.php","line":371} []
[2015-11-19 16:47:18] Fox.WARNING: E_WARNING: chgrp(): Operation not permitted {"file":"/home/wwwroot/zhcrm/application/Fox/Core/Utils/File/Permission.php","line":382} []
[2015-11-19 16:47:18] Fox.WARNING: E_WARNING: chown(): Operation not permitted {"file":"/home/wwwroot/zhcrm/application/Fox/Core/Utils/File/Permission.php","line":371} []
[2015-11-19 16:47:18] Fox.WARNING: E_WARNING: chgrp(): Operation not permitted {"file":"/home/wwwroot/zhcrm/application/Fox/Core/Utils/File/Permission.php","line":382} []
[2015-11-19 16:47:18] Fox.WARNING: E_WARNING: chown(): Operation not permitted {"file":"/home/wwwroot/zhcrm/application/Fox/Core/Utils/File/Permission.php","line":371} []
[2015-11-19 16:47:18] Fox.WARNING: E_WARNING: chgrp(): Operation not permitted {"file":"/home/wwwroot/zhcrm/application/Fox/Core/Utils/File/Permission.php","line":382} []
[2015-11-19 16:47:18] Fox.WARNING: E_WARNING: chown(): Operation not permitted {"file":"/home/wwwroot/zhcrm/application/Fox/Core/Utils/File/Permission.php","line":371} []
[2015-11-19 16:47:18] Fox.WARNING: E_WARNING: chgrp(): Operation not permitted {"file":"/home/wwwroot/zhcrm/application/Fox/Core/Utils/File/Permission.php","line":382} []
[2015-11-19 16:47:42] Fox.WARNING: E_WARNING: chown(): Operation not permitted {"file":"/home/wwwroot/zhcrm/application/Fox/Core/Utils/File/Permission.php","line":371} []
[2015-11-19 16:47:42] Fox.WARNING: E_WARNING: chgrp(): Operation not permitted {"file":"/home/wwwroot/zhcrm/application/Fox/Core/Utils/File/Permission.php","line":382} []
[2015-11-19 16:47:42] Fox.WARNING: E_WARNING: chown(): Operation not permitted {"file":"/home/wwwroot/zhcrm/application/Fox/Core/Utils/File/Permission.php","line":371} []
[2015-11-19 16:47:42] Fox.WARNING: E_WARNING: chgrp(): Operation not permitted {"file":"/home/wwwroot/zhcrm/application/Fox/Core/Utils/File/Permission.php","line":382} []
[2015-11-19 16:47:42] Fox.WARNING: E_WARNING: chown(): Operation not permitted {"file":"/home/wwwroot/zhcrm/application/Fox/Core/Utils/File/Permission.php","line":371} []
[2015-11-19 16:47:42] Fox.WARNING: E_WARNING: chgrp(): Operation not permitted {"file":"/home/wwwroot/zhcrm/application/Fox/Core/Utils/File/Permission.php","line":382} []
[2015-11-19 16:47:42] Fox.WARNING: E_WARNING: chown(): Operation not permitted {"file":"/home/wwwroot/zhcrm/application/Fox/Core/Utils/File/Permission.php","line":371} []
[2015-11-19 16:47:42] Fox.WARNING: E_WARNING: chgrp(): Operation not permitted {"file":"/home/wwwroot/zhcrm/application/Fox/Core/Utils/File/Permission.php","line":382} []
[2015-11-19 16:47:42] Fox.WARNING: E_WARNING: chown(): Operation not permitted {"file":"/home/wwwroot/zhcrm/application/Fox/Core/Utils/File/Permission.php","line":371} []
[2015-11-19 16:47:42] Fox.WARNING: E_WARNING: chgrp(): Operation not permitted {"file":"/home/wwwroot/zhcrm/application/Fox/Core/Utils/File/Permission.php","line":382} []
[2015-11-19 16:47:42] Fox.WARNING: E_WARNING: chown(): Operation not permitted {"file":"/home/wwwroot/zhcrm/application/Fox/Core/Utils/File/Permission.php","line":371} []
[2015-11-19 16:47:42] Fox.WARNING: E_WARNING: chgrp(): Operation not permitted {"file":"/home/wwwroot/zhcrm/application/Fox/Core/Utils/File/Permission.php","line":382} []
[2015-11-19 16:47:42] Fox.WARNING: E_WARNING: chown(): Operation not permitted {"file":"/home/wwwroot/zhcrm/application/Fox/Core/Utils/File/Permission.php","line":371} []
[2015-11-19 16:47:42] Fox.WARNING: E_WARNING: chgrp(): Operation not permitted {"file":"/home/wwwroot/zhcrm/application/Fox/Core/Utils/File/Permission.php","line":382} []
[2015-11-19 16:47:42] Fox.WARNING: E_WARNING: chown(): Operation not permitted {"file":"/home/wwwroot/zhcrm/application/Fox/Core/Utils/File/Permission.php","line":371} []
[2015-11-19 16:47:42] Fox.WARNING: E_WARNING: chgrp(): Operation not permitted {"file":"/home/wwwroot/zhcrm/application/Fox/Core/Utils/File/Permission.php","line":382} []
[2015-11-19 16:47:42] Fox.WARNING: E_WARNING: chown(): Operation not permitted {"file":"/home/wwwroot/zhcrm/application/Fox/Core/Utils/File/Permission.php","line":371} []
[2015-11-19 16:47:42] Fox.WARNING: E_WARNING: chgrp(): Operation not permitted {"file":"/home/wwwroot/zhcrm/application/Fox/Core/Utils/File/Permission.php","line":382} []
[2015-11-19 16:47:42] Fox.WARNING: E_WARNING: chown(): Operation not permitted {"file":"/home/wwwroot/zhcrm/application/Fox/Core/Utils/File/Permission.php","line":371} []
[2015-11-19 16:47:42] Fox.WARNING: E_WARNING: chgrp(): Operation not permitted {"file":"/home/wwwroot/zhcrm/application/Fox/Core/Utils/File/Permission.php","line":382} []
[2015-11-19 16:47:42] Fox.WARNING: E_WARNING: chown(): Operation not permitted {"file":"/home/wwwroot/zhcrm/application/Fox/Core/Utils/File/Permission.php","line":371} []
[2015-11-19 16:47:42] Fox.WARNING: E_WARNING: chgrp(): Operation not permitted {"file":"/home/wwwroot/zhcrm/application/Fox/Core/Utils/File/Permission.php","line":382} []
[2015-11-19 16:47:42] Fox.WARNING: E_WARNING: chown(): Operation not permitted {"file":"/home/wwwroot/zhcrm/application/Fox/Core/Utils/File/Permission.php","line":371} []
[2015-11-19 16:47:42] Fox.WARNING: E_WARNING: chgrp(): Operation not permitted {"file":"/home/wwwroot/zhcrm/application/Fox/Core/Utils/File/Permission.php","line":382} []
[2015-11-19 16:47:42] Fox.WARNING: E_WARNING: chown(): Operation not permitted {"file":"/home/wwwroot/zhcrm/application/Fox/Core/Utils/File/Permission.php","line":371} []
[2015-11-19 16:47:42] Fox.WARNING: E_WARNING: chgrp(): Operation not permitted {"file":"/home/wwwroot/zhcrm/application/Fox/Core/Utils/File/Permission.php","line":382} []
[2015-11-19 16:47:42] Fox.WARNING: E_WARNING: chown(): Operation not permitted {"file":"/home/wwwroot/zhcrm/application/Fox/Core/Utils/File/Permission.php","line":371} []
[2015-11-19 16:47:42] Fox.WARNING: E_WARNING: chgrp(): Operation not permitted {"file":"/home/wwwroot/zhcrm/application/Fox/Core/Utils/File/Permission.php","line":382} []
[2015-11-19 16:47:42] Fox.WARNING: E_WARNING: chown(): Operation not permitted {"file":"/home/wwwroot/zhcrm/application/Fox/Core/Utils/File/Permission.php","line":371} []
[2015-11-19 16:47:42] Fox.WARNING: E_WARNING: chgrp(): Operation not permitted {"file":"/home/wwwroot/zhcrm/application/Fox/Core/Utils/File/Permission.php","line":382} []
[2015-11-19 16:55:26] Fox.WARNING: E_WARNING: chown(): Operation not permitted {"file":"/home/wwwroot/zhcrm/application/Fox/Core/Utils/File/Permission.php","line":371} []
[2015-11-19 16:55:26] Fox.WARNING: E_WARNING: chgrp(): Operation not permitted {"file":"/home/wwwroot/zhcrm/application/Fox/Core/Utils/File/Permission.php","line":382} []
[2015-11-19 17:14:00] Fox.WARNING: E_WARNING: chown(): Operation not permitted {"file":"/home/wwwroot/zhcrm/application/Fox/Core/Utils/File/Permission.php","line":371} []
[2015-11-19 17:14:00] Fox.WARNING: E_WARNING: chgrp(): Operation not permitted {"file":"/home/wwwroot/zhcrm/application/Fox/Core/Utils/File/Permission.php","line":382} []
[2015-11-19 17:14:00] Fox.WARNING: E_WARNING: chown(): Operation not permitted {"file":"/home/wwwroot/zhcrm/application/Fox/Core/Utils/File/Permission.php","line":371} []
[2015-11-19 17:14:00] Fox.WARNING: E_WARNING: chgrp(): Operation not permitted {"file":"/home/wwwroot/zhcrm/application/Fox/Core/Utils/File/Permission.php","line":382} []
[2015-11-19 17:14:00] Fox.WARNING: E_WARNING: chown(): Operation not permitted {"file":"/home/wwwroot/zhcrm/application/Fox/Core/Utils/File/Permission.php","line":371} []
[2015-11-19 17:14:00] Fox.WARNING: E_WARNING: chgrp(): Operation not permitted {"file":"/home/wwwroot/zhcrm/application/Fox/Core/Utils/File/Permission.php","line":382} []
[2015-11-19 17:14:00] Fox.WARNING: E_WARNING: chown(): Operation not permitted {"file":"/home/wwwroot/zhcrm/application/Fox/Core/Utils/File/Permission.php","line":371} []
[2015-11-19 17:14:00] Fox.WARNING: E_WARNING: chgrp(): Operation not permitted {"file":"/home/wwwroot/zhcrm/application/Fox/Core/Utils/File/Permission.php","line":382} []
[2015-11-19 17:14:01] Fox.WARNING: E_WARNING: chown(): Operation not permitted {"file":"/home/wwwroot/zhcrm/application/Fox/Core/Utils/File/Permission.php","line":371} []
[2015-11-19 17:14:01] Fox.WARNING: E_WARNING: chgrp(): Operation not permitted {"file":"/home/wwwroot/zhcrm/application/Fox/Core/Utils/File/Permission.php","line":382} []
[2015-11-19 17:14:01] Fox.WARNING: E_WARNING: chown(): Operation not permitted {"file":"/home/wwwroot/zhcrm/application/Fox/Core/Utils/File/Permission.php","line":371} []
[2015-11-19 17:14:01] Fox.WARNING: E_WARNING: chgrp(): Operation not permitted {"file":"/home/wwwroot/zhcrm/application/Fox/Core/Utils/File/Permission.php","line":382} []
[2015-11-19 17:14:01] Fox.WARNING: E_WARNING: chown(): Operation not permitted {"file":"/home/wwwroot/zhcrm/application/Fox/Core/Utils/File/Permission.php","line":371} []
[2015-11-19 17:14:01] Fox.WARNING: E_WARNING: chown(): Operation not permitted {"file":"/home/wwwroot/zhcrm/application/Fox/Core/Utils/File/Permission.php","line":371} []
[2015-11-19 17:14:01] Fox.WARNING: E_WARNING: chgrp(): Operation not permitted {"file":"/home/wwwroot/zhcrm/application/Fox/Core/Utils/File/Permission.php","line":382} []
[2015-11-19 17:14:01] Fox.WARNING: E_WARNING: chgrp(): Operation not permitted {"file":"/home/wwwroot/zhcrm/application/Fox/Core/Utils/File/Permission.php","line":382} []
[2015-11-19 17:14:02] Fox.WARNING: E_WARNING: chown(): Operation not permitted {"file":"/home/wwwroot/zhcrm/application/Fox/Core/Utils/File/Permission.php","line":371} []
[2015-11-19 17:14:02] Fox.WARNING: E_WARNING: chgrp(): Operation not permitted {"file":"/home/wwwroot/zhcrm/application/Fox/Core/Utils/File/Permission.php","line":382} []
[2015-11-19 17:14:02] Fox.WARNING: E_WARNING: chown(): Operation not permitted {"file":"/home/wwwroot/zhcrm/application/Fox/Core/Utils/File/Permission.php","line":371} []
[2015-11-19 17:14:02] Fox.WARNING: E_WARNING: chgrp(): Operation not permitted {"file":"/home/wwwroot/zhcrm/application/Fox/Core/Utils/File/Permission.php","line":382} []
[2015-11-19 17:14:02] Fox.WARNING: E_WARNING: chown(): Operation not permitted {"file":"/home/wwwroot/zhcrm/application/Fox/Core/Utils/File/Permission.php","line":371} []
[2015-11-19 17:14:02] Fox.WARNING: E_WARNING: chgrp(): Operation not permitted {"file":"/home/wwwroot/zhcrm/application/Fox/Core/Utils/File/Permission.php","line":382} []
[2015-11-19 17:14:02] Fox.WARNING: E_WARNING: chown(): Operation not permitted {"file":"/home/wwwroot/zhcrm/application/Fox/Core/Utils/File/Permission.php","line":371} []
[2015-11-19 17:14:02] Fox.WARNING: E_WARNING: chgrp(): Operation not permitted {"file":"/home/wwwroot/zhcrm/application/Fox/Core/Utils/File/Permission.php","line":382} []
[2015-11-19 17:14:02] Fox.WARNING: E_WARNING: chown(): Operation not permitted {"file":"/home/wwwroot/zhcrm/application/Fox/Core/Utils/File/Permission.php","line":371} []
[2015-11-19 17:14:02] Fox.WARNING: E_WARNING: chgrp(): Operation not permitted {"file":"/home/wwwroot/zhcrm/application/Fox/Core/Utils/File/Permission.php","line":382} []
[2015-11-19 17:14:02] Fox.WARNING: E_WARNING: chown(): Operation not permitted {"file":"/home/wwwroot/zhcrm/application/Fox/Core/Utils/File/Permission.php","line":371} []
[2015-11-19 17:14:02] Fox.WARNING: E_WARNING: chgrp(): Operation not permitted {"file":"/home/wwwroot/zhcrm/application/Fox/Core/Utils/File/Permission.php","line":382} []
[2015-11-19 17:14:02] Fox.WARNING: E_WARNING: chown(): Operation not permitted {"file":"/home/wwwroot/zhcrm/application/Fox/Core/Utils/File/Permission.php","line":371} []
[2015-11-19 17:14:02] Fox.WARNING: E_WARNING: chgrp(): Operation not permitted {"file":"/home/wwwroot/zhcrm/application/Fox/Core/Utils/File/Permission.php","line":382} []
[2015-11-19 17:14:02] Fox.WARNING: E_WARNING: chown(): Operation not permitted {"file":"/home/wwwroot/zhcrm/application/Fox/Core/Utils/File/Permission.php","line":371} []
[2015-11-19 17:14:02] Fox.WARNING: E_WARNING: chgrp(): Operation not permitted {"file":"/home/wwwroot/zhcrm/application/Fox/Core/Utils/File/Permission.php","line":382} []
[2015-11-19 17:14:02] Fox.WARNING: E_WARNING: chown(): Operation not permitted {"file":"/home/wwwroot/zhcrm/application/Fox/Core/Utils/File/Permission.php","line":371} []
[2015-11-19 17:14:02] Fox.WARNING: E_WARNING: chgrp(): Operation not permitted {"file":"/home/wwwroot/zhcrm/application/Fox/Core/Utils/File/Permission.php","line":382} []
[2015-11-19 17:14:02] Fox.WARNING: E_WARNING: chown(): Operation not permitted {"file":"/home/wwwroot/zhcrm/application/Fox/Core/Utils/File/Permission.php","line":371} []
[2015-11-19 17:14:02] Fox.WARNING: E_WARNING: chgrp(): Operation not permitted {"file":"/home/wwwroot/zhcrm/application/Fox/Core/Utils/File/Permission.php","line":382} []
[2015-11-19 17:14:02] Fox.WARNING: E_WARNING: chown(): Operation not permitted {"file":"/home/wwwroot/zhcrm/application/Fox/Core/Utils/File/Permission.php","line":371} []
[2015-11-19 17:14:02] Fox.WARNING: E_WARNING: chgrp(): Operation not permitted {"file":"/home/wwwroot/zhcrm/application/Fox/Core/Utils/File/Permission.php","line":382} []
[2015-11-19 17:14:02] Fox.WARNING: E_WARNING: chown(): Operation not permitted {"file":"/home/wwwroot/zhcrm/application/Fox/Core/Utils/File/Permission.php","line":371} []
[2015-11-19 17:14:02] Fox.WARNING: E_WARNING: chgrp(): Operation not permitted {"file":"/home/wwwroot/zhcrm/application/Fox/Core/Utils/File/Permission.php","line":382} []
[2015-11-19 17:14:02] Fox.WARNING: E_WARNING: chown(): Operation not permitted {"file":"/home/wwwroot/zhcrm/application/Fox/Core/Utils/File/Permission.php","line":371} []
[2015-11-19 17:14:02] Fox.WARNING: E_WARNING: chgrp(): Operation not permitted {"file":"/home/wwwroot/zhcrm/application/Fox/Core/Utils/File/Permission.php","line":382} []
[2015-11-19 17:14:02] Fox.WARNING: E_WARNING: chown(): Operation not permitted {"file":"/home/wwwroot/zhcrm/application/Fox/Core/Utils/File/Permission.php","line":371} []
[2015-11-19 17:14:02] Fox.WARNING: E_WARNING: chgrp(): Operation not permitted {"file":"/home/wwwroot/zhcrm/application/Fox/Core/Utils/File/Permission.php","line":382} []
[2015-11-19 17:14:02] Fox.WARNING: E_WARNING: chown(): Operation not permitted {"file":"/home/wwwroot/zhcrm/application/Fox/Core/Utils/File/Permission.php","line":371} []
[2015-11-19 17:14:02] Fox.WARNING: E_WARNING: chgrp(): Operation not permitted {"file":"/home/wwwroot/zhcrm/application/Fox/Core/Utils/File/Permission.php","line":382} []
[2015-11-19 17:14:02] Fox.WARNING: E_WARNING: chown(): Operation not permitted {"file":"/home/wwwroot/zhcrm/application/Fox/Core/Utils/File/Permission.php","line":371} []
[2015-11-19 17:14:02] Fox.WARNING: E_WARNING: chgrp(): Operation not permitted {"file":"/home/wwwroot/zhcrm/application/Fox/Core/Utils/File/Permission.php","line":382} []
[2015-11-19 17:14:07] Fox.WARNING: E_WARNING: chown(): Operation not permitted {"file":"/home/wwwroot/zhcrm/application/Fox/Core/Utils/File/Permission.php","line":371} []
[2015-11-19 17:14:07] Fox.WARNING: E_WARNING: chgrp(): Operation not permitted {"file":"/home/wwwroot/zhcrm/application/Fox/Core/Utils/File/Permission.php","line":382} []
[2015-11-19 17:15:10] Fox.WARNING: E_WARNING: chown(): Operation not permitted {"file":"/home/wwwroot/zhcrm/application/Fox/Core/Utils/File/Permission.php","line":371} []
[2015-11-19 17:15:10] Fox.WARNING: E_WARNING: chgrp(): Operation not permitted {"file":"/home/wwwroot/zhcrm/application/Fox/Core/Utils/File/Permission.php","line":382} []
[2015-11-19 17:15:10] Fox.WARNING: E_WARNING: chown(): Operation not permitted {"file":"/home/wwwroot/zhcrm/application/Fox/Core/Utils/File/Permission.php","line":371} []
[2015-11-19 17:15:10] Fox.WARNING: E_WARNING: chgrp(): Operation not permitted {"file":"/home/wwwroot/zhcrm/application/Fox/Core/Utils/File/Permission.php","line":382} []
[2015-11-19 17:15:10] Fox.WARNING: E_WARNING: chown(): Operation not permitted {"file":"/home/wwwroot/zhcrm/application/Fox/Core/Utils/File/Permission.php","line":371} []
[2015-11-19 17:15:10] Fox.WARNING: E_WARNING: chgrp(): Operation not permitted {"file":"/home/wwwroot/zhcrm/application/Fox/Core/Utils/File/Permission.php","line":382} []
[2015-11-19 17:15:10] Fox.WARNING: E_WARNING: chown(): Operation not permitted {"file":"/home/wwwroot/zhcrm/application/Fox/Core/Utils/File/Permission.php","line":371} []
[2015-11-19 17:15:10] Fox.WARNING: E_WARNING: chgrp(): Operation not permitted {"file":"/home/wwwroot/zhcrm/application/Fox/Core/Utils/File/Permission.php","line":382} []
[2015-11-19 17:15:11] Fox.WARNING: E_WARNING: chown(): Operation not permitted {"file":"/home/wwwroot/zhcrm/application/Fox/Core/Utils/File/Permission.php","line":371} []
[2015-11-19 17:15:11] Fox.WARNING: E_WARNING: chgrp(): Operation not permitted {"file":"/home/wwwroot/zhcrm/application/Fox/Core/Utils/File/Permission.php","line":382} []
[2015-11-19 17:15:11] Fox.WARNING: E_WARNING: chown(): Operation not permitted {"file":"/home/wwwroot/zhcrm/application/Fox/Core/Utils/File/Permission.php","line":371} []
[2015-11-19 17:15:11] Fox.WARNING: E_WARNING: chgrp(): Operation not permitted {"file":"/home/wwwroot/zhcrm/application/Fox/Core/Utils/File/Permission.php","line":382} []
[2015-11-19 17:15:11] Fox.WARNING: E_WARNING: chown(): Operation not permitted {"file":"/home/wwwroot/zhcrm/application/Fox/Core/Utils/File/Permission.php","line":371} []
[2015-11-19 17:15:11] Fox.WARNING: E_WARNING: chgrp(): Operation not permitted {"file":"/home/wwwroot/zhcrm/application/Fox/Core/Utils/File/Permission.php","line":382} []
[2015-11-19 17:15:11] Fox.WARNING: E_WARNING: chown(): Operation not permitted {"file":"/home/wwwroot/zhcrm/application/Fox/Core/Utils/File/Permission.php","line":371} []
[2015-11-19 17:15:11] Fox.WARNING: E_WARNING: chgrp(): Operation not permitted {"file":"/home/wwwroot/zhcrm/application/Fox/Core/Utils/File/Permission.php","line":382} []
[2015-11-19 17:15:11] Fox.WARNING: E_WARNING: chown(): Operation not permitted {"file":"/home/wwwroot/zhcrm/application/Fox/Core/Utils/File/Permission.php","line":371} []
[2015-11-19 17:15:11] Fox.WARNING: E_WARNING: chgrp(): Operation not permitted {"file":"/home/wwwroot/zhcrm/application/Fox/Core/Utils/File/Permission.php","line":382} []
[2015-11-19 17:15:11] Fox.WARNING: E_WARNING: chown(): Operation not permitted {"file":"/home/wwwroot/zhcrm/application/Fox/Core/Utils/File/Permission.php","line":371} []
[2015-11-19 17:15:11] Fox.WARNING: E_WARNING: chgrp(): Operation not permitted {"file":"/home/wwwroot/zhcrm/application/Fox/Core/Utils/File/Permission.php","line":382} []
[2015-11-19 17:15:11] Fox.WARNING: E_WARNING: chown(): Operation not permitted {"file":"/home/wwwroot/zhcrm/application/Fox/Core/Utils/File/Permission.php","line":371} []
[2015-11-19 17:15:11] Fox.WARNING: E_WARNING: chgrp(): Operation not permitted {"file":"/home/wwwroot/zhcrm/application/Fox/Core/Utils/File/Permission.php","line":382} []
[2015-11-19 17:15:11] Fox.WARNING: E_WARNING: chown(): Operation not permitted {"file":"/home/wwwroot/zhcrm/application/Fox/Core/Utils/File/Permission.php","line":371} []
[2015-11-19 17:15:11] Fox.WARNING: E_WARNING: chgrp(): Operation not permitted {"file":"/home/wwwroot/zhcrm/application/Fox/Core/Utils/File/Permission.php","line":382} []
[2015-11-19 17:15:11] Fox.WARNING: E_WARNING: chown(): Operation not permitted {"file":"/home/wwwroot/zhcrm/application/Fox/Core/Utils/File/Permission.php","line":371} []
[2015-11-19 17:15:11] Fox.WARNING: E_WARNING: chgrp(): Operation not permitted {"file":"/home/wwwroot/zhcrm/application/Fox/Core/Utils/File/Permission.php","line":382} []
[2015-11-19 17:15:11] Fox.WARNING: E_WARNING: chown(): Operation not permitted {"file":"/home/wwwroot/zhcrm/application/Fox/Core/Utils/File/Permission.php","line":371} []
[2015-11-19 17:15:11] Fox.WARNING: E_WARNING: chgrp(): Operation not permitted {"file":"/home/wwwroot/zhcrm/application/Fox/Core/Utils/File/Permission.php","line":382} []
[2015-11-19 17:15:11] Fox.WARNING: E_WARNING: chown(): Operation not permitted {"file":"/home/wwwroot/zhcrm/application/Fox/Core/Utils/File/Permission.php","line":371} []
[2015-11-19 17:15:11] Fox.WARNING: E_WARNING: chgrp(): Operation not permitted {"file":"/home/wwwroot/zhcrm/application/Fox/Core/Utils/File/Permission.php","line":382} []
[2015-11-19 17:15:11] Fox.WARNING: E_WARNING: chown(): Operation not permitted {"file":"/home/wwwroot/zhcrm/application/Fox/Core/Utils/File/Permission.php","line":371} []
[2015-11-19 17:15:11] Fox.WARNING: E_WARNING: chgrp(): Operation not permitted {"file":"/home/wwwroot/zhcrm/application/Fox/Core/Utils/File/Permission.php","line":382} []
[2015-11-19 17:15:11] Fox.WARNING: E_WARNING: chown(): Operation not permitted {"file":"/home/wwwroot/zhcrm/application/Fox/Core/Utils/File/Permission.php","line":371} []
[2015-11-19 17:15:11] Fox.WARNING: E_WARNING: chgrp(): Operation not permitted {"file":"/home/wwwroot/zhcrm/application/Fox/Core/Utils/File/Permission.php","line":382} []
[2015-11-19 17:15:11] Fox.WARNING: E_WARNING: chown(): Operation not permitted {"file":"/home/wwwroot/zhcrm/application/Fox/Core/Utils/File/Permission.php","line":371} []
[2015-11-19 17:15:11] Fox.WARNING: E_WARNING: chgrp(): Operation not permitted {"file":"/home/wwwroot/zhcrm/application/Fox/Core/Utils/File/Permission.php","line":382} []
[2015-11-19 17:15:11] Fox.WARNING: E_WARNING: chown(): Operation not permitted {"file":"/home/wwwroot/zhcrm/application/Fox/Core/Utils/File/Permission.php","line":371} []
[2015-11-19 17:15:11] Fox.WARNING: E_WARNING: chgrp(): Operation not permitted {"file":"/home/wwwroot/zhcrm/application/Fox/Core/Utils/File/Permission.php","line":382} []
[2015-11-19 17:15:11] Fox.WARNING: E_WARNING: chown(): Operation not permitted {"file":"/home/wwwroot/zhcrm/application/Fox/Core/Utils/File/Permission.php","line":371} []
[2015-11-19 17:15:11] Fox.WARNING: E_WARNING: chgrp(): Operation not permitted {"file":"/home/wwwroot/zhcrm/application/Fox/Core/Utils/File/Permission.php","line":382} []
[2015-11-19 17:15:11] Fox.WARNING: E_WARNING: chown(): Operation not permitted {"file":"/home/wwwroot/zhcrm/application/Fox/Core/Utils/File/Permission.php","line":371} []
[2015-11-19 17:15:11] Fox.WARNING: E_WARNING: chgrp(): Operation not permitted {"file":"/home/wwwroot/zhcrm/application/Fox/Core/Utils/File/Permission.php","line":382} []
[2015-11-19 17:15:11] Fox.WARNING: E_WARNING: chown(): Operation not permitted {"file":"/home/wwwroot/zhcrm/application/Fox/Core/Utils/File/Permission.php","line":371} []
[2015-11-19 17:15:11] Fox.WARNING: E_WARNING: chgrp(): Operation not permitted {"file":"/home/wwwroot/zhcrm/application/Fox/Core/Utils/File/Permission.php","line":382} []
[2015-11-19 17:15:12] Fox.WARNING: E_WARNING: chown(): Operation not permitted {"file":"/home/wwwroot/zhcrm/application/Fox/Core/Utils/File/Permission.php","line":371} []
[2015-11-19 17:15:12] Fox.WARNING: E_WARNING: chgrp(): Operation not permitted {"file":"/home/wwwroot/zhcrm/application/Fox/Core/Utils/File/Permission.php","line":382} []
[2015-11-19 17:15:15] Fox.WARNING: E_WARNING: chown(): Operation not permitted {"file":"/home/wwwroot/zhcrm/application/Fox/Core/Utils/File/Permission.php","line":371} []
[2015-11-19 17:15:15] Fox.WARNING: E_WARNING: chgrp(): Operation not permitted {"file":"/home/wwwroot/zhcrm/application/Fox/Core/Utils/File/Permission.php","line":382} []
[2015-11-19 17:15:59] Fox.WARNING: E_WARNING: chown(): Operation not permitted {"file":"/home/wwwroot/zhcrm/application/Fox/Core/Utils/File/Permission.php","line":371} []
[2015-11-19 17:15:59] Fox.WARNING: E_WARNING: chgrp(): Operation not permitted {"file":"/home/wwwroot/zhcrm/application/Fox/Core/Utils/File/Permission.php","line":382} []
[2015-11-19 17:15:59] Fox.WARNING: E_WARNING: chown(): Operation not permitted {"file":"/home/wwwroot/zhcrm/application/Fox/Core/Utils/File/Permission.php","line":371} []
[2015-11-19 17:15:59] Fox.WARNING: E_WARNING: chgrp(): Operation not permitted {"file":"/home/wwwroot/zhcrm/application/Fox/Core/Utils/File/Permission.php","line":382} []
[2015-11-19 17:15:59] Fox.WARNING: E_WARNING: chown(): Operation not permitted {"file":"/home/wwwroot/zhcrm/application/Fox/Core/Utils/File/Permission.php","line":371} []
[2015-11-19 17:15:59] Fox.WARNING: E_WARNING: chgrp(): Operation not permitted {"file":"/home/wwwroot/zhcrm/application/Fox/Core/Utils/File/Permission.php","line":382} []
[2015-11-19 17:15:59] Fox.WARNING: E_WARNING: chown(): Operation not permitted {"file":"/home/wwwroot/zhcrm/application/Fox/Core/Utils/File/Permission.php","line":371} []
[2015-11-19 17:15:59] Fox.WARNING: E_WARNING: chgrp(): Operation not permitted {"file":"/home/wwwroot/zhcrm/application/Fox/Core/Utils/File/Permission.php","line":382} []
[2015-11-19 17:16:00] Fox.WARNING: E_WARNING: chown(): Operation not permitted {"file":"/home/wwwroot/zhcrm/application/Fox/Core/Utils/File/Permission.php","line":371} []
[2015-11-19 17:16:00] Fox.WARNING: E_WARNING: chgrp(): Operation not permitted {"file":"/home/wwwroot/zhcrm/application/Fox/Core/Utils/File/Permission.php","line":382} []
[2015-11-19 17:16:00] Fox.WARNING: E_WARNING: chown(): Operation not permitted {"file":"/home/wwwroot/zhcrm/application/Fox/Core/Utils/File/Permission.php","line":371} []
[2015-11-19 17:16:00] Fox.WARNING: E_WARNING: chgrp(): Operation not permitted {"file":"/home/wwwroot/zhcrm/application/Fox/Core/Utils/File/Permission.php","line":382} []
[2015-11-19 17:16:00] Fox.WARNING: E_WARNING: chown(): Operation not permitted {"file":"/home/wwwroot/zhcrm/application/Fox/Core/Utils/File/Permission.php","line":371} []
[2015-11-19 17:16:00] Fox.WARNING: E_WARNING: chgrp(): Operation not permitted {"file":"/home/wwwroot/zhcrm/application/Fox/Core/Utils/File/Permission.php","line":382} []
[2015-11-19 17:16:00] Fox.WARNING: E_WARNING: chown(): Operation not permitted {"file":"/home/wwwroot/zhcrm/application/Fox/Core/Utils/File/Permission.php","line":371} []
[2015-11-19 17:16:00] Fox.WARNING: E_WARNING: chgrp(): Operation not permitted {"file":"/home/wwwroot/zhcrm/application/Fox/Core/Utils/File/Permission.php","line":382} []
[2015-11-19 17:16:00] Fox.WARNING: E_WARNING: chown(): Operation not permitted {"file":"/home/wwwroot/zhcrm/application/Fox/Core/Utils/File/Permission.php","line":371} []
[2015-11-19 17:16:00] Fox.WARNING: E_WARNING: chgrp(): Operation not permitted {"file":"/home/wwwroot/zhcrm/application/Fox/Core/Utils/File/Permission.php","line":382} []
[2015-11-19 17:16:00] Fox.WARNING: E_WARNING: chown(): Operation not permitted {"file":"/home/wwwroot/zhcrm/application/Fox/Core/Utils/File/Permission.php","line":371} []
[2015-11-19 17:16:00] Fox.WARNING: E_WARNING: chgrp(): Operation not permitted {"file":"/home/wwwroot/zhcrm/application/Fox/Core/Utils/File/Permission.php","line":382} []
[2015-11-19 17:16:00] Fox.WARNING: E_WARNING: chown(): Operation not permitted {"file":"/home/wwwroot/zhcrm/application/Fox/Core/Utils/File/Permission.php","line":371} []
[2015-11-19 17:16:00] Fox.WARNING: E_WARNING: chgrp(): Operation not permitted {"file":"/home/wwwroot/zhcrm/application/Fox/Core/Utils/File/Permission.php","line":382} []
[2015-11-19 17:16:00] Fox.WARNING: E_WARNING: chown(): Operation not permitted {"file":"/home/wwwroot/zhcrm/application/Fox/Core/Utils/File/Permission.php","line":371} []
[2015-11-19 17:16:00] Fox.WARNING: E_WARNING: chgrp(): Operation not permitted {"file":"/home/wwwroot/zhcrm/application/Fox/Core/Utils/File/Permission.php","line":382} []
[2015-11-19 17:16:00] Fox.WARNING: E_WARNING: chown(): Operation not permitted {"file":"/home/wwwroot/zhcrm/application/Fox/Core/Utils/File/Permission.php","line":371} []
[2015-11-19 17:16:00] Fox.WARNING: E_WARNING: chgrp(): Operation not permitted {"file":"/home/wwwroot/zhcrm/application/Fox/Core/Utils/File/Permission.php","line":382} []
[2015-11-19 17:16:00] Fox.WARNING: E_WARNING: chown(): Operation not permitted {"file":"/home/wwwroot/zhcrm/application/Fox/Core/Utils/File/Permission.php","line":371} []
[2015-11-19 17:16:00] Fox.WARNING: E_WARNING: chgrp(): Operation not permitted {"file":"/home/wwwroot/zhcrm/application/Fox/Core/Utils/File/Permission.php","line":382} []
[2015-11-19 17:16:00] Fox.WARNING: E_WARNING: chown(): Operation not permitted {"file":"/home/wwwroot/zhcrm/application/Fox/Core/Utils/File/Permission.php","line":371} []
[2015-11-19 17:16:00] Fox.WARNING: E_WARNING: chgrp(): Operation not permitted {"file":"/home/wwwroot/zhcrm/application/Fox/Core/Utils/File/Permission.php","line":382} []
[2015-11-19 17:16:00] Fox.WARNING: E_WARNING: chown(): Operation not permitted {"file":"/home/wwwroot/zhcrm/application/Fox/Core/Utils/File/Permission.php","line":371} []
[2015-11-19 17:16:00] Fox.WARNING: E_WARNING: chgrp(): Operation not permitted {"file":"/home/wwwroot/zhcrm/application/Fox/Core/Utils/File/Permission.php","line":382} []
[2015-11-19 17:16:00] Fox.WARNING: E_WARNING: chown(): Operation not permitted {"file":"/home/wwwroot/zhcrm/application/Fox/Core/Utils/File/Permission.php","line":371} []
[2015-11-19 17:16:00] Fox.WARNING: E_WARNING: chgrp(): Operation not permitted {"file":"/home/wwwroot/zhcrm/application/Fox/Core/Utils/File/Permission.php","line":382} []
[2015-11-19 17:16:00] Fox.WARNING: E_WARNING: chown(): Operation not permitted {"file":"/home/wwwroot/zhcrm/application/Fox/Core/Utils/File/Permission.php","line":371} []
[2015-11-19 17:16:00] Fox.WARNING: E_WARNING: chgrp(): Operation not permitted {"file":"/home/wwwroot/zhcrm/application/Fox/Core/Utils/File/Permission.php","line":382} []
[2015-11-19 17:16:00] Fox.WARNING: E_WARNING: chown(): Operation not permitted {"file":"/home/wwwroot/zhcrm/application/Fox/Core/Utils/File/Permission.php","line":371} []
[2015-11-19 17:16:00] Fox.WARNING: E_WARNING: chgrp(): Operation not permitted {"file":"/home/wwwroot/zhcrm/application/Fox/Core/Utils/File/Permission.php","line":382} []
[2015-11-19 17:16:00] Fox.WARNING: E_WARNING: chown(): Operation not permitted {"file":"/home/wwwroot/zhcrm/application/Fox/Core/Utils/File/Permission.php","line":371} []
[2015-11-19 17:16:00] Fox.WARNING: E_WARNING: chgrp(): Operation not permitted {"file":"/home/wwwroot/zhcrm/application/Fox/Core/Utils/File/Permission.php","line":382} []
[2015-11-19 17:16:00] Fox.WARNING: E_WARNING: chown(): Operation not permitted {"file":"/home/wwwroot/zhcrm/application/Fox/Core/Utils/File/Permission.php","line":371} []
[2015-11-19 17:16:00] Fox.WARNING: E_WARNING: chgrp(): Operation not permitted {"file":"/home/wwwroot/zhcrm/application/Fox/Core/Utils/File/Permission.php","line":382} []
[2015-11-19 17:16:00] Fox.WARNING: E_WARNING: chown(): Operation not permitted {"file":"/home/wwwroot/zhcrm/application/Fox/Core/Utils/File/Permission.php","line":371} []
[2015-11-19 17:16:00] Fox.WARNING: E_WARNING: chgrp(): Operation not permitted {"file":"/home/wwwroot/zhcrm/application/Fox/Core/Utils/File/Permission.php","line":382} []
[2015-11-19 17:16:00] Fox.WARNING: E_WARNING: chown(): Operation not permitted {"file":"/home/wwwroot/zhcrm/application/Fox/Core/Utils/File/Permission.php","line":371} []
[2015-11-19 17:16:00] Fox.WARNING: E_WARNING: chgrp(): Operation not permitted {"file":"/home/wwwroot/zhcrm/application/Fox/Core/Utils/File/Permission.php","line":382} []
[2015-11-19 17:16:03] Fox.WARNING: E_WARNING: chown(): Operation not permitted {"file":"/home/wwwroot/zhcrm/application/Fox/Core/Utils/File/Permission.php","line":371} []
[2015-11-19 17:16:03] Fox.WARNING: E_WARNING: chgrp(): Operation not permitted {"file":"/home/wwwroot/zhcrm/application/Fox/Core/Utils/File/Permission.php","line":382} []
[2015-11-19 17:20:54] Fox.WARNING: E_WARNING: chown(): Operation not permitted {"file":"/home/wwwroot/zhcrm/application/Fox/Core/Utils/File/Permission.php","line":371} []
[2015-11-19 17:20:54] Fox.WARNING: E_WARNING: chgrp(): Operation not permitted {"file":"/home/wwwroot/zhcrm/application/Fox/Core/Utils/File/Permission.php","line":382} []
[2015-11-19 17:20:54] Fox.WARNING: E_WARNING: Illegal offset type in isset or empty {"file":"/home/wwwroot/zhcrm/application/Fox/ORM/DB/Query/Base.php","line":305} []
[2015-11-19 17:20:54] Fox.WARNING: E_WARNING: Illegal offset type in isset or empty {"file":"/home/wwwroot/zhcrm/application/Fox/ORM/DB/Query/Base.php","line":305} []
[2015-11-19 17:20:57] Fox.ERROR: API [GET]:/:controller/:id, Params:Array
(
    [controller] => Preferences
    [id] => 1
)
, InputData:  -  [] []
[2015-11-19 17:20:57] Fox.ERROR: Display Error: , Code: 403 URL: /api/v1/Preferences/1 [] []
[2015-11-19 17:21:06] Fox.WARNING: E_WARNING: Illegal offset type in isset or empty {"file":"/home/wwwroot/zhcrm/application/Fox/ORM/DB/Query/Base.php","line":305} []
[2015-11-19 17:21:06] Fox.WARNING: E_WARNING: Illegal offset type in isset or empty {"file":"/home/wwwroot/zhcrm/application/Fox/ORM/DB/Query/Base.php","line":305} []
[2015-11-19 17:21:08] Fox.ERROR: API [GET]:/Activities/:scope/:id/:name, Params:Array
(
    [scope] => User
    [id] => 1
    [name] => activities
)
, InputData:  -  [] []
[2015-11-19 17:21:08] Fox.ERROR: Display Error: , Code: 403 URL: /api/v1/Activities/User/1/activities?maxSize=5&offset=0&sortBy=dateStart&asc=false&where%5B%5D=false [] []
[2015-11-19 17:21:08] Fox.ERROR: API [GET]:/Activities/:scope/:id/:name, Params:Array
(
    [scope] => User
    [id] => 1
    [name] => history
)
, InputData:  -  [] []
[2015-11-19 17:21:08] Fox.ERROR: Display Error: , Code: 403 URL: /api/v1/Activities/User/1/history?maxSize=5&offset=0&sortBy=dateStart&asc=false&where%5B%5D=false [] []
