[2015-11-02 02:42:28] Fox.WARNING: E_WARNING: scandir() has been disabled for security reasons {"file":"/home/wwwroot/zhcrm/application/Fox/Core/Utils/File/Manager.php","line":52} []
[2015-11-02 02:42:28] Fox.WARNING: E_WARNING: Invalid argument supplied for foreach() {"file":"/home/wwwroot/zhcrm/application/Fox/Core/Utils/File/Manager.php","line":53} []
[2015-11-02 02:42:28] Fox.WARNING: E_WARNING: scandir() has been disabled for security reasons {"file":"/home/wwwroot/zhcrm/application/Fox/Core/Utils/File/Manager.php","line":52} []
[2015-11-02 02:42:28] Fox.WARNING: E_WARNING: Invalid argument supplied for foreach() {"file":"/home/wwwroot/zhcrm/application/Fox/Core/Utils/File/Manager.php","line":53} []
[2015-11-02 02:42:28] Fox.WARNING: E_WARNING: scandir() has been disabled for security reasons {"file":"/home/wwwroot/zhcrm/application/Fox/Core/Utils/File/Manager.php","line":52} []
[2015-11-02 02:42:28] Fox.WARNING: E_WARNING: Invalid argument supplied for foreach() {"file":"/home/wwwroot/zhcrm/application/Fox/Core/Utils/File/Manager.php","line":53} []
[2015-11-02 02:42:28] Fox.ERROR: API [GET]:/I18n, Params:Array
(
)
, InputData:  - Language: current language [en_US] does not found [] []
[2015-11-02 02:42:28] Fox.ERROR: Display Error: Language: current language [en_US] does not found, Code: 500 URL: /api/v1/I18n [] []
[2015-11-02 02:42:48] Fox.WARNING: E_WARNING: scandir() has been disabled for security reasons {"file":"/home/wwwroot/zhcrm/application/Fox/Core/Utils/File/Manager.php","line":52} []
[2015-11-02 02:42:48] Fox.WARNING: E_WARNING: Invalid argument supplied for foreach() {"file":"/home/wwwroot/zhcrm/application/Fox/Core/Utils/File/Manager.php","line":53} []
[2015-11-02 02:42:48] Fox.WARNING: E_WARNING: scandir() has been disabled for security reasons {"file":"/home/wwwroot/zhcrm/application/Fox/Core/Utils/File/Manager.php","line":52} []
[2015-11-02 02:42:48] Fox.WARNING: E_WARNING: Invalid argument supplied for foreach() {"file":"/home/wwwroot/zhcrm/application/Fox/Core/Utils/File/Manager.php","line":53} []
[2015-11-02 02:42:48] Fox.WARNING: E_WARNING: scandir() has been disabled for security reasons {"file":"/home/wwwroot/zhcrm/application/Fox/Core/Utils/File/Manager.php","line":52} []
[2015-11-02 02:42:48] Fox.WARNING: E_WARNING: Invalid argument supplied for foreach() {"file":"/home/wwwroot/zhcrm/application/Fox/Core/Utils/File/Manager.php","line":53} []
[2015-11-02 02:42:48] Fox.ERROR: API [GET]:/I18n, Params:Array
(
)
, InputData:  - Language: current language [en_US] does not found [] []
[2015-11-02 02:42:48] Fox.ERROR: Display Error: Language: current language [en_US] does not found, Code: 500 URL: /api/v1/I18n [] []
[2015-11-02 02:43:37] Fox.WARNING: E_WARNING: chown(): Operation not permitted {"file":"/home/wwwroot/zhcrm/application/Fox/Core/Utils/File/Permission.php","line":371} []
[2015-11-02 02:43:37] Fox.WARNING: E_WARNING: chgrp(): Operation not permitted {"file":"/home/wwwroot/zhcrm/application/Fox/Core/Utils/File/Permission.php","line":382} []
[2015-11-02 02:43:37] Fox.WARNING: E_WARNING: chown(): Operation not permitted {"file":"/home/wwwroot/zhcrm/application/Fox/Core/Utils/File/Permission.php","line":371} []
[2015-11-02 02:43:37] Fox.WARNING: E_WARNING: chgrp(): Operation not permitted {"file":"/home/wwwroot/zhcrm/application/Fox/Core/Utils/File/Permission.php","line":382} []
[2015-11-02 02:43:37] Fox.WARNING: E_WARNING: chown(): Operation not permitted {"file":"/home/wwwroot/zhcrm/application/Fox/Core/Utils/File/Permission.php","line":371} []
[2015-11-02 02:43:37] Fox.WARNING: E_WARNING: chgrp(): Operation not permitted {"file":"/home/wwwroot/zhcrm/application/Fox/Core/Utils/File/Permission.php","line":382} []
[2015-11-02 02:43:37] Fox.WARNING: E_WARNING: chown(): Operation not permitted {"file":"/home/wwwroot/zhcrm/application/Fox/Core/Utils/File/Permission.php","line":371} []
[2015-11-02 02:43:37] Fox.WARNING: E_WARNING: chgrp(): Operation not permitted {"file":"/home/wwwroot/zhcrm/application/Fox/Core/Utils/File/Permission.php","line":382} []
[2015-11-02 02:43:37] Fox.WARNING: E_WARNING: chown(): Operation not permitted {"file":"/home/wwwroot/zhcrm/application/Fox/Core/Utils/File/Permission.php","line":371} []
[2015-11-02 02:43:37] Fox.WARNING: E_WARNING: chgrp(): Operation not permitted {"file":"/home/wwwroot/zhcrm/application/Fox/Core/Utils/File/Permission.php","line":382} []
[2015-11-02 02:43:37] Fox.WARNING: E_WARNING: chown(): Operation not permitted {"file":"/home/wwwroot/zhcrm/application/Fox/Core/Utils/File/Permission.php","line":371} []
[2015-11-02 02:43:37] Fox.WARNING: E_WARNING: chgrp(): Operation not permitted {"file":"/home/wwwroot/zhcrm/application/Fox/Core/Utils/File/Permission.php","line":382} []
[2015-11-02 02:43:37] Fox.WARNING: E_WARNING: chown(): Operation not permitted {"file":"/home/wwwroot/zhcrm/application/Fox/Core/Utils/File/Permission.php","line":371} []
[2015-11-02 02:43:37] Fox.WARNING: E_WARNING: chgrp(): Operation not permitted {"file":"/home/wwwroot/zhcrm/application/Fox/Core/Utils/File/Permission.php","line":382} []
[2015-11-02 02:43:37] Fox.WARNING: E_WARNING: chown(): Operation not permitted {"file":"/home/wwwroot/zhcrm/application/Fox/Core/Utils/File/Permission.php","line":371} []
[2015-11-02 02:43:37] Fox.WARNING: E_WARNING: chgrp(): Operation not permitted {"file":"/home/wwwroot/zhcrm/application/Fox/Core/Utils/File/Permission.php","line":382} []
[2015-11-02 02:43:37] Fox.WARNING: E_WARNING: chown(): Operation not permitted {"file":"/home/wwwroot/zhcrm/application/Fox/Core/Utils/File/Permission.php","line":371} []
[2015-11-02 02:43:37] Fox.WARNING: E_WARNING: chgrp(): Operation not permitted {"file":"/home/wwwroot/zhcrm/application/Fox/Core/Utils/File/Permission.php","line":382} []
[2015-11-02 02:43:37] Fox.WARNING: E_WARNING: chown(): Operation not permitted {"file":"/home/wwwroot/zhcrm/application/Fox/Core/Utils/File/Permission.php","line":371} []
[2015-11-02 02:43:37] Fox.WARNING: E_WARNING: chgrp(): Operation not permitted {"file":"/home/wwwroot/zhcrm/application/Fox/Core/Utils/File/Permission.php","line":382} []
[2015-11-02 02:43:37] Fox.WARNING: E_WARNING: chown(): Operation not permitted {"file":"/home/wwwroot/zhcrm/application/Fox/Core/Utils/File/Permission.php","line":371} []
[2015-11-02 02:43:37] Fox.WARNING: E_WARNING: chgrp(): Operation not permitted {"file":"/home/wwwroot/zhcrm/application/Fox/Core/Utils/File/Permission.php","line":382} []
[2015-11-02 02:43:37] Fox.WARNING: E_WARNING: chown(): Operation not permitted {"file":"/home/wwwroot/zhcrm/application/Fox/Core/Utils/File/Permission.php","line":371} []
[2015-11-02 02:43:37] Fox.WARNING: E_WARNING: chgrp(): Operation not permitted {"file":"/home/wwwroot/zhcrm/application/Fox/Core/Utils/File/Permission.php","line":382} []
[2015-11-02 02:43:37] Fox.WARNING: E_WARNING: chown(): Operation not permitted {"file":"/home/wwwroot/zhcrm/application/Fox/Core/Utils/File/Permission.php","line":371} []
[2015-11-02 02:43:37] Fox.WARNING: E_WARNING: chgrp(): Operation not permitted {"file":"/home/wwwroot/zhcrm/application/Fox/Core/Utils/File/Permission.php","line":382} []
[2015-11-02 02:43:37] Fox.WARNING: E_WARNING: chown(): Operation not permitted {"file":"/home/wwwroot/zhcrm/application/Fox/Core/Utils/File/Permission.php","line":371} []
[2015-11-02 02:43:37] Fox.WARNING: E_WARNING: chgrp(): Operation not permitted {"file":"/home/wwwroot/zhcrm/application/Fox/Core/Utils/File/Permission.php","line":382} []
[2015-11-02 02:43:41] Fox.WARNING: E_WARNING: chown(): Operation not permitted {"file":"/home/wwwroot/zhcrm/application/Fox/Core/Utils/File/Permission.php","line":371} []
[2015-11-02 02:43:41] Fox.WARNING: E_WARNING: chgrp(): Operation not permitted {"file":"/home/wwwroot/zhcrm/application/Fox/Core/Utils/File/Permission.php","line":382} []
[2015-11-02 02:43:41] Fox.WARNING: E_WARNING: chown(): Operation not permitted {"file":"/home/wwwroot/zhcrm/application/Fox/Core/Utils/File/Permission.php","line":371} []
[2015-11-02 02:43:41] Fox.WARNING: E_WARNING: chgrp(): Operation not permitted {"file":"/home/wwwroot/zhcrm/application/Fox/Core/Utils/File/Permission.php","line":382} []
[2015-11-02 03:52:19] Fox.WARNING: E_WARNING: chown(): Operation not permitted {"file":"/home/wwwroot/zhcrm/application/Fox/Core/Utils/File/Permission.php","line":371} []
[2015-11-02 03:52:19] Fox.WARNING: E_WARNING: chgrp(): Operation not permitted {"file":"/home/wwwroot/zhcrm/application/Fox/Core/Utils/File/Permission.php","line":382} []
[2015-11-02 03:52:38] Fox.WARNING: E_WARNING: chown(): Operation not permitted {"file":"/home/wwwroot/zhcrm/application/Fox/Core/Utils/File/Permission.php","line":371} []
[2015-11-02 03:52:38] Fox.WARNING: E_WARNING: chgrp(): Operation not permitted {"file":"/home/wwwroot/zhcrm/application/Fox/Core/Utils/File/Permission.php","line":382} []
[2015-11-02 03:52:38] Fox.WARNING: E_WARNING: chown(): Operation not permitted {"file":"/home/wwwroot/zhcrm/application/Fox/Core/Utils/File/Permission.php","line":371} []
[2015-11-02 03:52:38] Fox.WARNING: E_WARNING: chgrp(): Operation not permitted {"file":"/home/wwwroot/zhcrm/application/Fox/Core/Utils/File/Permission.php","line":382} []
[2015-11-02 03:52:38] Fox.WARNING: E_WARNING: chown(): Operation not permitted {"file":"/home/wwwroot/zhcrm/application/Fox/Core/Utils/File/Permission.php","line":371} []
[2015-11-02 03:52:38] Fox.WARNING: E_WARNING: chgrp(): Operation not permitted {"file":"/home/wwwroot/zhcrm/application/Fox/Core/Utils/File/Permission.php","line":382} []
[2015-11-02 03:52:38] Fox.WARNING: E_WARNING: chown(): Operation not permitted {"file":"/home/wwwroot/zhcrm/application/Fox/Core/Utils/File/Permission.php","line":371} []
[2015-11-02 03:52:38] Fox.WARNING: E_WARNING: chgrp(): Operation not permitted {"file":"/home/wwwroot/zhcrm/application/Fox/Core/Utils/File/Permission.php","line":382} []
[2015-11-02 03:52:38] Fox.WARNING: E_WARNING: chown(): Operation not permitted {"file":"/home/wwwroot/zhcrm/application/Fox/Core/Utils/File/Permission.php","line":371} []
[2015-11-02 03:52:38] Fox.WARNING: E_WARNING: chgrp(): Operation not permitted {"file":"/home/wwwroot/zhcrm/application/Fox/Core/Utils/File/Permission.php","line":382} []
[2015-11-02 03:52:38] Fox.WARNING: E_WARNING: chown(): Operation not permitted {"file":"/home/wwwroot/zhcrm/application/Fox/Core/Utils/File/Permission.php","line":371} []
[2015-11-02 03:52:38] Fox.WARNING: E_WARNING: chgrp(): Operation not permitted {"file":"/home/wwwroot/zhcrm/application/Fox/Core/Utils/File/Permission.php","line":382} []
[2015-11-02 03:52:38] Fox.WARNING: E_WARNING: chown(): Operation not permitted {"file":"/home/wwwroot/zhcrm/application/Fox/Core/Utils/File/Permission.php","line":371} []
[2015-11-02 03:52:38] Fox.WARNING: E_WARNING: chgrp(): Operation not permitted {"file":"/home/wwwroot/zhcrm/application/Fox/Core/Utils/File/Permission.php","line":382} []
[2015-11-02 03:52:39] Fox.WARNING: E_WARNING: chown(): Operation not permitted {"file":"/home/wwwroot/zhcrm/application/Fox/Core/Utils/File/Permission.php","line":371} []
[2015-11-02 03:52:39] Fox.WARNING: E_WARNING: chgrp(): Operation not permitted {"file":"/home/wwwroot/zhcrm/application/Fox/Core/Utils/File/Permission.php","line":382} []
[2015-11-02 04:00:16] Fox.WARNING: E_WARNING: chown(): Operation not permitted {"file":"/home/wwwroot/zhcrm/application/Fox/Core/Utils/File/Permission.php","line":371} []
[2015-11-02 04:00:16] Fox.WARNING: E_WARNING: chgrp(): Operation not permitted {"file":"/home/wwwroot/zhcrm/application/Fox/Core/Utils/File/Permission.php","line":382} []
[2015-11-02 04:00:16] Fox.WARNING: E_WARNING: chown(): Operation not permitted {"file":"/home/wwwroot/zhcrm/application/Fox/Core/Utils/File/Permission.php","line":371} []
[2015-11-02 04:00:16] Fox.WARNING: E_WARNING: chgrp(): Operation not permitted {"file":"/home/wwwroot/zhcrm/application/Fox/Core/Utils/File/Permission.php","line":382} []
[2015-11-02 04:00:16] Fox.WARNING: E_WARNING: chown(): Operation not permitted {"file":"/home/wwwroot/zhcrm/application/Fox/Core/Utils/File/Permission.php","line":371} []
[2015-11-02 04:00:16] Fox.WARNING: E_WARNING: chgrp(): Operation not permitted {"file":"/home/wwwroot/zhcrm/application/Fox/Core/Utils/File/Permission.php","line":382} []
[2015-11-02 04:00:16] Fox.WARNING: E_WARNING: chown(): Operation not permitted {"file":"/home/wwwroot/zhcrm/application/Fox/Core/Utils/File/Permission.php","line":371} []
[2015-11-02 04:00:16] Fox.WARNING: E_WARNING: chgrp(): Operation not permitted {"file":"/home/wwwroot/zhcrm/application/Fox/Core/Utils/File/Permission.php","line":382} []
[2015-11-02 04:00:16] Fox.WARNING: E_WARNING: chown(): Operation not permitted {"file":"/home/wwwroot/zhcrm/application/Fox/Core/Utils/File/Permission.php","line":371} []
[2015-11-02 04:00:16] Fox.WARNING: E_WARNING: chgrp(): Operation not permitted {"file":"/home/wwwroot/zhcrm/application/Fox/Core/Utils/File/Permission.php","line":382} []
[2015-11-02 04:00:16] Fox.WARNING: E_WARNING: chown(): Operation not permitted {"file":"/home/wwwroot/zhcrm/application/Fox/Core/Utils/File/Permission.php","line":371} []
[2015-11-02 04:00:16] Fox.WARNING: E_WARNING: chgrp(): Operation not permitted {"file":"/home/wwwroot/zhcrm/application/Fox/Core/Utils/File/Permission.php","line":382} []
[2015-11-02 04:00:16] Fox.WARNING: E_WARNING: chown(): Operation not permitted {"file":"/home/wwwroot/zhcrm/application/Fox/Core/Utils/File/Permission.php","line":371} []
[2015-11-02 04:00:16] Fox.WARNING: E_WARNING: chgrp(): Operation not permitted {"file":"/home/wwwroot/zhcrm/application/Fox/Core/Utils/File/Permission.php","line":382} []
[2015-11-02 04:00:16] Fox.WARNING: E_WARNING: chown(): Operation not permitted {"file":"/home/wwwroot/zhcrm/application/Fox/Core/Utils/File/Permission.php","line":371} []
[2015-11-02 04:00:16] Fox.WARNING: E_WARNING: chgrp(): Operation not permitted {"file":"/home/wwwroot/zhcrm/application/Fox/Core/Utils/File/Permission.php","line":382} []
[2015-11-02 04:00:16] Fox.WARNING: E_WARNING: chown(): Operation not permitted {"file":"/home/wwwroot/zhcrm/application/Fox/Core/Utils/File/Permission.php","line":371} []
[2015-11-02 04:00:16] Fox.WARNING: E_WARNING: chgrp(): Operation not permitted {"file":"/home/wwwroot/zhcrm/application/Fox/Core/Utils/File/Permission.php","line":382} []
[2015-11-02 04:00:16] Fox.WARNING: E_WARNING: chown(): Operation not permitted {"file":"/home/wwwroot/zhcrm/application/Fox/Core/Utils/File/Permission.php","line":371} []
[2015-11-02 04:00:16] Fox.WARNING: E_WARNING: chgrp(): Operation not permitted {"file":"/home/wwwroot/zhcrm/application/Fox/Core/Utils/File/Permission.php","line":382} []
[2015-11-02 04:00:16] Fox.WARNING: E_WARNING: chown(): Operation not permitted {"file":"/home/wwwroot/zhcrm/application/Fox/Core/Utils/File/Permission.php","line":371} []
[2015-11-02 04:00:16] Fox.WARNING: E_WARNING: chgrp(): Operation not permitted {"file":"/home/wwwroot/zhcrm/application/Fox/Core/Utils/File/Permission.php","line":382} []
[2015-11-02 04:00:16] Fox.WARNING: E_WARNING: chown(): Operation not permitted {"file":"/home/wwwroot/zhcrm/application/Fox/Core/Utils/File/Permission.php","line":371} []
[2015-11-02 04:00:16] Fox.WARNING: E_WARNING: chgrp(): Operation not permitted {"file":"/home/wwwroot/zhcrm/application/Fox/Core/Utils/File/Permission.php","line":382} []
[2015-11-02 04:00:16] Fox.WARNING: E_WARNING: chown(): Operation not permitted {"file":"/home/wwwroot/zhcrm/application/Fox/Core/Utils/File/Permission.php","line":371} []
[2015-11-02 04:00:16] Fox.WARNING: E_WARNING: chgrp(): Operation not permitted {"file":"/home/wwwroot/zhcrm/application/Fox/Core/Utils/File/Permission.php","line":382} []
[2015-11-02 04:00:16] Fox.WARNING: E_WARNING: chown(): Operation not permitted {"file":"/home/wwwroot/zhcrm/application/Fox/Core/Utils/File/Permission.php","line":371} []
[2015-11-02 04:00:16] Fox.WARNING: E_WARNING: chgrp(): Operation not permitted {"file":"/home/wwwroot/zhcrm/application/Fox/Core/Utils/File/Permission.php","line":382} []
[2015-11-02 04:00:21] Fox.WARNING: E_WARNING: chown(): Operation not permitted {"file":"/home/wwwroot/zhcrm/application/Fox/Core/Utils/File/Permission.php","line":371} []
[2015-11-02 04:00:21] Fox.WARNING: E_WARNING: chgrp(): Operation not permitted {"file":"/home/wwwroot/zhcrm/application/Fox/Core/Utils/File/Permission.php","line":382} []
[2015-11-02 04:00:21] Fox.WARNING: E_WARNING: chown(): Operation not permitted {"file":"/home/wwwroot/zhcrm/application/Fox/Core/Utils/File/Permission.php","line":371} []
[2015-11-02 04:00:21] Fox.WARNING: E_WARNING: chgrp(): Operation not permitted {"file":"/home/wwwroot/zhcrm/application/Fox/Core/Utils/File/Permission.php","line":382} []
[2015-11-02 05:20:08] Fox.WARNING: E_WARNING: chown(): Operation not permitted {"file":"/home/wwwroot/zhcrm/application/Fox/Core/Utils/File/Permission.php","line":371} []
[2015-11-02 05:20:08] Fox.WARNING: E_WARNING: chgrp(): Operation not permitted {"file":"/home/wwwroot/zhcrm/application/Fox/Core/Utils/File/Permission.php","line":382} []
[2015-11-02 05:20:08] Fox.WARNING: E_WARNING: chown(): Operation not permitted {"file":"/home/wwwroot/zhcrm/application/Fox/Core/Utils/File/Permission.php","line":371} []
[2015-11-02 05:20:08] Fox.WARNING: E_WARNING: chgrp(): Operation not permitted {"file":"/home/wwwroot/zhcrm/application/Fox/Core/Utils/File/Permission.php","line":382} []
[2015-11-02 05:20:08] Fox.WARNING: E_WARNING: chown(): Operation not permitted {"file":"/home/wwwroot/zhcrm/application/Fox/Core/Utils/File/Permission.php","line":371} []
[2015-11-02 05:20:08] Fox.WARNING: E_WARNING: chgrp(): Operation not permitted {"file":"/home/wwwroot/zhcrm/application/Fox/Core/Utils/File/Permission.php","line":382} []
[2015-11-02 05:20:08] Fox.WARNING: E_WARNING: chown(): Operation not permitted {"file":"/home/wwwroot/zhcrm/application/Fox/Core/Utils/File/Permission.php","line":371} []
[2015-11-02 05:20:08] Fox.WARNING: E_WARNING: chgrp(): Operation not permitted {"file":"/home/wwwroot/zhcrm/application/Fox/Core/Utils/File/Permission.php","line":382} []
[2015-11-02 05:20:09] Fox.WARNING: E_WARNING: chown(): Operation not permitted {"file":"/home/wwwroot/zhcrm/application/Fox/Core/Utils/File/Permission.php","line":371} []
[2015-11-02 05:20:09] Fox.WARNING: E_WARNING: chgrp(): Operation not permitted {"file":"/home/wwwroot/zhcrm/application/Fox/Core/Utils/File/Permission.php","line":382} []
[2015-11-02 05:20:09] Fox.WARNING: E_WARNING: chown(): Operation not permitted {"file":"/home/wwwroot/zhcrm/application/Fox/Core/Utils/File/Permission.php","line":371} []
[2015-11-02 05:20:09] Fox.WARNING: E_WARNING: chgrp(): Operation not permitted {"file":"/home/wwwroot/zhcrm/application/Fox/Core/Utils/File/Permission.php","line":382} []
[2015-11-02 05:20:09] Fox.WARNING: E_WARNING: chown(): Operation not permitted {"file":"/home/wwwroot/zhcrm/application/Fox/Core/Utils/File/Permission.php","line":371} []
[2015-11-02 05:20:09] Fox.WARNING: E_WARNING: chgrp(): Operation not permitted {"file":"/home/wwwroot/zhcrm/application/Fox/Core/Utils/File/Permission.php","line":382} []
[2015-11-02 05:20:09] Fox.WARNING: E_WARNING: chown(): Operation not permitted {"file":"/home/wwwroot/zhcrm/application/Fox/Core/Utils/File/Permission.php","line":371} []
[2015-11-02 05:20:09] Fox.WARNING: E_WARNING: chgrp(): Operation not permitted {"file":"/home/wwwroot/zhcrm/application/Fox/Core/Utils/File/Permission.php","line":382} []
[2015-11-02 05:20:09] Fox.WARNING: E_WARNING: chown(): Operation not permitted {"file":"/home/wwwroot/zhcrm/application/Fox/Core/Utils/File/Permission.php","line":371} []
[2015-11-02 05:20:09] Fox.WARNING: E_WARNING: chgrp(): Operation not permitted {"file":"/home/wwwroot/zhcrm/application/Fox/Core/Utils/File/Permission.php","line":382} []
[2015-11-02 05:20:09] Fox.WARNING: E_WARNING: chown(): Operation not permitted {"file":"/home/wwwroot/zhcrm/application/Fox/Core/Utils/File/Permission.php","line":371} []
[2015-11-02 05:20:09] Fox.WARNING: E_WARNING: chgrp(): Operation not permitted {"file":"/home/wwwroot/zhcrm/application/Fox/Core/Utils/File/Permission.php","line":382} []
[2015-11-02 05:20:09] Fox.WARNING: E_WARNING: chown(): Operation not permitted {"file":"/home/wwwroot/zhcrm/application/Fox/Core/Utils/File/Permission.php","line":371} []
[2015-11-02 05:20:09] Fox.WARNING: E_WARNING: chgrp(): Operation not permitted {"file":"/home/wwwroot/zhcrm/application/Fox/Core/Utils/File/Permission.php","line":382} []
[2015-11-02 05:20:09] Fox.WARNING: E_WARNING: chown(): Operation not permitted {"file":"/home/wwwroot/zhcrm/application/Fox/Core/Utils/File/Permission.php","line":371} []
[2015-11-02 05:20:09] Fox.WARNING: E_WARNING: chgrp(): Operation not permitted {"file":"/home/wwwroot/zhcrm/application/Fox/Core/Utils/File/Permission.php","line":382} []
[2015-11-02 05:20:09] Fox.WARNING: E_WARNING: chown(): Operation not permitted {"file":"/home/wwwroot/zhcrm/application/Fox/Core/Utils/File/Permission.php","line":371} []
[2015-11-02 05:20:09] Fox.WARNING: E_WARNING: chgrp(): Operation not permitted {"file":"/home/wwwroot/zhcrm/application/Fox/Core/Utils/File/Permission.php","line":382} []
[2015-11-02 05:20:09] Fox.WARNING: E_WARNING: chown(): Operation not permitted {"file":"/home/wwwroot/zhcrm/application/Fox/Core/Utils/File/Permission.php","line":371} []
[2015-11-02 05:20:09] Fox.WARNING: E_WARNING: chgrp(): Operation not permitted {"file":"/home/wwwroot/zhcrm/application/Fox/Core/Utils/File/Permission.php","line":382} []
[2015-11-02 05:20:09] Fox.WARNING: E_WARNING: chown(): Operation not permitted {"file":"/home/wwwroot/zhcrm/application/Fox/Core/Utils/File/Permission.php","line":371} []
[2015-11-02 05:20:09] Fox.WARNING: E_WARNING: chgrp(): Operation not permitted {"file":"/home/wwwroot/zhcrm/application/Fox/Core/Utils/File/Permission.php","line":382} []
[2015-11-02 05:20:09] Fox.WARNING: E_WARNING: chown(): Operation not permitted {"file":"/home/wwwroot/zhcrm/application/Fox/Core/Utils/File/Permission.php","line":371} []
[2015-11-02 05:20:09] Fox.WARNING: E_WARNING: chgrp(): Operation not permitted {"file":"/home/wwwroot/zhcrm/application/Fox/Core/Utils/File/Permission.php","line":382} []
[2015-11-02 05:20:09] Fox.WARNING: E_WARNING: chown(): Operation not permitted {"file":"/home/wwwroot/zhcrm/application/Fox/Core/Utils/File/Permission.php","line":371} []
[2015-11-02 05:20:09] Fox.WARNING: E_WARNING: chgrp(): Operation not permitted {"file":"/home/wwwroot/zhcrm/application/Fox/Core/Utils/File/Permission.php","line":382} []
[2015-11-02 05:20:09] Fox.WARNING: E_WARNING: chown(): Operation not permitted {"file":"/home/wwwroot/zhcrm/application/Fox/Core/Utils/File/Permission.php","line":371} []
[2015-11-02 05:20:09] Fox.WARNING: E_WARNING: chgrp(): Operation not permitted {"file":"/home/wwwroot/zhcrm/application/Fox/Core/Utils/File/Permission.php","line":382} []
[2015-11-02 05:20:09] Fox.WARNING: E_WARNING: chown(): Operation not permitted {"file":"/home/wwwroot/zhcrm/application/Fox/Core/Utils/File/Permission.php","line":371} []
[2015-11-02 05:20:09] Fox.WARNING: E_WARNING: chgrp(): Operation not permitted {"file":"/home/wwwroot/zhcrm/application/Fox/Core/Utils/File/Permission.php","line":382} []
[2015-11-02 05:20:09] Fox.WARNING: E_WARNING: chown(): Operation not permitted {"file":"/home/wwwroot/zhcrm/application/Fox/Core/Utils/File/Permission.php","line":371} []
[2015-11-02 05:20:09] Fox.WARNING: E_WARNING: chgrp(): Operation not permitted {"file":"/home/wwwroot/zhcrm/application/Fox/Core/Utils/File/Permission.php","line":382} []
[2015-11-02 05:20:09] Fox.WARNING: E_WARNING: chown(): Operation not permitted {"file":"/home/wwwroot/zhcrm/application/Fox/Core/Utils/File/Permission.php","line":371} []
[2015-11-02 05:20:09] Fox.WARNING: E_WARNING: chgrp(): Operation not permitted {"file":"/home/wwwroot/zhcrm/application/Fox/Core/Utils/File/Permission.php","line":382} []
[2015-11-02 05:20:10] Fox.WARNING: E_WARNING: chown(): Operation not permitted {"file":"/home/wwwroot/zhcrm/application/Fox/Core/Utils/File/Permission.php","line":371} []
[2015-11-02 05:20:10] Fox.WARNING: E_WARNING: chgrp(): Operation not permitted {"file":"/home/wwwroot/zhcrm/application/Fox/Core/Utils/File/Permission.php","line":382} []
[2015-11-02 05:20:10] Fox.WARNING: E_WARNING: chown(): Operation not permitted {"file":"/home/wwwroot/zhcrm/application/Fox/Core/Utils/File/Permission.php","line":371} []
[2015-11-02 05:20:10] Fox.WARNING: E_WARNING: chgrp(): Operation not permitted {"file":"/home/wwwroot/zhcrm/application/Fox/Core/Utils/File/Permission.php","line":382} []
[2015-11-02 05:20:10] Fox.WARNING: E_WARNING: chown(): Operation not permitted {"file":"/home/wwwroot/zhcrm/application/Fox/Core/Utils/File/Permission.php","line":371} []
[2015-11-02 05:20:10] Fox.WARNING: E_WARNING: chgrp(): Operation not permitted {"file":"/home/wwwroot/zhcrm/application/Fox/Core/Utils/File/Permission.php","line":382} []
[2015-11-02 05:34:36] Fox.WARNING: E_WARNING: chown(): Operation not permitted {"file":"/home/wwwroot/zhcrm/application/Fox/Core/Utils/File/Permission.php","line":371} []
[2015-11-02 05:34:36] Fox.WARNING: E_WARNING: chgrp(): Operation not permitted {"file":"/home/wwwroot/zhcrm/application/Fox/Core/Utils/File/Permission.php","line":382} []
[2015-11-02 05:34:36] Fox.WARNING: E_WARNING: chown(): Operation not permitted {"file":"/home/wwwroot/zhcrm/application/Fox/Core/Utils/File/Permission.php","line":371} []
[2015-11-02 05:34:36] Fox.WARNING: E_WARNING: chgrp(): Operation not permitted {"file":"/home/wwwroot/zhcrm/application/Fox/Core/Utils/File/Permission.php","line":382} []
[2015-11-02 05:34:36] Fox.WARNING: E_WARNING: chown(): Operation not permitted {"file":"/home/wwwroot/zhcrm/application/Fox/Core/Utils/File/Permission.php","line":371} []
[2015-11-02 05:34:36] Fox.WARNING: E_WARNING: chgrp(): Operation not permitted {"file":"/home/wwwroot/zhcrm/application/Fox/Core/Utils/File/Permission.php","line":382} []
[2015-11-02 05:34:36] Fox.WARNING: E_WARNING: chown(): Operation not permitted {"file":"/home/wwwroot/zhcrm/application/Fox/Core/Utils/File/Permission.php","line":371} []
[2015-11-02 05:34:36] Fox.WARNING: E_WARNING: chgrp(): Operation not permitted {"file":"/home/wwwroot/zhcrm/application/Fox/Core/Utils/File/Permission.php","line":382} []
[2015-11-02 05:34:37] Fox.WARNING: E_WARNING: chown(): Operation not permitted {"file":"/home/wwwroot/zhcrm/application/Fox/Core/Utils/File/Permission.php","line":371} []
[2015-11-02 05:34:37] Fox.WARNING: E_WARNING: chown(): Operation not permitted {"file":"/home/wwwroot/zhcrm/application/Fox/Core/Utils/File/Permission.php","line":371} []
[2015-11-02 05:34:37] Fox.WARNING: E_WARNING: chgrp(): Operation not permitted {"file":"/home/wwwroot/zhcrm/application/Fox/Core/Utils/File/Permission.php","line":382} []
[2015-11-02 05:34:37] Fox.WARNING: E_WARNING: chgrp(): Operation not permitted {"file":"/home/wwwroot/zhcrm/application/Fox/Core/Utils/File/Permission.php","line":382} []
[2015-11-02 05:34:37] Fox.WARNING: E_WARNING: chown(): Operation not permitted {"file":"/home/wwwroot/zhcrm/application/Fox/Core/Utils/File/Permission.php","line":371} []
[2015-11-02 05:34:37] Fox.WARNING: E_WARNING: chown(): Operation not permitted {"file":"/home/wwwroot/zhcrm/application/Fox/Core/Utils/File/Permission.php","line":371} []
[2015-11-02 05:34:37] Fox.WARNING: E_WARNING: chgrp(): Operation not permitted {"file":"/home/wwwroot/zhcrm/application/Fox/Core/Utils/File/Permission.php","line":382} []
[2015-11-02 05:34:37] Fox.WARNING: E_WARNING: chgrp(): Operation not permitted {"file":"/home/wwwroot/zhcrm/application/Fox/Core/Utils/File/Permission.php","line":382} []
[2015-11-02 05:34:37] Fox.WARNING: E_WARNING: chown(): Operation not permitted {"file":"/home/wwwroot/zhcrm/application/Fox/Core/Utils/File/Permission.php","line":371} []
[2015-11-02 05:34:37] Fox.WARNING: E_WARNING: chgrp(): Operation not permitted {"file":"/home/wwwroot/zhcrm/application/Fox/Core/Utils/File/Permission.php","line":382} []
[2015-11-02 05:34:37] Fox.WARNING: E_WARNING: chown(): Operation not permitted {"file":"/home/wwwroot/zhcrm/application/Fox/Core/Utils/File/Permission.php","line":371} []
[2015-11-02 05:34:37] Fox.WARNING: E_WARNING: chgrp(): Operation not permitted {"file":"/home/wwwroot/zhcrm/application/Fox/Core/Utils/File/Permission.php","line":382} []
[2015-11-02 05:34:37] Fox.WARNING: E_WARNING: chown(): Operation not permitted {"file":"/home/wwwroot/zhcrm/application/Fox/Core/Utils/File/Permission.php","line":371} []
[2015-11-02 05:34:37] Fox.WARNING: E_WARNING: chgrp(): Operation not permitted {"file":"/home/wwwroot/zhcrm/application/Fox/Core/Utils/File/Permission.php","line":382} []
[2015-11-02 05:34:37] Fox.WARNING: E_WARNING: chown(): Operation not permitted {"file":"/home/wwwroot/zhcrm/application/Fox/Core/Utils/File/Permission.php","line":371} []
[2015-11-02 05:34:37] Fox.WARNING: E_WARNING: chgrp(): Operation not permitted {"file":"/home/wwwroot/zhcrm/application/Fox/Core/Utils/File/Permission.php","line":382} []
[2015-11-02 05:34:37] Fox.WARNING: E_WARNING: chown(): Operation not permitted {"file":"/home/wwwroot/zhcrm/application/Fox/Core/Utils/File/Permission.php","line":371} []
[2015-11-02 05:34:37] Fox.WARNING: E_WARNING: chgrp(): Operation not permitted {"file":"/home/wwwroot/zhcrm/application/Fox/Core/Utils/File/Permission.php","line":382} []
[2015-11-02 05:34:37] Fox.WARNING: E_WARNING: chown(): Operation not permitted {"file":"/home/wwwroot/zhcrm/application/Fox/Core/Utils/File/Permission.php","line":371} []
[2015-11-02 05:34:37] Fox.WARNING: E_WARNING: chgrp(): Operation not permitted {"file":"/home/wwwroot/zhcrm/application/Fox/Core/Utils/File/Permission.php","line":382} []
[2015-11-02 05:34:37] Fox.WARNING: E_WARNING: chown(): Operation not permitted {"file":"/home/wwwroot/zhcrm/application/Fox/Core/Utils/File/Permission.php","line":371} []
[2015-11-02 05:34:37] Fox.WARNING: E_WARNING: chgrp(): Operation not permitted {"file":"/home/wwwroot/zhcrm/application/Fox/Core/Utils/File/Permission.php","line":382} []
[2015-11-02 05:34:37] Fox.WARNING: E_WARNING: chown(): Operation not permitted {"file":"/home/wwwroot/zhcrm/application/Fox/Core/Utils/File/Permission.php","line":371} []
[2015-11-02 05:34:37] Fox.WARNING: E_WARNING: chgrp(): Operation not permitted {"file":"/home/wwwroot/zhcrm/application/Fox/Core/Utils/File/Permission.php","line":382} []
[2015-11-02 05:34:37] Fox.WARNING: E_WARNING: chown(): Operation not permitted {"file":"/home/wwwroot/zhcrm/application/Fox/Core/Utils/File/Permission.php","line":371} []
[2015-11-02 05:34:37] Fox.WARNING: E_WARNING: chgrp(): Operation not permitted {"file":"/home/wwwroot/zhcrm/application/Fox/Core/Utils/File/Permission.php","line":382} []
[2015-11-02 05:34:37] Fox.WARNING: E_WARNING: chown(): Operation not permitted {"file":"/home/wwwroot/zhcrm/application/Fox/Core/Utils/File/Permission.php","line":371} []
[2015-11-02 05:34:37] Fox.WARNING: E_WARNING: chgrp(): Operation not permitted {"file":"/home/wwwroot/zhcrm/application/Fox/Core/Utils/File/Permission.php","line":382} []
[2015-11-02 05:34:37] Fox.WARNING: E_WARNING: chown(): Operation not permitted {"file":"/home/wwwroot/zhcrm/application/Fox/Core/Utils/File/Permission.php","line":371} []
[2015-11-02 05:34:37] Fox.WARNING: E_WARNING: chgrp(): Operation not permitted {"file":"/home/wwwroot/zhcrm/application/Fox/Core/Utils/File/Permission.php","line":382} []
[2015-11-02 05:34:37] Fox.WARNING: E_WARNING: chown(): Operation not permitted {"file":"/home/wwwroot/zhcrm/application/Fox/Core/Utils/File/Permission.php","line":371} []
[2015-11-02 05:34:37] Fox.WARNING: E_WARNING: chgrp(): Operation not permitted {"file":"/home/wwwroot/zhcrm/application/Fox/Core/Utils/File/Permission.php","line":382} []
[2015-11-02 05:34:37] Fox.WARNING: E_WARNING: chown(): Operation not permitted {"file":"/home/wwwroot/zhcrm/application/Fox/Core/Utils/File/Permission.php","line":371} []
[2015-11-02 05:34:37] Fox.WARNING: E_WARNING: chgrp(): Operation not permitted {"file":"/home/wwwroot/zhcrm/application/Fox/Core/Utils/File/Permission.php","line":382} []
[2015-11-02 05:34:37] Fox.WARNING: E_WARNING: chown(): Operation not permitted {"file":"/home/wwwroot/zhcrm/application/Fox/Core/Utils/File/Permission.php","line":371} []
[2015-11-02 05:34:37] Fox.WARNING: E_WARNING: chgrp(): Operation not permitted {"file":"/home/wwwroot/zhcrm/application/Fox/Core/Utils/File/Permission.php","line":382} []
[2015-11-02 05:34:38] Fox.WARNING: E_WARNING: chown(): Operation not permitted {"file":"/home/wwwroot/zhcrm/application/Fox/Core/Utils/File/Permission.php","line":371} []
[2015-11-02 05:34:38] Fox.WARNING: E_WARNING: chgrp(): Operation not permitted {"file":"/home/wwwroot/zhcrm/application/Fox/Core/Utils/File/Permission.php","line":382} []
[2015-11-02 05:34:38] Fox.WARNING: E_WARNING: chown(): Operation not permitted {"file":"/home/wwwroot/zhcrm/application/Fox/Core/Utils/File/Permission.php","line":371} []
[2015-11-02 05:34:38] Fox.WARNING: E_WARNING: chgrp(): Operation not permitted {"file":"/home/wwwroot/zhcrm/application/Fox/Core/Utils/File/Permission.php","line":382} []
[2015-11-02 05:34:38] Fox.WARNING: E_WARNING: chown(): Operation not permitted {"file":"/home/wwwroot/zhcrm/application/Fox/Core/Utils/File/Permission.php","line":371} []
[2015-11-02 05:34:38] Fox.WARNING: E_WARNING: chgrp(): Operation not permitted {"file":"/home/wwwroot/zhcrm/application/Fox/Core/Utils/File/Permission.php","line":382} []
[2015-11-02 05:46:13] Fox.WARNING: E_WARNING: chmod(): Operation not permitted {"file":"/home/wwwroot/zhcrm/application/Fox/Core/Utils/File/Permission.php","line":349} []
[2015-11-02 05:46:13] Fox.WARNING: E_WARNING: chown(): Operation not permitted {"file":"/home/wwwroot/zhcrm/application/Fox/Core/Utils/File/Permission.php","line":371} []
[2015-11-02 05:46:13] Fox.WARNING: E_WARNING: chgrp(): Operation not permitted {"file":"/home/wwwroot/zhcrm/application/Fox/Core/Utils/File/Permission.php","line":382} []
[2015-11-02 05:46:13] Fox.WARNING: E_WARNING: chmod(): Operation not permitted {"file":"/home/wwwroot/zhcrm/application/Fox/Core/Utils/File/Permission.php","line":359} []
[2015-11-02 05:46:13] Fox.WARNING: E_WARNING: chown(): Operation not permitted {"file":"/home/wwwroot/zhcrm/application/Fox/Core/Utils/File/Permission.php","line":371} []
[2015-11-02 05:46:13] Fox.WARNING: E_WARNING: chgrp(): Operation not permitted {"file":"/home/wwwroot/zhcrm/application/Fox/Core/Utils/File/Permission.php","line":382} []
[2015-11-02 05:47:08] Fox.WARNING: E_WARNING: chmod(): Operation not permitted {"file":"/home/wwwroot/zhcrm/application/Fox/Core/Utils/File/Permission.php","line":349} []
[2015-11-02 05:47:08] Fox.WARNING: E_WARNING: chown(): Operation not permitted {"file":"/home/wwwroot/zhcrm/application/Fox/Core/Utils/File/Permission.php","line":371} []
[2015-11-02 05:47:08] Fox.WARNING: E_WARNING: chgrp(): Operation not permitted {"file":"/home/wwwroot/zhcrm/application/Fox/Core/Utils/File/Permission.php","line":382} []
[2015-11-02 05:47:08] Fox.WARNING: E_WARNING: chmod(): Operation not permitted {"file":"/home/wwwroot/zhcrm/application/Fox/Core/Utils/File/Permission.php","line":359} []
[2015-11-02 05:47:08] Fox.WARNING: E_WARNING: chown(): Operation not permitted {"file":"/home/wwwroot/zhcrm/application/Fox/Core/Utils/File/Permission.php","line":371} []
[2015-11-02 05:47:08] Fox.WARNING: E_WARNING: chgrp(): Operation not permitted {"file":"/home/wwwroot/zhcrm/application/Fox/Core/Utils/File/Permission.php","line":382} []
[2015-11-02 06:16:41] Fox.WARNING: E_WARNING: chown(): Operation not permitted {"file":"/home/wwwroot/zhcrm/application/Fox/Core/Utils/File/Permission.php","line":371} []
[2015-11-02 06:16:41] Fox.WARNING: E_WARNING: chgrp(): Operation not permitted {"file":"/home/wwwroot/zhcrm/application/Fox/Core/Utils/File/Permission.php","line":382} []
[2015-11-02 06:16:41] Fox.WARNING: E_WARNING: chown(): Operation not permitted {"file":"/home/wwwroot/zhcrm/application/Fox/Core/Utils/File/Permission.php","line":371} []
[2015-11-02 06:16:41] Fox.WARNING: E_WARNING: chgrp(): Operation not permitted {"file":"/home/wwwroot/zhcrm/application/Fox/Core/Utils/File/Permission.php","line":382} []
[2015-11-02 06:16:41] Fox.WARNING: E_WARNING: chown(): Operation not permitted {"file":"/home/wwwroot/zhcrm/application/Fox/Core/Utils/File/Permission.php","line":371} []
[2015-11-02 06:16:41] Fox.WARNING: E_WARNING: chgrp(): Operation not permitted {"file":"/home/wwwroot/zhcrm/application/Fox/Core/Utils/File/Permission.php","line":382} []
[2015-11-02 06:16:41] Fox.WARNING: E_WARNING: chown(): Operation not permitted {"file":"/home/wwwroot/zhcrm/application/Fox/Core/Utils/File/Permission.php","line":371} []
[2015-11-02 06:16:41] Fox.WARNING: E_WARNING: chgrp(): Operation not permitted {"file":"/home/wwwroot/zhcrm/application/Fox/Core/Utils/File/Permission.php","line":382} []
[2015-11-02 06:16:41] Fox.WARNING: E_WARNING: chown(): Operation not permitted {"file":"/home/wwwroot/zhcrm/application/Fox/Core/Utils/File/Permission.php","line":371} []
[2015-11-02 06:16:41] Fox.WARNING: E_WARNING: chgrp(): Operation not permitted {"file":"/home/wwwroot/zhcrm/application/Fox/Core/Utils/File/Permission.php","line":382} []
[2015-11-02 06:16:41] Fox.WARNING: E_WARNING: chown(): Operation not permitted {"file":"/home/wwwroot/zhcrm/application/Fox/Core/Utils/File/Permission.php","line":371} []
[2015-11-02 06:16:41] Fox.WARNING: E_WARNING: chgrp(): Operation not permitted {"file":"/home/wwwroot/zhcrm/application/Fox/Core/Utils/File/Permission.php","line":382} []
[2015-11-02 06:16:41] Fox.WARNING: E_WARNING: chown(): Operation not permitted {"file":"/home/wwwroot/zhcrm/application/Fox/Core/Utils/File/Permission.php","line":371} []
[2015-11-02 06:16:41] Fox.WARNING: E_WARNING: chgrp(): Operation not permitted {"file":"/home/wwwroot/zhcrm/application/Fox/Core/Utils/File/Permission.php","line":382} []
[2015-11-02 06:16:41] Fox.WARNING: E_WARNING: chown(): Operation not permitted {"file":"/home/wwwroot/zhcrm/application/Fox/Core/Utils/File/Permission.php","line":371} []
[2015-11-02 06:16:41] Fox.WARNING: E_WARNING: chgrp(): Operation not permitted {"file":"/home/wwwroot/zhcrm/application/Fox/Core/Utils/File/Permission.php","line":382} []
[2015-11-02 06:16:41] Fox.WARNING: E_WARNING: chown(): Operation not permitted {"file":"/home/wwwroot/zhcrm/application/Fox/Core/Utils/File/Permission.php","line":371} []
[2015-11-02 06:16:41] Fox.WARNING: E_WARNING: chgrp(): Operation not permitted {"file":"/home/wwwroot/zhcrm/application/Fox/Core/Utils/File/Permission.php","line":382} []
[2015-11-02 06:16:41] Fox.WARNING: E_WARNING: chown(): Operation not permitted {"file":"/home/wwwroot/zhcrm/application/Fox/Core/Utils/File/Permission.php","line":371} []
[2015-11-02 06:16:41] Fox.WARNING: E_WARNING: chgrp(): Operation not permitted {"file":"/home/wwwroot/zhcrm/application/Fox/Core/Utils/File/Permission.php","line":382} []
[2015-11-02 06:16:41] Fox.WARNING: E_WARNING: chown(): Operation not permitted {"file":"/home/wwwroot/zhcrm/application/Fox/Core/Utils/File/Permission.php","line":371} []
[2015-11-02 06:16:41] Fox.WARNING: E_WARNING: chgrp(): Operation not permitted {"file":"/home/wwwroot/zhcrm/application/Fox/Core/Utils/File/Permission.php","line":382} []
[2015-11-02 06:16:41] Fox.WARNING: E_WARNING: chown(): Operation not permitted {"file":"/home/wwwroot/zhcrm/application/Fox/Core/Utils/File/Permission.php","line":371} []
[2015-11-02 06:16:41] Fox.WARNING: E_WARNING: chgrp(): Operation not permitted {"file":"/home/wwwroot/zhcrm/application/Fox/Core/Utils/File/Permission.php","line":382} []
[2015-11-02 06:16:41] Fox.WARNING: E_WARNING: chown(): Operation not permitted {"file":"/home/wwwroot/zhcrm/application/Fox/Core/Utils/File/Permission.php","line":371} []
[2015-11-02 06:16:41] Fox.WARNING: E_WARNING: chgrp(): Operation not permitted {"file":"/home/wwwroot/zhcrm/application/Fox/Core/Utils/File/Permission.php","line":382} []
[2015-11-02 06:16:41] Fox.WARNING: E_WARNING: chown(): Operation not permitted {"file":"/home/wwwroot/zhcrm/application/Fox/Core/Utils/File/Permission.php","line":371} []
[2015-11-02 06:16:41] Fox.WARNING: E_WARNING: chgrp(): Operation not permitted {"file":"/home/wwwroot/zhcrm/application/Fox/Core/Utils/File/Permission.php","line":382} []
[2015-11-02 06:16:41] Fox.WARNING: E_WARNING: chown(): Operation not permitted {"file":"/home/wwwroot/zhcrm/application/Fox/Core/Utils/File/Permission.php","line":371} []
[2015-11-02 06:16:41] Fox.WARNING: E_WARNING: chgrp(): Operation not permitted {"file":"/home/wwwroot/zhcrm/application/Fox/Core/Utils/File/Permission.php","line":382} []
[2015-11-02 06:16:41] Fox.WARNING: E_WARNING: chown(): Operation not permitted {"file":"/home/wwwroot/zhcrm/application/Fox/Core/Utils/File/Permission.php","line":371} []
[2015-11-02 06:16:41] Fox.WARNING: E_WARNING: chgrp(): Operation not permitted {"file":"/home/wwwroot/zhcrm/application/Fox/Core/Utils/File/Permission.php","line":382} []
[2015-11-02 06:16:41] Fox.WARNING: E_WARNING: chown(): Operation not permitted {"file":"/home/wwwroot/zhcrm/application/Fox/Core/Utils/File/Permission.php","line":371} []
[2015-11-02 06:16:41] Fox.WARNING: E_WARNING: chgrp(): Operation not permitted {"file":"/home/wwwroot/zhcrm/application/Fox/Core/Utils/File/Permission.php","line":382} []
[2015-11-02 06:16:41] Fox.WARNING: E_WARNING: chown(): Operation not permitted {"file":"/home/wwwroot/zhcrm/application/Fox/Core/Utils/File/Permission.php","line":371} []
[2015-11-02 06:16:41] Fox.WARNING: E_WARNING: chgrp(): Operation not permitted {"file":"/home/wwwroot/zhcrm/application/Fox/Core/Utils/File/Permission.php","line":382} []
[2015-11-02 06:16:41] Fox.WARNING: E_WARNING: chown(): Operation not permitted {"file":"/home/wwwroot/zhcrm/application/Fox/Core/Utils/File/Permission.php","line":371} []
[2015-11-02 06:16:41] Fox.WARNING: E_WARNING: chgrp(): Operation not permitted {"file":"/home/wwwroot/zhcrm/application/Fox/Core/Utils/File/Permission.php","line":382} []
[2015-11-02 06:16:41] Fox.WARNING: E_WARNING: chown(): Operation not permitted {"file":"/home/wwwroot/zhcrm/application/Fox/Core/Utils/File/Permission.php","line":371} []
[2015-11-02 06:16:41] Fox.WARNING: E_WARNING: chgrp(): Operation not permitted {"file":"/home/wwwroot/zhcrm/application/Fox/Core/Utils/File/Permission.php","line":382} []
[2015-11-02 06:16:42] Fox.WARNING: E_WARNING: chown(): Operation not permitted {"file":"/home/wwwroot/zhcrm/application/Fox/Core/Utils/File/Permission.php","line":371} []
[2015-11-02 06:16:42] Fox.WARNING: E_WARNING: chgrp(): Operation not permitted {"file":"/home/wwwroot/zhcrm/application/Fox/Core/Utils/File/Permission.php","line":382} []
[2015-11-02 06:16:42] Fox.WARNING: E_WARNING: chown(): Operation not permitted {"file":"/home/wwwroot/zhcrm/application/Fox/Core/Utils/File/Permission.php","line":371} []
[2015-11-02 06:16:42] Fox.WARNING: E_WARNING: chgrp(): Operation not permitted {"file":"/home/wwwroot/zhcrm/application/Fox/Core/Utils/File/Permission.php","line":382} []
[2015-11-02 06:16:42] Fox.WARNING: E_WARNING: chown(): Operation not permitted {"file":"/home/wwwroot/zhcrm/application/Fox/Core/Utils/File/Permission.php","line":371} []
[2015-11-02 06:16:42] Fox.WARNING: E_WARNING: chgrp(): Operation not permitted {"file":"/home/wwwroot/zhcrm/application/Fox/Core/Utils/File/Permission.php","line":382} []
[2015-11-02 06:51:17] Fox.WARNING: E_WARNING: chown(): Operation not permitted {"file":"/home/wwwroot/zhcrm/application/Fox/Core/Utils/File/Permission.php","line":371} []
[2015-11-02 06:51:17] Fox.WARNING: E_WARNING: chgrp(): Operation not permitted {"file":"/home/wwwroot/zhcrm/application/Fox/Core/Utils/File/Permission.php","line":382} []
[2015-11-02 06:51:17] Fox.WARNING: E_WARNING: chown(): Operation not permitted {"file":"/home/wwwroot/zhcrm/application/Fox/Core/Utils/File/Permission.php","line":371} []
[2015-11-02 06:51:17] Fox.WARNING: E_WARNING: chgrp(): Operation not permitted {"file":"/home/wwwroot/zhcrm/application/Fox/Core/Utils/File/Permission.php","line":382} []
[2015-11-02 06:51:17] Fox.WARNING: E_WARNING: chown(): Operation not permitted {"file":"/home/wwwroot/zhcrm/application/Fox/Core/Utils/File/Permission.php","line":371} []
[2015-11-02 06:51:17] Fox.WARNING: E_WARNING: chgrp(): Operation not permitted {"file":"/home/wwwroot/zhcrm/application/Fox/Core/Utils/File/Permission.php","line":382} []
[2015-11-02 06:51:17] Fox.WARNING: E_WARNING: chown(): Operation not permitted {"file":"/home/wwwroot/zhcrm/application/Fox/Core/Utils/File/Permission.php","line":371} []
[2015-11-02 06:51:17] Fox.WARNING: E_WARNING: chgrp(): Operation not permitted {"file":"/home/wwwroot/zhcrm/application/Fox/Core/Utils/File/Permission.php","line":382} []
[2015-11-02 06:51:18] Fox.WARNING: E_WARNING: chown(): Operation not permitted {"file":"/home/wwwroot/zhcrm/application/Fox/Core/Utils/File/Permission.php","line":371} []
[2015-11-02 06:51:18] Fox.WARNING: E_WARNING: chgrp(): Operation not permitted {"file":"/home/wwwroot/zhcrm/application/Fox/Core/Utils/File/Permission.php","line":382} []
[2015-11-02 06:51:18] Fox.WARNING: E_WARNING: chown(): Operation not permitted {"file":"/home/wwwroot/zhcrm/application/Fox/Core/Utils/File/Permission.php","line":371} []
[2015-11-02 06:51:18] Fox.WARNING: E_WARNING: chgrp(): Operation not permitted {"file":"/home/wwwroot/zhcrm/application/Fox/Core/Utils/File/Permission.php","line":382} []
[2015-11-02 06:51:18] Fox.WARNING: E_WARNING: chown(): Operation not permitted {"file":"/home/wwwroot/zhcrm/application/Fox/Core/Utils/File/Permission.php","line":371} []
[2015-11-02 06:51:18] Fox.WARNING: E_WARNING: chgrp(): Operation not permitted {"file":"/home/wwwroot/zhcrm/application/Fox/Core/Utils/File/Permission.php","line":382} []
[2015-11-02 06:51:18] Fox.WARNING: E_WARNING: chown(): Operation not permitted {"file":"/home/wwwroot/zhcrm/application/Fox/Core/Utils/File/Permission.php","line":371} []
[2015-11-02 06:51:18] Fox.WARNING: E_WARNING: chgrp(): Operation not permitted {"file":"/home/wwwroot/zhcrm/application/Fox/Core/Utils/File/Permission.php","line":382} []
[2015-11-02 06:51:18] Fox.WARNING: E_WARNING: chown(): Operation not permitted {"file":"/home/wwwroot/zhcrm/application/Fox/Core/Utils/File/Permission.php","line":371} []
[2015-11-02 06:51:18] Fox.WARNING: E_WARNING: chgrp(): Operation not permitted {"file":"/home/wwwroot/zhcrm/application/Fox/Core/Utils/File/Permission.php","line":382} []
[2015-11-02 06:51:18] Fox.WARNING: E_WARNING: chown(): Operation not permitted {"file":"/home/wwwroot/zhcrm/application/Fox/Core/Utils/File/Permission.php","line":371} []
[2015-11-02 06:51:18] Fox.WARNING: E_WARNING: chgrp(): Operation not permitted {"file":"/home/wwwroot/zhcrm/application/Fox/Core/Utils/File/Permission.php","line":382} []
[2015-11-02 06:51:18] Fox.WARNING: E_WARNING: chown(): Operation not permitted {"file":"/home/wwwroot/zhcrm/application/Fox/Core/Utils/File/Permission.php","line":371} []
[2015-11-02 06:51:18] Fox.WARNING: E_WARNING: chgrp(): Operation not permitted {"file":"/home/wwwroot/zhcrm/application/Fox/Core/Utils/File/Permission.php","line":382} []
[2015-11-02 06:51:18] Fox.WARNING: E_WARNING: chown(): Operation not permitted {"file":"/home/wwwroot/zhcrm/application/Fox/Core/Utils/File/Permission.php","line":371} []
[2015-11-02 06:51:18] Fox.WARNING: E_WARNING: chgrp(): Operation not permitted {"file":"/home/wwwroot/zhcrm/application/Fox/Core/Utils/File/Permission.php","line":382} []
[2015-11-02 06:51:18] Fox.WARNING: E_WARNING: chown(): Operation not permitted {"file":"/home/wwwroot/zhcrm/application/Fox/Core/Utils/File/Permission.php","line":371} []
[2015-11-02 06:51:18] Fox.WARNING: E_WARNING: chgrp(): Operation not permitted {"file":"/home/wwwroot/zhcrm/application/Fox/Core/Utils/File/Permission.php","line":382} []
[2015-11-02 06:51:18] Fox.WARNING: E_WARNING: chown(): Operation not permitted {"file":"/home/wwwroot/zhcrm/application/Fox/Core/Utils/File/Permission.php","line":371} []
[2015-11-02 06:51:18] Fox.WARNING: E_WARNING: chgrp(): Operation not permitted {"file":"/home/wwwroot/zhcrm/application/Fox/Core/Utils/File/Permission.php","line":382} []
[2015-11-02 06:51:18] Fox.WARNING: E_WARNING: chown(): Operation not permitted {"file":"/home/wwwroot/zhcrm/application/Fox/Core/Utils/File/Permission.php","line":371} []
[2015-11-02 06:51:18] Fox.WARNING: E_WARNING: chgrp(): Operation not permitted {"file":"/home/wwwroot/zhcrm/application/Fox/Core/Utils/File/Permission.php","line":382} []
[2015-11-02 06:51:18] Fox.WARNING: E_WARNING: chown(): Operation not permitted {"file":"/home/wwwroot/zhcrm/application/Fox/Core/Utils/File/Permission.php","line":371} []
[2015-11-02 06:51:18] Fox.WARNING: E_WARNING: chgrp(): Operation not permitted {"file":"/home/wwwroot/zhcrm/application/Fox/Core/Utils/File/Permission.php","line":382} []
[2015-11-02 06:51:18] Fox.WARNING: E_WARNING: chown(): Operation not permitted {"file":"/home/wwwroot/zhcrm/application/Fox/Core/Utils/File/Permission.php","line":371} []
[2015-11-02 06:51:18] Fox.WARNING: E_WARNING: chgrp(): Operation not permitted {"file":"/home/wwwroot/zhcrm/application/Fox/Core/Utils/File/Permission.php","line":382} []
[2015-11-02 06:51:18] Fox.WARNING: E_WARNING: chown(): Operation not permitted {"file":"/home/wwwroot/zhcrm/application/Fox/Core/Utils/File/Permission.php","line":371} []
[2015-11-02 06:51:18] Fox.WARNING: E_WARNING: chgrp(): Operation not permitted {"file":"/home/wwwroot/zhcrm/application/Fox/Core/Utils/File/Permission.php","line":382} []
[2015-11-02 06:51:18] Fox.WARNING: E_WARNING: chown(): Operation not permitted {"file":"/home/wwwroot/zhcrm/application/Fox/Core/Utils/File/Permission.php","line":371} []
[2015-11-02 06:51:18] Fox.WARNING: E_WARNING: chgrp(): Operation not permitted {"file":"/home/wwwroot/zhcrm/application/Fox/Core/Utils/File/Permission.php","line":382} []
[2015-11-02 06:51:18] Fox.WARNING: E_WARNING: chown(): Operation not permitted {"file":"/home/wwwroot/zhcrm/application/Fox/Core/Utils/File/Permission.php","line":371} []
[2015-11-02 06:51:18] Fox.WARNING: E_WARNING: chgrp(): Operation not permitted {"file":"/home/wwwroot/zhcrm/application/Fox/Core/Utils/File/Permission.php","line":382} []
[2015-11-02 06:51:18] Fox.WARNING: E_WARNING: chown(): Operation not permitted {"file":"/home/wwwroot/zhcrm/application/Fox/Core/Utils/File/Permission.php","line":371} []
[2015-11-02 06:51:18] Fox.WARNING: E_WARNING: chgrp(): Operation not permitted {"file":"/home/wwwroot/zhcrm/application/Fox/Core/Utils/File/Permission.php","line":382} []
[2015-11-02 06:51:18] Fox.WARNING: E_WARNING: chown(): Operation not permitted {"file":"/home/wwwroot/zhcrm/application/Fox/Core/Utils/File/Permission.php","line":371} []
[2015-11-02 06:51:18] Fox.WARNING: E_WARNING: chgrp(): Operation not permitted {"file":"/home/wwwroot/zhcrm/application/Fox/Core/Utils/File/Permission.php","line":382} []
[2015-11-02 06:51:19] Fox.WARNING: E_WARNING: chown(): Operation not permitted {"file":"/home/wwwroot/zhcrm/application/Fox/Core/Utils/File/Permission.php","line":371} []
[2015-11-02 06:51:19] Fox.WARNING: E_WARNING: chgrp(): Operation not permitted {"file":"/home/wwwroot/zhcrm/application/Fox/Core/Utils/File/Permission.php","line":382} []
[2015-11-02 08:59:34] Fox.WARNING: E_WARNING: chown(): Operation not permitted {"file":"/home/wwwroot/zhcrm/application/Fox/Core/Utils/File/Permission.php","line":371} []
[2015-11-02 08:59:35] Fox.WARNING: E_WARNING: chgrp(): Operation not permitted {"file":"/home/wwwroot/zhcrm/application/Fox/Core/Utils/File/Permission.php","line":382} []
[2015-11-02 09:01:39] Fox.WARNING: E_WARNING: chown(): Operation not permitted {"file":"/home/wwwroot/zhcrm/application/Fox/Core/Utils/File/Permission.php","line":371} []
[2015-11-02 09:01:39] Fox.WARNING: E_WARNING: chgrp(): Operation not permitted {"file":"/home/wwwroot/zhcrm/application/Fox/Core/Utils/File/Permission.php","line":382} []
[2015-11-02 09:02:54] Fox.ERROR: E_RECOVERABLE_ERROR: Argument 1 passed to Fox\Services\Team::afterUpdate() must be an instance of Fox\Services\Entity, instance of Fox\Entities\Team given, called in /home/wwwroot/zhcrm/application/Fox/Services/Record.php on line 511 and defined {"file":"/home/wwwroot/zhcrm/application/Fox/Services/Team.php","line":24} []
[2015-11-02 10:06:20] Fox.WARNING: E_WARNING: Illegal offset type in isset or empty {"file":"/home/wwwroot/zhcrm/application/Fox/ORM/DB/Query/Base.php","line":305} []
[2015-11-02 10:06:20] Fox.WARNING: E_WARNING: Illegal offset type in isset or empty {"file":"/home/wwwroot/zhcrm/application/Fox/ORM/DB/Query/Base.php","line":305} []
[2015-11-02 10:06:20] Fox.WARNING: E_WARNING: Illegal offset type in isset or empty {"file":"/home/wwwroot/zhcrm/application/Fox/ORM/DB/Query/Base.php","line":305} []
[2015-11-02 10:06:20] Fox.WARNING: E_WARNING: Illegal offset type in isset or empty {"file":"/home/wwwroot/zhcrm/application/Fox/ORM/DB/Query/Base.php","line":305} []
[2015-11-02 10:06:21] Fox.WARNING: E_WARNING: Illegal offset type in isset or empty {"file":"/home/wwwroot/zhcrm/application/Fox/ORM/DB/Query/Base.php","line":305} []
[2015-11-02 10:06:21] Fox.WARNING: E_WARNING: Illegal offset type in isset or empty {"file":"/home/wwwroot/zhcrm/application/Fox/ORM/DB/Query/Base.php","line":305} []
[2015-11-02 10:06:22] Fox.WARNING: E_WARNING: Illegal offset type in isset or empty {"file":"/home/wwwroot/zhcrm/application/Fox/ORM/DB/Query/Base.php","line":305} []
[2015-11-02 10:06:22] Fox.WARNING: E_WARNING: Illegal offset type in isset or empty {"file":"/home/wwwroot/zhcrm/application/Fox/ORM/DB/Query/Base.php","line":305} []
[2015-11-02 10:06:24] Fox.WARNING: E_WARNING: Illegal offset type in isset or empty {"file":"/home/wwwroot/zhcrm/application/Fox/ORM/DB/Query/Base.php","line":305} []
[2015-11-02 10:06:24] Fox.WARNING: E_WARNING: Illegal offset type in isset or empty {"file":"/home/wwwroot/zhcrm/application/Fox/ORM/DB/Query/Base.php","line":305} []
[2015-11-02 10:06:24] Fox.WARNING: E_WARNING: Illegal offset type in isset or empty {"file":"/home/wwwroot/zhcrm/application/Fox/ORM/DB/Query/Base.php","line":305} []
[2015-11-02 10:06:24] Fox.WARNING: E_WARNING: Illegal offset type in isset or empty {"file":"/home/wwwroot/zhcrm/application/Fox/ORM/DB/Query/Base.php","line":305} []
[2015-11-02 10:06:41] Fox.WARNING: E_WARNING: Illegal offset type in isset or empty {"file":"/home/wwwroot/zhcrm/application/Fox/ORM/DB/Query/Base.php","line":305} []
[2015-11-02 10:06:41] Fox.WARNING: E_WARNING: Illegal offset type in isset or empty {"file":"/home/wwwroot/zhcrm/application/Fox/ORM/DB/Query/Base.php","line":305} []
[2015-11-02 10:06:41] Fox.WARNING: E_WARNING: Illegal offset type in isset or empty {"file":"/home/wwwroot/zhcrm/application/Fox/ORM/DB/Query/Base.php","line":305} []
[2015-11-02 10:06:41] Fox.WARNING: E_WARNING: Illegal offset type in isset or empty {"file":"/home/wwwroot/zhcrm/application/Fox/ORM/DB/Query/Base.php","line":305} []
[2015-11-02 10:06:42] Fox.WARNING: E_WARNING: Illegal offset type in isset or empty {"file":"/home/wwwroot/zhcrm/application/Fox/ORM/DB/Query/Base.php","line":305} []
[2015-11-02 10:06:42] Fox.WARNING: E_WARNING: Illegal offset type in isset or empty {"file":"/home/wwwroot/zhcrm/application/Fox/ORM/DB/Query/Base.php","line":305} []
[2015-11-02 10:06:42] Fox.WARNING: E_WARNING: Illegal offset type in isset or empty {"file":"/home/wwwroot/zhcrm/application/Fox/ORM/DB/Query/Base.php","line":305} []
[2015-11-02 10:06:42] Fox.WARNING: E_WARNING: Illegal offset type in isset or empty {"file":"/home/wwwroot/zhcrm/application/Fox/ORM/DB/Query/Base.php","line":305} []
[2015-11-02 10:07:30] Fox.WARNING: E_WARNING: Illegal offset type in isset or empty {"file":"/home/wwwroot/zhcrm/application/Fox/ORM/DB/Query/Base.php","line":305} []
[2015-11-02 10:07:30] Fox.WARNING: E_WARNING: Illegal offset type in isset or empty {"file":"/home/wwwroot/zhcrm/application/Fox/ORM/DB/Query/Base.php","line":305} []
[2015-11-02 10:07:30] Fox.WARNING: E_WARNING: Illegal offset type in isset or empty {"file":"/home/wwwroot/zhcrm/application/Fox/ORM/DB/Query/Base.php","line":305} []
[2015-11-02 10:07:30] Fox.WARNING: E_WARNING: Illegal offset type in isset or empty {"file":"/home/wwwroot/zhcrm/application/Fox/ORM/DB/Query/Base.php","line":305} []
[2015-11-02 10:07:38] Fox.WARNING: E_WARNING: Illegal offset type in isset or empty {"file":"/home/wwwroot/zhcrm/application/Fox/ORM/DB/Query/Base.php","line":305} []
[2015-11-02 10:07:38] Fox.WARNING: E_WARNING: Illegal offset type in isset or empty {"file":"/home/wwwroot/zhcrm/application/Fox/ORM/DB/Query/Base.php","line":305} []
[2015-11-02 10:07:38] Fox.WARNING: E_WARNING: Illegal offset type in isset or empty {"file":"/home/wwwroot/zhcrm/application/Fox/ORM/DB/Query/Base.php","line":305} []
[2015-11-02 10:07:38] Fox.WARNING: E_WARNING: Illegal offset type in isset or empty {"file":"/home/wwwroot/zhcrm/application/Fox/ORM/DB/Query/Base.php","line":305} []
[2015-11-02 10:07:52] Fox.WARNING: E_WARNING: Illegal offset type in isset or empty {"file":"/home/wwwroot/zhcrm/application/Fox/ORM/DB/Query/Base.php","line":305} []
[2015-11-02 10:07:52] Fox.WARNING: E_WARNING: Illegal offset type in isset or empty {"file":"/home/wwwroot/zhcrm/application/Fox/ORM/DB/Query/Base.php","line":305} []
[2015-11-02 10:07:52] Fox.WARNING: E_WARNING: Illegal offset type in isset or empty {"file":"/home/wwwroot/zhcrm/application/Fox/ORM/DB/Query/Base.php","line":305} []
[2015-11-02 10:07:52] Fox.WARNING: E_WARNING: Illegal offset type in isset or empty {"file":"/home/wwwroot/zhcrm/application/Fox/ORM/DB/Query/Base.php","line":305} []
[2015-11-02 10:07:54] Fox.WARNING: E_WARNING: Illegal offset type in isset or empty {"file":"/home/wwwroot/zhcrm/application/Fox/ORM/DB/Query/Base.php","line":305} []
[2015-11-02 10:07:54] Fox.WARNING: E_WARNING: Illegal offset type in isset or empty {"file":"/home/wwwroot/zhcrm/application/Fox/ORM/DB/Query/Base.php","line":305} []
[2015-11-02 10:07:54] Fox.WARNING: E_WARNING: Illegal offset type in isset or empty {"file":"/home/wwwroot/zhcrm/application/Fox/ORM/DB/Query/Base.php","line":305} []
[2015-11-02 10:07:54] Fox.WARNING: E_WARNING: Illegal offset type in isset or empty {"file":"/home/wwwroot/zhcrm/application/Fox/ORM/DB/Query/Base.php","line":305} []
