[2015-11-20 10:56:37] Fox.WARNING: E_WARNING: Illegal offset type in isset or empty {"file":"/home/wwwroot/zhcrm/application/Fox/ORM/DB/Query/Base.php","line":305} []
[2015-11-20 10:56:37] Fox.WARNING: E_WARNING: Illegal offset type in isset or empty {"file":"/home/wwwroot/zhcrm/application/Fox/ORM/DB/Query/Base.php","line":305} []
[2015-11-20 10:56:45] Fox.WARNING: E_WARNING: Illegal offset type in isset or empty {"file":"/home/wwwroot/zhcrm/application/Fox/ORM/DB/Query/Base.php","line":305} []
[2015-11-20 10:56:45] Fox.WARNING: E_WARNING: Illegal offset type in isset or empty {"file":"/home/wwwroot/zhcrm/application/Fox/ORM/DB/Query/Base.php","line":305} []
[2015-11-20 11:05:09] Fox.WARNING: E_WARNING: chown(): Operation not permitted {"file":"/home/wwwroot/zhcrm/application/Fox/Core/Utils/File/Permission.php","line":371} []
[2015-11-20 11:05:09] Fox.WARNING: E_WARNING: chgrp(): Operation not permitted {"file":"/home/wwwroot/zhcrm/application/Fox/Core/Utils/File/Permission.php","line":382} []
[2015-11-20 11:05:09] Fox.WARNING: E_WARNING: chown(): Operation not permitted {"file":"/home/wwwroot/zhcrm/application/Fox/Core/Utils/File/Permission.php","line":371} []
[2015-11-20 11:05:09] Fox.WARNING: E_WARNING: chgrp(): Operation not permitted {"file":"/home/wwwroot/zhcrm/application/Fox/Core/Utils/File/Permission.php","line":382} []
[2015-11-20 11:05:09] Fox.WARNING: E_WARNING: chown(): Operation not permitted {"file":"/home/wwwroot/zhcrm/application/Fox/Core/Utils/File/Permission.php","line":371} []
[2015-11-20 11:05:09] Fox.WARNING: E_WARNING: chgrp(): Operation not permitted {"file":"/home/wwwroot/zhcrm/application/Fox/Core/Utils/File/Permission.php","line":382} []
[2015-11-20 11:05:09] Fox.WARNING: E_WARNING: chown(): Operation not permitted {"file":"/home/wwwroot/zhcrm/application/Fox/Core/Utils/File/Permission.php","line":371} []
[2015-11-20 11:05:09] Fox.WARNING: E_WARNING: chgrp(): Operation not permitted {"file":"/home/wwwroot/zhcrm/application/Fox/Core/Utils/File/Permission.php","line":382} []
[2015-11-20 11:05:10] Fox.WARNING: E_WARNING: chown(): Operation not permitted {"file":"/home/wwwroot/zhcrm/application/Fox/Core/Utils/File/Permission.php","line":371} []
[2015-11-20 11:05:10] Fox.WARNING: E_WARNING: chgrp(): Operation not permitted {"file":"/home/wwwroot/zhcrm/application/Fox/Core/Utils/File/Permission.php","line":382} []
[2015-11-20 11:05:10] Fox.WARNING: E_WARNING: chown(): Operation not permitted {"file":"/home/wwwroot/zhcrm/application/Fox/Core/Utils/File/Permission.php","line":371} []
[2015-11-20 11:05:10] Fox.WARNING: E_WARNING: chgrp(): Operation not permitted {"file":"/home/wwwroot/zhcrm/application/Fox/Core/Utils/File/Permission.php","line":382} []
[2015-11-20 11:05:10] Fox.WARNING: E_WARNING: chown(): Operation not permitted {"file":"/home/wwwroot/zhcrm/application/Fox/Core/Utils/File/Permission.php","line":371} []
[2015-11-20 11:05:10] Fox.WARNING: E_WARNING: chgrp(): Operation not permitted {"file":"/home/wwwroot/zhcrm/application/Fox/Core/Utils/File/Permission.php","line":382} []
[2015-11-20 11:05:10] Fox.WARNING: E_WARNING: chown(): Operation not permitted {"file":"/home/wwwroot/zhcrm/application/Fox/Core/Utils/File/Permission.php","line":371} []
[2015-11-20 11:05:10] Fox.WARNING: E_WARNING: chgrp(): Operation not permitted {"file":"/home/wwwroot/zhcrm/application/Fox/Core/Utils/File/Permission.php","line":382} []
[2015-11-20 11:05:11] Fox.WARNING: E_WARNING: chown(): Operation not permitted {"file":"/home/wwwroot/zhcrm/application/Fox/Core/Utils/File/Permission.php","line":371} []
[2015-11-20 11:05:11] Fox.WARNING: E_WARNING: chgrp(): Operation not permitted {"file":"/home/wwwroot/zhcrm/application/Fox/Core/Utils/File/Permission.php","line":382} []
[2015-11-20 11:05:11] Fox.WARNING: E_WARNING: chown(): Operation not permitted {"file":"/home/wwwroot/zhcrm/application/Fox/Core/Utils/File/Permission.php","line":371} []
[2015-11-20 11:05:11] Fox.WARNING: E_WARNING: chgrp(): Operation not permitted {"file":"/home/wwwroot/zhcrm/application/Fox/Core/Utils/File/Permission.php","line":382} []
[2015-11-20 11:05:11] Fox.WARNING: E_WARNING: chown(): Operation not permitted {"file":"/home/wwwroot/zhcrm/application/Fox/Core/Utils/File/Permission.php","line":371} []
[2015-11-20 11:05:11] Fox.WARNING: E_WARNING: chgrp(): Operation not permitted {"file":"/home/wwwroot/zhcrm/application/Fox/Core/Utils/File/Permission.php","line":382} []
[2015-11-20 11:05:11] Fox.WARNING: E_WARNING: chown(): Operation not permitted {"file":"/home/wwwroot/zhcrm/application/Fox/Core/Utils/File/Permission.php","line":371} []
[2015-11-20 11:05:11] Fox.WARNING: E_WARNING: chgrp(): Operation not permitted {"file":"/home/wwwroot/zhcrm/application/Fox/Core/Utils/File/Permission.php","line":382} []
[2015-11-20 11:05:11] Fox.WARNING: E_WARNING: chown(): Operation not permitted {"file":"/home/wwwroot/zhcrm/application/Fox/Core/Utils/File/Permission.php","line":371} []
[2015-11-20 11:05:11] Fox.WARNING: E_WARNING: chgrp(): Operation not permitted {"file":"/home/wwwroot/zhcrm/application/Fox/Core/Utils/File/Permission.php","line":382} []
[2015-11-20 11:05:11] Fox.WARNING: E_WARNING: chown(): Operation not permitted {"file":"/home/wwwroot/zhcrm/application/Fox/Core/Utils/File/Permission.php","line":371} []
[2015-11-20 11:05:11] Fox.WARNING: E_WARNING: chgrp(): Operation not permitted {"file":"/home/wwwroot/zhcrm/application/Fox/Core/Utils/File/Permission.php","line":382} []
[2015-11-20 11:05:11] Fox.WARNING: E_WARNING: chown(): Operation not permitted {"file":"/home/wwwroot/zhcrm/application/Fox/Core/Utils/File/Permission.php","line":371} []
[2015-11-20 11:05:11] Fox.WARNING: E_WARNING: chgrp(): Operation not permitted {"file":"/home/wwwroot/zhcrm/application/Fox/Core/Utils/File/Permission.php","line":382} []
[2015-11-20 11:05:11] Fox.WARNING: E_WARNING: chown(): Operation not permitted {"file":"/home/wwwroot/zhcrm/application/Fox/Core/Utils/File/Permission.php","line":371} []
[2015-11-20 11:05:11] Fox.WARNING: E_WARNING: chgrp(): Operation not permitted {"file":"/home/wwwroot/zhcrm/application/Fox/Core/Utils/File/Permission.php","line":382} []
[2015-11-20 11:05:11] Fox.WARNING: E_WARNING: chown(): Operation not permitted {"file":"/home/wwwroot/zhcrm/application/Fox/Core/Utils/File/Permission.php","line":371} []
[2015-11-20 11:05:11] Fox.WARNING: E_WARNING: chgrp(): Operation not permitted {"file":"/home/wwwroot/zhcrm/application/Fox/Core/Utils/File/Permission.php","line":382} []
[2015-11-20 11:05:11] Fox.WARNING: E_WARNING: chown(): Operation not permitted {"file":"/home/wwwroot/zhcrm/application/Fox/Core/Utils/File/Permission.php","line":371} []
[2015-11-20 11:05:11] Fox.WARNING: E_WARNING: chgrp(): Operation not permitted {"file":"/home/wwwroot/zhcrm/application/Fox/Core/Utils/File/Permission.php","line":382} []
[2015-11-20 11:05:11] Fox.WARNING: E_WARNING: chown(): Operation not permitted {"file":"/home/wwwroot/zhcrm/application/Fox/Core/Utils/File/Permission.php","line":371} []
[2015-11-20 11:05:11] Fox.WARNING: E_WARNING: chgrp(): Operation not permitted {"file":"/home/wwwroot/zhcrm/application/Fox/Core/Utils/File/Permission.php","line":382} []
[2015-11-20 11:05:11] Fox.WARNING: E_WARNING: chown(): Operation not permitted {"file":"/home/wwwroot/zhcrm/application/Fox/Core/Utils/File/Permission.php","line":371} []
[2015-11-20 11:05:11] Fox.WARNING: E_WARNING: chgrp(): Operation not permitted {"file":"/home/wwwroot/zhcrm/application/Fox/Core/Utils/File/Permission.php","line":382} []
[2015-11-20 11:05:11] Fox.WARNING: E_WARNING: chown(): Operation not permitted {"file":"/home/wwwroot/zhcrm/application/Fox/Core/Utils/File/Permission.php","line":371} []
[2015-11-20 11:05:11] Fox.WARNING: E_WARNING: chgrp(): Operation not permitted {"file":"/home/wwwroot/zhcrm/application/Fox/Core/Utils/File/Permission.php","line":382} []
[2015-11-20 11:05:11] Fox.WARNING: E_WARNING: chown(): Operation not permitted {"file":"/home/wwwroot/zhcrm/application/Fox/Core/Utils/File/Permission.php","line":371} []
[2015-11-20 11:05:11] Fox.WARNING: E_WARNING: chgrp(): Operation not permitted {"file":"/home/wwwroot/zhcrm/application/Fox/Core/Utils/File/Permission.php","line":382} []
[2015-11-20 11:05:11] Fox.WARNING: E_WARNING: chown(): Operation not permitted {"file":"/home/wwwroot/zhcrm/application/Fox/Core/Utils/File/Permission.php","line":371} []
[2015-11-20 11:05:11] Fox.WARNING: E_WARNING: chgrp(): Operation not permitted {"file":"/home/wwwroot/zhcrm/application/Fox/Core/Utils/File/Permission.php","line":382} []
[2015-11-20 11:05:12] Fox.WARNING: E_WARNING: chown(): Operation not permitted {"file":"/home/wwwroot/zhcrm/application/Fox/Core/Utils/File/Permission.php","line":371} []
[2015-11-20 11:05:12] Fox.WARNING: E_WARNING: chgrp(): Operation not permitted {"file":"/home/wwwroot/zhcrm/application/Fox/Core/Utils/File/Permission.php","line":382} []
[2015-11-20 11:05:12] Fox.WARNING: E_WARNING: chown(): Operation not permitted {"file":"/home/wwwroot/zhcrm/application/Fox/Core/Utils/File/Permission.php","line":371} []
[2015-11-20 11:05:12] Fox.WARNING: E_WARNING: chgrp(): Operation not permitted {"file":"/home/wwwroot/zhcrm/application/Fox/Core/Utils/File/Permission.php","line":382} []
[2015-11-20 11:05:18] Fox.WARNING: E_WARNING: chown(): Operation not permitted {"file":"/home/wwwroot/zhcrm/application/Fox/Core/Utils/File/Permission.php","line":371} []
[2015-11-20 11:05:18] Fox.WARNING: E_WARNING: chgrp(): Operation not permitted {"file":"/home/wwwroot/zhcrm/application/Fox/Core/Utils/File/Permission.php","line":382} []
[2015-11-20 11:07:05] Fox.WARNING: E_WARNING: chown(): Operation not permitted {"file":"/home/wwwroot/zhcrm/application/Fox/Core/Utils/File/Permission.php","line":371} []
[2015-11-20 11:07:05] Fox.WARNING: E_WARNING: chgrp(): Operation not permitted {"file":"/home/wwwroot/zhcrm/application/Fox/Core/Utils/File/Permission.php","line":382} []
[2015-11-20 11:20:57] Fox.WARNING: E_WARNING: chown(): Operation not permitted {"file":"/home/wwwroot/zhcrm/application/Fox/Core/Utils/File/Permission.php","line":371} []
[2015-11-20 11:20:57] Fox.WARNING: E_WARNING: chgrp(): Operation not permitted {"file":"/home/wwwroot/zhcrm/application/Fox/Core/Utils/File/Permission.php","line":382} []
[2015-11-20 11:20:57] Fox.WARNING: E_WARNING: chown(): Operation not permitted {"file":"/home/wwwroot/zhcrm/application/Fox/Core/Utils/File/Permission.php","line":371} []
[2015-11-20 11:20:57] Fox.WARNING: E_WARNING: chgrp(): Operation not permitted {"file":"/home/wwwroot/zhcrm/application/Fox/Core/Utils/File/Permission.php","line":382} []
[2015-11-20 11:20:57] Fox.WARNING: E_WARNING: chown(): Operation not permitted {"file":"/home/wwwroot/zhcrm/application/Fox/Core/Utils/File/Permission.php","line":371} []
[2015-11-20 11:20:57] Fox.WARNING: E_WARNING: chgrp(): Operation not permitted {"file":"/home/wwwroot/zhcrm/application/Fox/Core/Utils/File/Permission.php","line":382} []
[2015-11-20 11:20:57] Fox.WARNING: E_WARNING: chown(): Operation not permitted {"file":"/home/wwwroot/zhcrm/application/Fox/Core/Utils/File/Permission.php","line":371} []
[2015-11-20 11:20:57] Fox.WARNING: E_WARNING: chgrp(): Operation not permitted {"file":"/home/wwwroot/zhcrm/application/Fox/Core/Utils/File/Permission.php","line":382} []
[2015-11-20 11:20:58] Fox.WARNING: E_WARNING: chown(): Operation not permitted {"file":"/home/wwwroot/zhcrm/application/Fox/Core/Utils/File/Permission.php","line":371} []
[2015-11-20 11:20:58] Fox.WARNING: E_WARNING: chgrp(): Operation not permitted {"file":"/home/wwwroot/zhcrm/application/Fox/Core/Utils/File/Permission.php","line":382} []
[2015-11-20 11:20:58] Fox.WARNING: E_WARNING: chown(): Operation not permitted {"file":"/home/wwwroot/zhcrm/application/Fox/Core/Utils/File/Permission.php","line":371} []
[2015-11-20 11:20:58] Fox.WARNING: E_WARNING: chgrp(): Operation not permitted {"file":"/home/wwwroot/zhcrm/application/Fox/Core/Utils/File/Permission.php","line":382} []
[2015-11-20 11:20:58] Fox.WARNING: E_WARNING: chown(): Operation not permitted {"file":"/home/wwwroot/zhcrm/application/Fox/Core/Utils/File/Permission.php","line":371} []
[2015-11-20 11:20:58] Fox.WARNING: E_WARNING: chgrp(): Operation not permitted {"file":"/home/wwwroot/zhcrm/application/Fox/Core/Utils/File/Permission.php","line":382} []
[2015-11-20 11:20:58] Fox.WARNING: E_WARNING: chown(): Operation not permitted {"file":"/home/wwwroot/zhcrm/application/Fox/Core/Utils/File/Permission.php","line":371} []
[2015-11-20 11:20:58] Fox.WARNING: E_WARNING: chgrp(): Operation not permitted {"file":"/home/wwwroot/zhcrm/application/Fox/Core/Utils/File/Permission.php","line":382} []
[2015-11-20 11:20:58] Fox.WARNING: E_WARNING: chown(): Operation not permitted {"file":"/home/wwwroot/zhcrm/application/Fox/Core/Utils/File/Permission.php","line":371} []
[2015-11-20 11:20:58] Fox.WARNING: E_WARNING: chgrp(): Operation not permitted {"file":"/home/wwwroot/zhcrm/application/Fox/Core/Utils/File/Permission.php","line":382} []
[2015-11-20 11:20:58] Fox.WARNING: E_WARNING: chown(): Operation not permitted {"file":"/home/wwwroot/zhcrm/application/Fox/Core/Utils/File/Permission.php","line":371} []
[2015-11-20 11:20:58] Fox.WARNING: E_WARNING: chgrp(): Operation not permitted {"file":"/home/wwwroot/zhcrm/application/Fox/Core/Utils/File/Permission.php","line":382} []
[2015-11-20 11:20:58] Fox.WARNING: E_WARNING: chown(): Operation not permitted {"file":"/home/wwwroot/zhcrm/application/Fox/Core/Utils/File/Permission.php","line":371} []
[2015-11-20 11:20:58] Fox.WARNING: E_WARNING: chgrp(): Operation not permitted {"file":"/home/wwwroot/zhcrm/application/Fox/Core/Utils/File/Permission.php","line":382} []
[2015-11-20 11:20:58] Fox.WARNING: E_WARNING: chown(): Operation not permitted {"file":"/home/wwwroot/zhcrm/application/Fox/Core/Utils/File/Permission.php","line":371} []
[2015-11-20 11:20:58] Fox.WARNING: E_WARNING: chgrp(): Operation not permitted {"file":"/home/wwwroot/zhcrm/application/Fox/Core/Utils/File/Permission.php","line":382} []
[2015-11-20 11:20:58] Fox.WARNING: E_WARNING: chown(): Operation not permitted {"file":"/home/wwwroot/zhcrm/application/Fox/Core/Utils/File/Permission.php","line":371} []
[2015-11-20 11:20:58] Fox.WARNING: E_WARNING: chgrp(): Operation not permitted {"file":"/home/wwwroot/zhcrm/application/Fox/Core/Utils/File/Permission.php","line":382} []
[2015-11-20 11:20:58] Fox.WARNING: E_WARNING: chown(): Operation not permitted {"file":"/home/wwwroot/zhcrm/application/Fox/Core/Utils/File/Permission.php","line":371} []
[2015-11-20 11:20:58] Fox.WARNING: E_WARNING: chgrp(): Operation not permitted {"file":"/home/wwwroot/zhcrm/application/Fox/Core/Utils/File/Permission.php","line":382} []
[2015-11-20 11:20:58] Fox.WARNING: E_WARNING: chown(): Operation not permitted {"file":"/home/wwwroot/zhcrm/application/Fox/Core/Utils/File/Permission.php","line":371} []
[2015-11-20 11:20:58] Fox.WARNING: E_WARNING: chgrp(): Operation not permitted {"file":"/home/wwwroot/zhcrm/application/Fox/Core/Utils/File/Permission.php","line":382} []
[2015-11-20 11:20:58] Fox.WARNING: E_WARNING: chown(): Operation not permitted {"file":"/home/wwwroot/zhcrm/application/Fox/Core/Utils/File/Permission.php","line":371} []
[2015-11-20 11:20:58] Fox.WARNING: E_WARNING: chgrp(): Operation not permitted {"file":"/home/wwwroot/zhcrm/application/Fox/Core/Utils/File/Permission.php","line":382} []
[2015-11-20 11:20:58] Fox.WARNING: E_WARNING: chown(): Operation not permitted {"file":"/home/wwwroot/zhcrm/application/Fox/Core/Utils/File/Permission.php","line":371} []
[2015-11-20 11:20:58] Fox.WARNING: E_WARNING: chgrp(): Operation not permitted {"file":"/home/wwwroot/zhcrm/application/Fox/Core/Utils/File/Permission.php","line":382} []
[2015-11-20 11:20:58] Fox.WARNING: E_WARNING: chown(): Operation not permitted {"file":"/home/wwwroot/zhcrm/application/Fox/Core/Utils/File/Permission.php","line":371} []
[2015-11-20 11:20:58] Fox.WARNING: E_WARNING: chgrp(): Operation not permitted {"file":"/home/wwwroot/zhcrm/application/Fox/Core/Utils/File/Permission.php","line":382} []
[2015-11-20 11:20:58] Fox.WARNING: E_WARNING: chown(): Operation not permitted {"file":"/home/wwwroot/zhcrm/application/Fox/Core/Utils/File/Permission.php","line":371} []
[2015-11-20 11:20:58] Fox.WARNING: E_WARNING: chgrp(): Operation not permitted {"file":"/home/wwwroot/zhcrm/application/Fox/Core/Utils/File/Permission.php","line":382} []
[2015-11-20 11:20:58] Fox.WARNING: E_WARNING: chown(): Operation not permitted {"file":"/home/wwwroot/zhcrm/application/Fox/Core/Utils/File/Permission.php","line":371} []
[2015-11-20 11:20:58] Fox.WARNING: E_WARNING: chgrp(): Operation not permitted {"file":"/home/wwwroot/zhcrm/application/Fox/Core/Utils/File/Permission.php","line":382} []
[2015-11-20 11:20:58] Fox.WARNING: E_WARNING: chown(): Operation not permitted {"file":"/home/wwwroot/zhcrm/application/Fox/Core/Utils/File/Permission.php","line":371} []
[2015-11-20 11:20:58] Fox.WARNING: E_WARNING: chgrp(): Operation not permitted {"file":"/home/wwwroot/zhcrm/application/Fox/Core/Utils/File/Permission.php","line":382} []
[2015-11-20 11:20:58] Fox.WARNING: E_WARNING: chown(): Operation not permitted {"file":"/home/wwwroot/zhcrm/application/Fox/Core/Utils/File/Permission.php","line":371} []
[2015-11-20 11:20:58] Fox.WARNING: E_WARNING: chgrp(): Operation not permitted {"file":"/home/wwwroot/zhcrm/application/Fox/Core/Utils/File/Permission.php","line":382} []
[2015-11-20 11:20:58] Fox.WARNING: E_WARNING: chown(): Operation not permitted {"file":"/home/wwwroot/zhcrm/application/Fox/Core/Utils/File/Permission.php","line":371} []
[2015-11-20 11:20:58] Fox.WARNING: E_WARNING: chgrp(): Operation not permitted {"file":"/home/wwwroot/zhcrm/application/Fox/Core/Utils/File/Permission.php","line":382} []
[2015-11-20 11:32:04] Fox.WARNING: E_WARNING: chmod(): Operation not permitted {"file":"/home/wwwroot/zhcrm/application/Fox/Core/Utils/File/Permission.php","line":349} []
[2015-11-20 11:32:04] Fox.WARNING: E_WARNING: chown(): Operation not permitted {"file":"/home/wwwroot/zhcrm/application/Fox/Core/Utils/File/Permission.php","line":371} []
[2015-11-20 11:32:04] Fox.WARNING: E_WARNING: chgrp(): Operation not permitted {"file":"/home/wwwroot/zhcrm/application/Fox/Core/Utils/File/Permission.php","line":382} []
[2015-11-20 11:32:04] Fox.WARNING: E_WARNING: chmod(): Operation not permitted {"file":"/home/wwwroot/zhcrm/application/Fox/Core/Utils/File/Permission.php","line":359} []
[2015-11-20 11:32:04] Fox.WARNING: E_WARNING: chown(): Operation not permitted {"file":"/home/wwwroot/zhcrm/application/Fox/Core/Utils/File/Permission.php","line":371} []
[2015-11-20 11:32:04] Fox.WARNING: E_WARNING: chgrp(): Operation not permitted {"file":"/home/wwwroot/zhcrm/application/Fox/Core/Utils/File/Permission.php","line":382} []
[2015-11-20 11:32:50] Fox.WARNING: E_WARNING: chmod(): Operation not permitted {"file":"/home/wwwroot/zhcrm/application/Fox/Core/Utils/File/Permission.php","line":349} []
[2015-11-20 11:32:50] Fox.WARNING: E_WARNING: chown(): Operation not permitted {"file":"/home/wwwroot/zhcrm/application/Fox/Core/Utils/File/Permission.php","line":371} []
[2015-11-20 11:32:50] Fox.WARNING: E_WARNING: chgrp(): Operation not permitted {"file":"/home/wwwroot/zhcrm/application/Fox/Core/Utils/File/Permission.php","line":382} []
[2015-11-20 11:32:50] Fox.WARNING: E_WARNING: chmod(): Operation not permitted {"file":"/home/wwwroot/zhcrm/application/Fox/Core/Utils/File/Permission.php","line":359} []
[2015-11-20 11:32:50] Fox.WARNING: E_WARNING: chown(): Operation not permitted {"file":"/home/wwwroot/zhcrm/application/Fox/Core/Utils/File/Permission.php","line":371} []
[2015-11-20 11:32:50] Fox.WARNING: E_WARNING: chgrp(): Operation not permitted {"file":"/home/wwwroot/zhcrm/application/Fox/Core/Utils/File/Permission.php","line":382} []
[2015-11-20 11:37:46] Fox.WARNING: E_WARNING: chmod(): Operation not permitted {"file":"/home/wwwroot/zhcrm/application/Fox/Core/Utils/File/Permission.php","line":349} []
[2015-11-20 11:37:46] Fox.WARNING: E_WARNING: chown(): Operation not permitted {"file":"/home/wwwroot/zhcrm/application/Fox/Core/Utils/File/Permission.php","line":371} []
[2015-11-20 11:37:46] Fox.WARNING: E_WARNING: chgrp(): Operation not permitted {"file":"/home/wwwroot/zhcrm/application/Fox/Core/Utils/File/Permission.php","line":382} []
[2015-11-20 11:37:46] Fox.WARNING: E_WARNING: chmod(): Operation not permitted {"file":"/home/wwwroot/zhcrm/application/Fox/Core/Utils/File/Permission.php","line":359} []
[2015-11-20 11:37:46] Fox.WARNING: E_WARNING: chown(): Operation not permitted {"file":"/home/wwwroot/zhcrm/application/Fox/Core/Utils/File/Permission.php","line":371} []
[2015-11-20 11:37:46] Fox.WARNING: E_WARNING: chgrp(): Operation not permitted {"file":"/home/wwwroot/zhcrm/application/Fox/Core/Utils/File/Permission.php","line":382} []
[2015-11-20 11:38:06] Fox.WARNING: E_WARNING: chmod(): Operation not permitted {"file":"/home/wwwroot/zhcrm/application/Fox/Core/Utils/File/Permission.php","line":349} []
[2015-11-20 11:38:06] Fox.WARNING: E_WARNING: chown(): Operation not permitted {"file":"/home/wwwroot/zhcrm/application/Fox/Core/Utils/File/Permission.php","line":371} []
[2015-11-20 11:38:06] Fox.WARNING: E_WARNING: chgrp(): Operation not permitted {"file":"/home/wwwroot/zhcrm/application/Fox/Core/Utils/File/Permission.php","line":382} []
[2015-11-20 11:38:06] Fox.WARNING: E_WARNING: chmod(): Operation not permitted {"file":"/home/wwwroot/zhcrm/application/Fox/Core/Utils/File/Permission.php","line":359} []
[2015-11-20 11:38:06] Fox.WARNING: E_WARNING: chown(): Operation not permitted {"file":"/home/wwwroot/zhcrm/application/Fox/Core/Utils/File/Permission.php","line":371} []
[2015-11-20 11:38:06] Fox.WARNING: E_WARNING: chgrp(): Operation not permitted {"file":"/home/wwwroot/zhcrm/application/Fox/Core/Utils/File/Permission.php","line":382} []
[2015-11-20 11:40:10] Fox.WARNING: E_WARNING: chmod(): Operation not permitted {"file":"/home/wwwroot/zhcrm/application/Fox/Core/Utils/File/Permission.php","line":349} []
[2015-11-20 11:40:10] Fox.WARNING: E_WARNING: chown(): Operation not permitted {"file":"/home/wwwroot/zhcrm/application/Fox/Core/Utils/File/Permission.php","line":371} []
[2015-11-20 11:40:10] Fox.WARNING: E_WARNING: chgrp(): Operation not permitted {"file":"/home/wwwroot/zhcrm/application/Fox/Core/Utils/File/Permission.php","line":382} []
[2015-11-20 11:40:10] Fox.WARNING: E_WARNING: chmod(): Operation not permitted {"file":"/home/wwwroot/zhcrm/application/Fox/Core/Utils/File/Permission.php","line":359} []
[2015-11-20 11:40:10] Fox.WARNING: E_WARNING: chown(): Operation not permitted {"file":"/home/wwwroot/zhcrm/application/Fox/Core/Utils/File/Permission.php","line":371} []
[2015-11-20 11:40:10] Fox.WARNING: E_WARNING: chgrp(): Operation not permitted {"file":"/home/wwwroot/zhcrm/application/Fox/Core/Utils/File/Permission.php","line":382} []
[2015-11-20 11:40:48] Fox.WARNING: E_WARNING: chmod(): Operation not permitted {"file":"/home/wwwroot/zhcrm/application/Fox/Core/Utils/File/Permission.php","line":349} []
[2015-11-20 11:40:48] Fox.WARNING: E_WARNING: chown(): Operation not permitted {"file":"/home/wwwroot/zhcrm/application/Fox/Core/Utils/File/Permission.php","line":371} []
[2015-11-20 11:40:48] Fox.WARNING: E_WARNING: chgrp(): Operation not permitted {"file":"/home/wwwroot/zhcrm/application/Fox/Core/Utils/File/Permission.php","line":382} []
[2015-11-20 11:40:48] Fox.WARNING: E_WARNING: chmod(): Operation not permitted {"file":"/home/wwwroot/zhcrm/application/Fox/Core/Utils/File/Permission.php","line":359} []
[2015-11-20 11:40:48] Fox.WARNING: E_WARNING: chown(): Operation not permitted {"file":"/home/wwwroot/zhcrm/application/Fox/Core/Utils/File/Permission.php","line":371} []
[2015-11-20 11:40:48] Fox.WARNING: E_WARNING: chgrp(): Operation not permitted {"file":"/home/wwwroot/zhcrm/application/Fox/Core/Utils/File/Permission.php","line":382} []
[2015-11-20 11:48:28] Fox.WARNING: E_WARNING: chmod(): Operation not permitted {"file":"/home/wwwroot/zhcrm/application/Fox/Core/Utils/File/Permission.php","line":349} []
[2015-11-20 11:48:28] Fox.WARNING: E_WARNING: chown(): Operation not permitted {"file":"/home/wwwroot/zhcrm/application/Fox/Core/Utils/File/Permission.php","line":371} []
[2015-11-20 11:48:28] Fox.WARNING: E_WARNING: chgrp(): Operation not permitted {"file":"/home/wwwroot/zhcrm/application/Fox/Core/Utils/File/Permission.php","line":382} []
[2015-11-20 11:48:28] Fox.WARNING: E_WARNING: chmod(): Operation not permitted {"file":"/home/wwwroot/zhcrm/application/Fox/Core/Utils/File/Permission.php","line":359} []
[2015-11-20 11:48:28] Fox.WARNING: E_WARNING: chown(): Operation not permitted {"file":"/home/wwwroot/zhcrm/application/Fox/Core/Utils/File/Permission.php","line":371} []
[2015-11-20 11:48:28] Fox.WARNING: E_WARNING: chgrp(): Operation not permitted {"file":"/home/wwwroot/zhcrm/application/Fox/Core/Utils/File/Permission.php","line":382} []
[2015-11-20 13:02:10] Fox.WARNING: E_WARNING: chmod(): Operation not permitted {"file":"/home/wwwroot/zhcrm/application/Fox/Core/Utils/File/Permission.php","line":349} []
[2015-11-20 13:02:10] Fox.WARNING: E_WARNING: chown(): Operation not permitted {"file":"/home/wwwroot/zhcrm/application/Fox/Core/Utils/File/Permission.php","line":371} []
[2015-11-20 13:02:10] Fox.WARNING: E_WARNING: chgrp(): Operation not permitted {"file":"/home/wwwroot/zhcrm/application/Fox/Core/Utils/File/Permission.php","line":382} []
[2015-11-20 13:02:10] Fox.WARNING: E_WARNING: chmod(): Operation not permitted {"file":"/home/wwwroot/zhcrm/application/Fox/Core/Utils/File/Permission.php","line":359} []
[2015-11-20 13:02:10] Fox.WARNING: E_WARNING: chown(): Operation not permitted {"file":"/home/wwwroot/zhcrm/application/Fox/Core/Utils/File/Permission.php","line":371} []
[2015-11-20 13:02:10] Fox.WARNING: E_WARNING: chgrp(): Operation not permitted {"file":"/home/wwwroot/zhcrm/application/Fox/Core/Utils/File/Permission.php","line":382} []
[2015-11-20 13:28:30] Fox.WARNING: E_WARNING: chmod(): Operation not permitted {"file":"/home/wwwroot/zhcrm/application/Fox/Core/Utils/File/Permission.php","line":349} []
[2015-11-20 13:28:30] Fox.WARNING: E_WARNING: chown(): Operation not permitted {"file":"/home/wwwroot/zhcrm/application/Fox/Core/Utils/File/Permission.php","line":371} []
[2015-11-20 13:28:30] Fox.WARNING: E_WARNING: chgrp(): Operation not permitted {"file":"/home/wwwroot/zhcrm/application/Fox/Core/Utils/File/Permission.php","line":382} []
[2015-11-20 13:28:30] Fox.WARNING: E_WARNING: chmod(): Operation not permitted {"file":"/home/wwwroot/zhcrm/application/Fox/Core/Utils/File/Permission.php","line":359} []
[2015-11-20 13:28:30] Fox.WARNING: E_WARNING: chown(): Operation not permitted {"file":"/home/wwwroot/zhcrm/application/Fox/Core/Utils/File/Permission.php","line":371} []
[2015-11-20 13:28:30] Fox.WARNING: E_WARNING: chgrp(): Operation not permitted {"file":"/home/wwwroot/zhcrm/application/Fox/Core/Utils/File/Permission.php","line":382} []
[2015-11-20 13:28:44] Fox.WARNING: E_WARNING: chown(): Operation not permitted {"file":"/home/wwwroot/zhcrm/application/Fox/Core/Utils/File/Permission.php","line":371} []
[2015-11-20 13:28:44] Fox.WARNING: E_WARNING: chgrp(): Operation not permitted {"file":"/home/wwwroot/zhcrm/application/Fox/Core/Utils/File/Permission.php","line":382} []
[2015-11-20 14:20:13] Fox.ERROR: API [POST]:/:controller, Params:Array
(
    [controller] => Account
)
, InputData: {"assignedUserId":"1","assignedUserName":"Admin","type":"","industry":"","name":"232323","emailAddressData":[],"emailAddress":null,"phoneNumberData":[],"phoneNumber":null,"website":"","address":"","description":"","billingAddress":"","teamsIds":[],"teamsNames":{}} - {"reason":"Duplicate","data":{"564ebb938549eaca1":"232323"}} [] []
[2015-11-20 14:20:13] Fox.ERROR: Display Error: {"reason":"Duplicate","data":{"564ebb938549eaca1":"232323"}}, Code: 409 URL: /api/v1/Account [] []
[2015-11-20 14:26:15] Fox.WARNING: E_WARNING: chmod(): Operation not permitted {"file":"/home/wwwroot/zhcrm/application/Fox/Core/Utils/File/Permission.php","line":349} []
[2015-11-20 14:26:15] Fox.WARNING: E_WARNING: chown(): Operation not permitted {"file":"/home/wwwroot/zhcrm/application/Fox/Core/Utils/File/Permission.php","line":371} []
[2015-11-20 14:26:15] Fox.WARNING: E_WARNING: chgrp(): Operation not permitted {"file":"/home/wwwroot/zhcrm/application/Fox/Core/Utils/File/Permission.php","line":382} []
[2015-11-20 14:26:15] Fox.WARNING: E_WARNING: chmod(): Operation not permitted {"file":"/home/wwwroot/zhcrm/application/Fox/Core/Utils/File/Permission.php","line":359} []
[2015-11-20 14:26:15] Fox.WARNING: E_WARNING: chown(): Operation not permitted {"file":"/home/wwwroot/zhcrm/application/Fox/Core/Utils/File/Permission.php","line":371} []
[2015-11-20 14:26:15] Fox.WARNING: E_WARNING: chgrp(): Operation not permitted {"file":"/home/wwwroot/zhcrm/application/Fox/Core/Utils/File/Permission.php","line":382} []
[2015-11-20 14:26:41] Fox.WARNING: E_WARNING: chmod(): Operation not permitted {"file":"/home/wwwroot/zhcrm/application/Fox/Core/Utils/File/Permission.php","line":349} []
[2015-11-20 14:26:41] Fox.WARNING: E_WARNING: chown(): Operation not permitted {"file":"/home/wwwroot/zhcrm/application/Fox/Core/Utils/File/Permission.php","line":371} []
[2015-11-20 14:26:41] Fox.WARNING: E_WARNING: chgrp(): Operation not permitted {"file":"/home/wwwroot/zhcrm/application/Fox/Core/Utils/File/Permission.php","line":382} []
[2015-11-20 14:26:41] Fox.WARNING: E_WARNING: chmod(): Operation not permitted {"file":"/home/wwwroot/zhcrm/application/Fox/Core/Utils/File/Permission.php","line":359} []
[2015-11-20 14:26:41] Fox.WARNING: E_WARNING: chown(): Operation not permitted {"file":"/home/wwwroot/zhcrm/application/Fox/Core/Utils/File/Permission.php","line":371} []
[2015-11-20 14:26:41] Fox.WARNING: E_WARNING: chgrp(): Operation not permitted {"file":"/home/wwwroot/zhcrm/application/Fox/Core/Utils/File/Permission.php","line":382} []
[2015-11-20 14:49:32] Fox.WARNING: E_WARNING: chown(): Operation not permitted {"file":"/home/wwwroot/zhcrm/application/Fox/Core/Utils/File/Permission.php","line":371} []
[2015-11-20 14:49:32] Fox.WARNING: E_WARNING: chgrp(): Operation not permitted {"file":"/home/wwwroot/zhcrm/application/Fox/Core/Utils/File/Permission.php","line":382} []
