[2015-11-04 01:45:47] Fox.WARNING: E_WARNING: chown(): Operation not permitted {"file":"/home/wwwroot/zhcrm/application/Fox/Core/Utils/File/Permission.php","line":371} []
[2015-11-04 01:45:47] Fox.WARNING: E_WARNING: chgrp(): Operation not permitted {"file":"/home/wwwroot/zhcrm/application/Fox/Core/Utils/File/Permission.php","line":382} []
[2015-11-04 01:50:12] Fox.WARNING: E_WARNING: chown(): Operation not permitted {"file":"/home/wwwroot/zhcrm/application/Fox/Core/Utils/File/Permission.php","line":371} []
[2015-11-04 01:50:12] Fox.WARNING: E_WARNING: chgrp(): Operation not permitted {"file":"/home/wwwroot/zhcrm/application/Fox/Core/Utils/File/Permission.php","line":382} []
[2015-11-04 01:52:53] Fox.WARNING: E_WARNING: chown(): Operation not permitted {"file":"/home/wwwroot/zhcrm/application/Fox/Core/Utils/File/Permission.php","line":371} []
[2015-11-04 01:52:53] Fox.WARNING: E_WARNING: chgrp(): Operation not permitted {"file":"/home/wwwroot/zhcrm/application/Fox/Core/Utils/File/Permission.php","line":382} []
[2015-11-04 01:54:13] Fox.WARNING: E_WARNING: chown(): Operation not permitted {"file":"/home/wwwroot/zhcrm/application/Fox/Core/Utils/File/Permission.php","line":371} []
[2015-11-04 01:54:13] Fox.WARNING: E_WARNING: chgrp(): Operation not permitted {"file":"/home/wwwroot/zhcrm/application/Fox/Core/Utils/File/Permission.php","line":382} []
[2015-11-04 01:58:12] Fox.WARNING: E_WARNING: chown(): Operation not permitted {"file":"/home/wwwroot/zhcrm/application/Fox/Core/Utils/File/Permission.php","line":371} []
[2015-11-04 01:58:12] Fox.WARNING: E_WARNING: chgrp(): Operation not permitted {"file":"/home/wwwroot/zhcrm/application/Fox/Core/Utils/File/Permission.php","line":382} []
[2015-11-04 05:02:48] Fox.WARNING: E_WARNING: chown(): Operation not permitted {"file":"/home/wwwroot/zhcrm/application/Fox/Core/Utils/File/Permission.php","line":371} []
[2015-11-04 05:02:48] Fox.WARNING: E_WARNING: chgrp(): Operation not permitted {"file":"/home/wwwroot/zhcrm/application/Fox/Core/Utils/File/Permission.php","line":382} []
[2015-11-04 05:02:49] Fox.ERROR: Import: [23000] SQLSTATE[23000]: Integrity constraint violation: 1062 Duplicate entry '561e57eaad4707547' for key 'PRIMARY' [] []
[2015-11-04 05:02:49] Fox.ERROR: Import: [23000] SQLSTATE[23000]: Integrity constraint violation: 1062 Duplicate entry '563729d8d4b709bd8' for key 'PRIMARY' [] []
[2015-11-04 05:02:49] Fox.ERROR: Import: [23000] SQLSTATE[23000]: Integrity constraint violation: 1062 Duplicate entry '563879fdc8bd07825' for key 'PRIMARY' [] []
[2015-11-04 05:02:49] Fox.ERROR: Import: [23000] SQLSTATE[23000]: Integrity constraint violation: 1062 Duplicate entry '561e57eaad4707547' for key 'PRIMARY' [] []
[2015-11-04 05:02:49] Fox.ERROR: Import: [23000] SQLSTATE[23000]: Integrity constraint violation: 1062 Duplicate entry '563729d8d4b709bd8' for key 'PRIMARY' [] []
[2015-11-04 05:02:49] Fox.ERROR: Import: [23000] SQLSTATE[23000]: Integrity constraint violation: 1062 Duplicate entry '563879fdc8bd07825' for key 'PRIMARY' [] []
[2015-11-04 05:02:49] Fox.ERROR: Import: [23000] SQLSTATE[23000]: Integrity constraint violation: 1062 Duplicate entry '561e57eaad4707547' for key 'PRIMARY' [] []
[2015-11-04 05:02:49] Fox.ERROR: Import: [23000] SQLSTATE[23000]: Integrity constraint violation: 1062 Duplicate entry '563729d8d4b709bd8' for key 'PRIMARY' [] []
[2015-11-04 05:02:49] Fox.ERROR: Import: [23000] SQLSTATE[23000]: Integrity constraint violation: 1062 Duplicate entry '563879fdc8bd07825' for key 'PRIMARY' [] []
[2015-11-04 05:02:49] Fox.ERROR: Import: [23000] SQLSTATE[23000]: Integrity constraint violation: 1062 Duplicate entry '561e57eaad4707547' for key 'PRIMARY' [] []
[2015-11-04 05:02:49] Fox.ERROR: Import: [23000] SQLSTATE[23000]: Integrity constraint violation: 1062 Duplicate entry '563729d8d4b709bd8' for key 'PRIMARY' [] []
[2015-11-04 05:02:49] Fox.ERROR: Import: [23000] SQLSTATE[23000]: Integrity constraint violation: 1062 Duplicate entry '563879fdc8bd07825' for key 'PRIMARY' [] []
[2015-11-04 05:02:49] Fox.ERROR: Import: [23000] SQLSTATE[23000]: Integrity constraint violation: 1062 Duplicate entry '561e57eaad4707547' for key 'PRIMARY' [] []
[2015-11-04 05:02:49] Fox.ERROR: Import: [23000] SQLSTATE[23000]: Integrity constraint violation: 1062 Duplicate entry '563729d8d4b709bd8' for key 'PRIMARY' [] []
[2015-11-04 05:02:49] Fox.ERROR: Import: [23000] SQLSTATE[23000]: Integrity constraint violation: 1062 Duplicate entry '563879fdc8bd07825' for key 'PRIMARY' [] []
[2015-11-04 05:02:49] Fox.ERROR: Import: [23000] SQLSTATE[23000]: Integrity constraint violation: 1062 Duplicate entry '561e57eaad4707547' for key 'PRIMARY' [] []
[2015-11-04 05:02:49] Fox.ERROR: Import: [23000] SQLSTATE[23000]: Integrity constraint violation: 1062 Duplicate entry '563729d8d4b709bd8' for key 'PRIMARY' [] []
[2015-11-04 05:02:49] Fox.ERROR: Import: [23000] SQLSTATE[23000]: Integrity constraint violation: 1062 Duplicate entry '563879fdc8bd07825' for key 'PRIMARY' [] []
[2015-11-04 05:02:49] Fox.ERROR: Import: [23000] SQLSTATE[23000]: Integrity constraint violation: 1062 Duplicate entry '561e57eaad4707547' for key 'PRIMARY' [] []
[2015-11-04 05:02:49] Fox.ERROR: Import: [23000] SQLSTATE[23000]: Integrity constraint violation: 1062 Duplicate entry '563729d8d4b709bd8' for key 'PRIMARY' [] []
[2015-11-04 05:02:49] Fox.ERROR: Import: [23000] SQLSTATE[23000]: Integrity constraint violation: 1062 Duplicate entry '563879fdc8bd07825' for key 'PRIMARY' [] []
[2015-11-04 05:02:49] Fox.ERROR: Import: [23000] SQLSTATE[23000]: Integrity constraint violation: 1062 Duplicate entry '561e57eaad4707547' for key 'PRIMARY' [] []
[2015-11-04 05:02:49] Fox.ERROR: Import: [23000] SQLSTATE[23000]: Integrity constraint violation: 1062 Duplicate entry '563729d8d4b709bd8' for key 'PRIMARY' [] []
[2015-11-04 05:02:49] Fox.ERROR: Import: [23000] SQLSTATE[23000]: Integrity constraint violation: 1062 Duplicate entry '563879fdc8bd07825' for key 'PRIMARY' [] []
[2015-11-04 05:02:49] Fox.ERROR: Import: [23000] SQLSTATE[23000]: Integrity constraint violation: 1062 Duplicate entry '561e57eaad4707547' for key 'PRIMARY' [] []
[2015-11-04 05:02:49] Fox.ERROR: Import: [23000] SQLSTATE[23000]: Integrity constraint violation: 1062 Duplicate entry '563729d8d4b709bd8' for key 'PRIMARY' [] []
[2015-11-04 05:02:49] Fox.ERROR: Import: [23000] SQLSTATE[23000]: Integrity constraint violation: 1062 Duplicate entry '563879fdc8bd07825' for key 'PRIMARY' [] []
[2015-11-04 05:02:49] Fox.ERROR: Import: [23000] SQLSTATE[23000]: Integrity constraint violation: 1062 Duplicate entry '561e57eaad4707547' for key 'PRIMARY' [] []
[2015-11-04 05:02:49] Fox.ERROR: Import: [23000] SQLSTATE[23000]: Integrity constraint violation: 1062 Duplicate entry '563729d8d4b709bd8' for key 'PRIMARY' [] []
[2015-11-04 05:02:49] Fox.ERROR: Import: [23000] SQLSTATE[23000]: Integrity constraint violation: 1062 Duplicate entry '563879fdc8bd07825' for key 'PRIMARY' [] []
[2015-11-04 05:02:49] Fox.ERROR: Import: [23000] SQLSTATE[23000]: Integrity constraint violation: 1062 Duplicate entry '561e57eaad4707547' for key 'PRIMARY' [] []
[2015-11-04 05:02:49] Fox.ERROR: Import: [23000] SQLSTATE[23000]: Integrity constraint violation: 1062 Duplicate entry '563729d8d4b709bd8' for key 'PRIMARY' [] []
[2015-11-04 05:02:49] Fox.ERROR: Import: [23000] SQLSTATE[23000]: Integrity constraint violation: 1062 Duplicate entry '563879fdc8bd07825' for key 'PRIMARY' [] []
[2015-11-04 05:02:49] Fox.ERROR: Import: [23000] SQLSTATE[23000]: Integrity constraint violation: 1062 Duplicate entry '561e57eaad4707547' for key 'PRIMARY' [] []
[2015-11-04 05:02:49] Fox.ERROR: Import: [23000] SQLSTATE[23000]: Integrity constraint violation: 1062 Duplicate entry '563729d8d4b709bd8' for key 'PRIMARY' [] []
[2015-11-04 05:02:49] Fox.ERROR: Import: [23000] SQLSTATE[23000]: Integrity constraint violation: 1062 Duplicate entry '563879fdc8bd07825' for key 'PRIMARY' [] []
[2015-11-04 05:02:49] Fox.ERROR: Import: [23000] SQLSTATE[23000]: Integrity constraint violation: 1062 Duplicate entry '561e57eaad4707547' for key 'PRIMARY' [] []
[2015-11-04 05:02:49] Fox.ERROR: Import: [23000] SQLSTATE[23000]: Integrity constraint violation: 1062 Duplicate entry '563729d8d4b709bd8' for key 'PRIMARY' [] []
[2015-11-04 05:02:49] Fox.ERROR: Import: [23000] SQLSTATE[23000]: Integrity constraint violation: 1062 Duplicate entry '563879fdc8bd07825' for key 'PRIMARY' [] []
[2015-11-04 05:02:49] Fox.ERROR: Import: [23000] SQLSTATE[23000]: Integrity constraint violation: 1062 Duplicate entry '561e57eaad4707547' for key 'PRIMARY' [] []
[2015-11-04 05:02:49] Fox.ERROR: Import: [23000] SQLSTATE[23000]: Integrity constraint violation: 1062 Duplicate entry '563729d8d4b709bd8' for key 'PRIMARY' [] []
[2015-11-04 05:02:49] Fox.ERROR: Import: [23000] SQLSTATE[23000]: Integrity constraint violation: 1062 Duplicate entry '563879fdc8bd07825' for key 'PRIMARY' [] []
[2015-11-04 05:02:49] Fox.ERROR: Import: [23000] SQLSTATE[23000]: Integrity constraint violation: 1062 Duplicate entry '561e57eaad4707547' for key 'PRIMARY' [] []
[2015-11-04 05:02:49] Fox.ERROR: Import: [23000] SQLSTATE[23000]: Integrity constraint violation: 1062 Duplicate entry '563729d8d4b709bd8' for key 'PRIMARY' [] []
[2015-11-04 05:02:49] Fox.ERROR: Import: [23000] SQLSTATE[23000]: Integrity constraint violation: 1062 Duplicate entry '563879fdc8bd07825' for key 'PRIMARY' [] []
[2015-11-04 05:02:49] Fox.ERROR: Import: [23000] SQLSTATE[23000]: Integrity constraint violation: 1062 Duplicate entry '561e57eaad4707547' for key 'PRIMARY' [] []
[2015-11-04 05:02:49] Fox.ERROR: Import: [23000] SQLSTATE[23000]: Integrity constraint violation: 1062 Duplicate entry '563729d8d4b709bd8' for key 'PRIMARY' [] []
[2015-11-04 05:02:49] Fox.ERROR: Import: [23000] SQLSTATE[23000]: Integrity constraint violation: 1062 Duplicate entry '563879fdc8bd07825' for key 'PRIMARY' [] []
[2015-11-04 05:02:49] Fox.ERROR: Import: [23000] SQLSTATE[23000]: Integrity constraint violation: 1062 Duplicate entry '561e57eaad4707547' for key 'PRIMARY' [] []
[2015-11-04 05:02:49] Fox.ERROR: Import: [23000] SQLSTATE[23000]: Integrity constraint violation: 1062 Duplicate entry '563729d8d4b709bd8' for key 'PRIMARY' [] []
[2015-11-04 05:02:49] Fox.ERROR: Import: [23000] SQLSTATE[23000]: Integrity constraint violation: 1062 Duplicate entry '563879fdc8bd07825' for key 'PRIMARY' [] []
[2015-11-04 05:02:49] Fox.ERROR: Import: [23000] SQLSTATE[23000]: Integrity constraint violation: 1062 Duplicate entry '561e57eaad4707547' for key 'PRIMARY' [] []
[2015-11-04 05:02:49] Fox.ERROR: Import: [23000] SQLSTATE[23000]: Integrity constraint violation: 1062 Duplicate entry '563729d8d4b709bd8' for key 'PRIMARY' [] []
[2015-11-04 05:02:49] Fox.ERROR: Import: [23000] SQLSTATE[23000]: Integrity constraint violation: 1062 Duplicate entry '563879fdc8bd07825' for key 'PRIMARY' [] []
[2015-11-04 05:02:49] Fox.ERROR: Import: [23000] SQLSTATE[23000]: Integrity constraint violation: 1062 Duplicate entry '561e57eaad4707547' for key 'PRIMARY' [] []
[2015-11-04 05:02:49] Fox.ERROR: Import: [23000] SQLSTATE[23000]: Integrity constraint violation: 1062 Duplicate entry '563729d8d4b709bd8' for key 'PRIMARY' [] []
[2015-11-04 05:02:49] Fox.ERROR: Import: [23000] SQLSTATE[23000]: Integrity constraint violation: 1062 Duplicate entry '563879fdc8bd07825' for key 'PRIMARY' [] []
[2015-11-04 05:02:49] Fox.ERROR: Import: [23000] SQLSTATE[23000]: Integrity constraint violation: 1062 Duplicate entry '561e57eaad4707547' for key 'PRIMARY' [] []
[2015-11-04 05:02:49] Fox.ERROR: Import: [23000] SQLSTATE[23000]: Integrity constraint violation: 1062 Duplicate entry '563729d8d4b709bd8' for key 'PRIMARY' [] []
[2015-11-04 05:02:49] Fox.ERROR: Import: [23000] SQLSTATE[23000]: Integrity constraint violation: 1062 Duplicate entry '563879fdc8bd07825' for key 'PRIMARY' [] []
[2015-11-04 05:02:49] Fox.ERROR: Import: [23000] SQLSTATE[23000]: Integrity constraint violation: 1062 Duplicate entry '561e57eaad4707547' for key 'PRIMARY' [] []
[2015-11-04 05:02:49] Fox.ERROR: Import: [23000] SQLSTATE[23000]: Integrity constraint violation: 1062 Duplicate entry '563729d8d4b709bd8' for key 'PRIMARY' [] []
[2015-11-04 05:02:49] Fox.ERROR: Import: [23000] SQLSTATE[23000]: Integrity constraint violation: 1062 Duplicate entry '563879fdc8bd07825' for key 'PRIMARY' [] []
[2015-11-04 05:02:49] Fox.ERROR: Import: [23000] SQLSTATE[23000]: Integrity constraint violation: 1062 Duplicate entry '561e57eaad4707547' for key 'PRIMARY' [] []
[2015-11-04 05:02:49] Fox.ERROR: Import: [23000] SQLSTATE[23000]: Integrity constraint violation: 1062 Duplicate entry '563729d8d4b709bd8' for key 'PRIMARY' [] []
[2015-11-04 05:02:49] Fox.ERROR: Import: [23000] SQLSTATE[23000]: Integrity constraint violation: 1062 Duplicate entry '563879fdc8bd07825' for key 'PRIMARY' [] []
[2015-11-04 05:02:49] Fox.ERROR: Import: [23000] SQLSTATE[23000]: Integrity constraint violation: 1062 Duplicate entry '561e57eaad4707547' for key 'PRIMARY' [] []
[2015-11-04 05:02:49] Fox.ERROR: Import: [23000] SQLSTATE[23000]: Integrity constraint violation: 1062 Duplicate entry '563729d8d4b709bd8' for key 'PRIMARY' [] []
[2015-11-04 05:02:49] Fox.ERROR: Import: [23000] SQLSTATE[23000]: Integrity constraint violation: 1062 Duplicate entry '563879fdc8bd07825' for key 'PRIMARY' [] []
[2015-11-04 05:02:49] Fox.ERROR: Import: [23000] SQLSTATE[23000]: Integrity constraint violation: 1062 Duplicate entry '561e57eaad4707547' for key 'PRIMARY' [] []
[2015-11-04 05:02:49] Fox.ERROR: Import: [23000] SQLSTATE[23000]: Integrity constraint violation: 1062 Duplicate entry '563729d8d4b709bd8' for key 'PRIMARY' [] []
[2015-11-04 05:02:49] Fox.ERROR: Import: [23000] SQLSTATE[23000]: Integrity constraint violation: 1062 Duplicate entry '563879fdc8bd07825' for key 'PRIMARY' [] []
[2015-11-04 05:02:49] Fox.ERROR: Import: [23000] SQLSTATE[23000]: Integrity constraint violation: 1062 Duplicate entry '561e57eaad4707547' for key 'PRIMARY' [] []
[2015-11-04 05:02:49] Fox.ERROR: Import: [23000] SQLSTATE[23000]: Integrity constraint violation: 1062 Duplicate entry '563729d8d4b709bd8' for key 'PRIMARY' [] []
[2015-11-04 05:02:49] Fox.ERROR: Import: [23000] SQLSTATE[23000]: Integrity constraint violation: 1062 Duplicate entry '563879fdc8bd07825' for key 'PRIMARY' [] []
[2015-11-04 05:02:49] Fox.ERROR: Import: [23000] SQLSTATE[23000]: Integrity constraint violation: 1062 Duplicate entry '561e57eaad4707547' for key 'PRIMARY' [] []
[2015-11-04 05:02:49] Fox.ERROR: Import: [23000] SQLSTATE[23000]: Integrity constraint violation: 1062 Duplicate entry '563729d8d4b709bd8' for key 'PRIMARY' [] []
[2015-11-04 05:02:49] Fox.ERROR: Import: [23000] SQLSTATE[23000]: Integrity constraint violation: 1062 Duplicate entry '563879fdc8bd07825' for key 'PRIMARY' [] []
[2015-11-04 05:02:49] Fox.ERROR: Import: [23000] SQLSTATE[23000]: Integrity constraint violation: 1062 Duplicate entry '561e57eaad4707547' for key 'PRIMARY' [] []
[2015-11-04 05:02:49] Fox.ERROR: Import: [23000] SQLSTATE[23000]: Integrity constraint violation: 1062 Duplicate entry '563729d8d4b709bd8' for key 'PRIMARY' [] []
[2015-11-04 05:02:49] Fox.ERROR: Import: [23000] SQLSTATE[23000]: Integrity constraint violation: 1062 Duplicate entry '563879fdc8bd07825' for key 'PRIMARY' [] []
[2015-11-04 05:02:49] Fox.ERROR: Import: [23000] SQLSTATE[23000]: Integrity constraint violation: 1062 Duplicate entry '561e57eaad4707547' for key 'PRIMARY' [] []
[2015-11-04 05:02:49] Fox.ERROR: Import: [23000] SQLSTATE[23000]: Integrity constraint violation: 1062 Duplicate entry '563729d8d4b709bd8' for key 'PRIMARY' [] []
[2015-11-04 05:02:49] Fox.ERROR: Import: [23000] SQLSTATE[23000]: Integrity constraint violation: 1062 Duplicate entry '563879fdc8bd07825' for key 'PRIMARY' [] []
[2015-11-04 05:02:49] Fox.ERROR: Import: [23000] SQLSTATE[23000]: Integrity constraint violation: 1062 Duplicate entry '561e57eaad4707547' for key 'PRIMARY' [] []
[2015-11-04 05:02:49] Fox.ERROR: Import: [23000] SQLSTATE[23000]: Integrity constraint violation: 1062 Duplicate entry '563729d8d4b709bd8' for key 'PRIMARY' [] []
[2015-11-04 05:02:49] Fox.ERROR: Import: [23000] SQLSTATE[23000]: Integrity constraint violation: 1062 Duplicate entry '563879fdc8bd07825' for key 'PRIMARY' [] []
[2015-11-04 05:02:49] Fox.ERROR: Import: [23000] SQLSTATE[23000]: Integrity constraint violation: 1062 Duplicate entry '561e57eaad4707547' for key 'PRIMARY' [] []
[2015-11-04 05:02:49] Fox.ERROR: Import: [23000] SQLSTATE[23000]: Integrity constraint violation: 1062 Duplicate entry '563729d8d4b709bd8' for key 'PRIMARY' [] []
[2015-11-04 05:02:49] Fox.ERROR: Import: [23000] SQLSTATE[23000]: Integrity constraint violation: 1062 Duplicate entry '563879fdc8bd07825' for key 'PRIMARY' [] []
[2015-11-04 05:02:49] Fox.ERROR: Import: [23000] SQLSTATE[23000]: Integrity constraint violation: 1062 Duplicate entry '561e57eaad4707547' for key 'PRIMARY' [] []
[2015-11-04 05:02:49] Fox.ERROR: Import: [23000] SQLSTATE[23000]: Integrity constraint violation: 1062 Duplicate entry '563729d8d4b709bd8' for key 'PRIMARY' [] []
[2015-11-04 05:02:49] Fox.ERROR: Import: [23000] SQLSTATE[23000]: Integrity constraint violation: 1062 Duplicate entry '563879fdc8bd07825' for key 'PRIMARY' [] []
[2015-11-04 05:02:49] Fox.ERROR: Import: [23000] SQLSTATE[23000]: Integrity constraint violation: 1062 Duplicate entry '561e57eaad4707547' for key 'PRIMARY' [] []
[2015-11-04 05:02:49] Fox.ERROR: Import: [23000] SQLSTATE[23000]: Integrity constraint violation: 1062 Duplicate entry '563729d8d4b709bd8' for key 'PRIMARY' [] []
[2015-11-04 05:02:49] Fox.ERROR: Import: [23000] SQLSTATE[23000]: Integrity constraint violation: 1062 Duplicate entry '563879fdc8bd07825' for key 'PRIMARY' [] []
[2015-11-04 05:02:49] Fox.ERROR: Import: [23000] SQLSTATE[23000]: Integrity constraint violation: 1062 Duplicate entry '561e57eaad4707547' for key 'PRIMARY' [] []
[2015-11-04 05:02:49] Fox.ERROR: Import: [23000] SQLSTATE[23000]: Integrity constraint violation: 1062 Duplicate entry '563729d8d4b709bd8' for key 'PRIMARY' [] []
[2015-11-04 05:02:49] Fox.ERROR: Import: [23000] SQLSTATE[23000]: Integrity constraint violation: 1062 Duplicate entry '563879fdc8bd07825' for key 'PRIMARY' [] []
[2015-11-04 05:02:49] Fox.ERROR: Import: [23000] SQLSTATE[23000]: Integrity constraint violation: 1062 Duplicate entry '561e57eaad4707547' for key 'PRIMARY' [] []
[2015-11-04 05:02:49] Fox.ERROR: Import: [23000] SQLSTATE[23000]: Integrity constraint violation: 1062 Duplicate entry '563729d8d4b709bd8' for key 'PRIMARY' [] []
[2015-11-04 05:02:49] Fox.ERROR: Import: [23000] SQLSTATE[23000]: Integrity constraint violation: 1062 Duplicate entry '563879fdc8bd07825' for key 'PRIMARY' [] []
[2015-11-04 05:02:49] Fox.ERROR: Import: [23000] SQLSTATE[23000]: Integrity constraint violation: 1062 Duplicate entry '561e57eaad4707547' for key 'PRIMARY' [] []
[2015-11-04 05:02:49] Fox.ERROR: Import: [23000] SQLSTATE[23000]: Integrity constraint violation: 1062 Duplicate entry '563729d8d4b709bd8' for key 'PRIMARY' [] []
[2015-11-04 05:02:49] Fox.ERROR: Import: [23000] SQLSTATE[23000]: Integrity constraint violation: 1062 Duplicate entry '563879fdc8bd07825' for key 'PRIMARY' [] []
[2015-11-04 05:02:49] Fox.ERROR: Import: [23000] SQLSTATE[23000]: Integrity constraint violation: 1062 Duplicate entry '561e57eaad4707547' for key 'PRIMARY' [] []
[2015-11-04 05:02:49] Fox.ERROR: Import: [23000] SQLSTATE[23000]: Integrity constraint violation: 1062 Duplicate entry '563729d8d4b709bd8' for key 'PRIMARY' [] []
[2015-11-04 05:02:49] Fox.ERROR: Import: [23000] SQLSTATE[23000]: Integrity constraint violation: 1062 Duplicate entry '563879fdc8bd07825' for key 'PRIMARY' [] []
[2015-11-04 05:02:49] Fox.ERROR: Import: [23000] SQLSTATE[23000]: Integrity constraint violation: 1062 Duplicate entry '561e57eaad4707547' for key 'PRIMARY' [] []
[2015-11-04 05:02:49] Fox.ERROR: Import: [23000] SQLSTATE[23000]: Integrity constraint violation: 1062 Duplicate entry '563729d8d4b709bd8' for key 'PRIMARY' [] []
[2015-11-04 05:02:49] Fox.ERROR: Import: [23000] SQLSTATE[23000]: Integrity constraint violation: 1062 Duplicate entry '563879fdc8bd07825' for key 'PRIMARY' [] []
[2015-11-04 05:02:49] Fox.ERROR: Import: [23000] SQLSTATE[23000]: Integrity constraint violation: 1062 Duplicate entry '561e57eaad4707547' for key 'PRIMARY' [] []
[2015-11-04 05:02:49] Fox.ERROR: Import: [23000] SQLSTATE[23000]: Integrity constraint violation: 1062 Duplicate entry '563729d8d4b709bd8' for key 'PRIMARY' [] []
[2015-11-04 05:02:49] Fox.ERROR: Import: [23000] SQLSTATE[23000]: Integrity constraint violation: 1062 Duplicate entry '563879fdc8bd07825' for key 'PRIMARY' [] []
[2015-11-04 05:02:49] Fox.ERROR: Import: [23000] SQLSTATE[23000]: Integrity constraint violation: 1062 Duplicate entry '561e57eaad4707547' for key 'PRIMARY' [] []
[2015-11-04 05:02:49] Fox.ERROR: Import: [23000] SQLSTATE[23000]: Integrity constraint violation: 1062 Duplicate entry '563729d8d4b709bd8' for key 'PRIMARY' [] []
[2015-11-04 05:02:49] Fox.ERROR: Import: [23000] SQLSTATE[23000]: Integrity constraint violation: 1062 Duplicate entry '563879fdc8bd07825' for key 'PRIMARY' [] []
[2015-11-04 05:02:49] Fox.ERROR: Import: [23000] SQLSTATE[23000]: Integrity constraint violation: 1062 Duplicate entry '561e57eaad4707547' for key 'PRIMARY' [] []
[2015-11-04 05:02:49] Fox.ERROR: Import: [23000] SQLSTATE[23000]: Integrity constraint violation: 1062 Duplicate entry '563729d8d4b709bd8' for key 'PRIMARY' [] []
[2015-11-04 05:02:49] Fox.ERROR: Import: [23000] SQLSTATE[23000]: Integrity constraint violation: 1062 Duplicate entry '563879fdc8bd07825' for key 'PRIMARY' [] []
[2015-11-04 05:02:49] Fox.ERROR: Import: [23000] SQLSTATE[23000]: Integrity constraint violation: 1062 Duplicate entry '561e57eaad4707547' for key 'PRIMARY' [] []
[2015-11-04 05:02:49] Fox.ERROR: Import: [23000] SQLSTATE[23000]: Integrity constraint violation: 1062 Duplicate entry '563729d8d4b709bd8' for key 'PRIMARY' [] []
[2015-11-04 05:02:49] Fox.ERROR: Import: [23000] SQLSTATE[23000]: Integrity constraint violation: 1062 Duplicate entry '563879fdc8bd07825' for key 'PRIMARY' [] []
[2015-11-04 05:02:49] Fox.ERROR: Import: [23000] SQLSTATE[23000]: Integrity constraint violation: 1062 Duplicate entry '561e57eaad4707547' for key 'PRIMARY' [] []
[2015-11-04 05:02:49] Fox.ERROR: Import: [23000] SQLSTATE[23000]: Integrity constraint violation: 1062 Duplicate entry '563729d8d4b709bd8' for key 'PRIMARY' [] []
[2015-11-04 05:02:49] Fox.ERROR: Import: [23000] SQLSTATE[23000]: Integrity constraint violation: 1062 Duplicate entry '563879fdc8bd07825' for key 'PRIMARY' [] []
[2015-11-04 05:02:49] Fox.ERROR: Import: [23000] SQLSTATE[23000]: Integrity constraint violation: 1062 Duplicate entry '561e57eaad4707547' for key 'PRIMARY' [] []
[2015-11-04 05:02:49] Fox.ERROR: Import: [23000] SQLSTATE[23000]: Integrity constraint violation: 1062 Duplicate entry '563729d8d4b709bd8' for key 'PRIMARY' [] []
[2015-11-04 05:02:49] Fox.ERROR: Import: [23000] SQLSTATE[23000]: Integrity constraint violation: 1062 Duplicate entry '563879fdc8bd07825' for key 'PRIMARY' [] []
[2015-11-04 05:02:49] Fox.ERROR: Import: [23000] SQLSTATE[23000]: Integrity constraint violation: 1062 Duplicate entry '561e57eaad4707547' for key 'PRIMARY' [] []
[2015-11-04 05:02:49] Fox.ERROR: Import: [23000] SQLSTATE[23000]: Integrity constraint violation: 1062 Duplicate entry '563729d8d4b709bd8' for key 'PRIMARY' [] []
[2015-11-04 05:02:49] Fox.ERROR: Import: [23000] SQLSTATE[23000]: Integrity constraint violation: 1062 Duplicate entry '563879fdc8bd07825' for key 'PRIMARY' [] []
[2015-11-04 05:02:49] Fox.ERROR: Import: [23000] SQLSTATE[23000]: Integrity constraint violation: 1062 Duplicate entry '561e57eaad4707547' for key 'PRIMARY' [] []
[2015-11-04 05:02:49] Fox.ERROR: Import: [23000] SQLSTATE[23000]: Integrity constraint violation: 1062 Duplicate entry '563729d8d4b709bd8' for key 'PRIMARY' [] []
[2015-11-04 05:02:49] Fox.ERROR: Import: [23000] SQLSTATE[23000]: Integrity constraint violation: 1062 Duplicate entry '563879fdc8bd07825' for key 'PRIMARY' [] []
[2015-11-04 05:03:09] Fox.WARNING: E_WARNING: chown(): Operation not permitted {"file":"/home/wwwroot/zhcrm/application/Fox/Core/Utils/File/Permission.php","line":371} []
[2015-11-04 05:03:09] Fox.WARNING: E_WARNING: chgrp(): Operation not permitted {"file":"/home/wwwroot/zhcrm/application/Fox/Core/Utils/File/Permission.php","line":382} []
[2015-11-04 05:05:31] Fox.WARNING: E_WARNING: chown(): Operation not permitted {"file":"/home/wwwroot/zhcrm/application/Fox/Core/Utils/File/Permission.php","line":371} []
[2015-11-04 05:05:31] Fox.WARNING: E_WARNING: chgrp(): Operation not permitted {"file":"/home/wwwroot/zhcrm/application/Fox/Core/Utils/File/Permission.php","line":382} []
[2015-11-04 05:09:27] Fox.WARNING: E_WARNING: chown(): Operation not permitted {"file":"/home/wwwroot/zhcrm/application/Fox/Core/Utils/File/Permission.php","line":371} []
[2015-11-04 05:09:27] Fox.WARNING: E_WARNING: chgrp(): Operation not permitted {"file":"/home/wwwroot/zhcrm/application/Fox/Core/Utils/File/Permission.php","line":382} []
[2015-11-04 13:13:54] Fox.WARNING: E_WARNING: chown(): Operation not permitted {"file":"/home/wwwroot/zhcrm/application/Fox/Core/Utils/File/Permission.php","line":371} []
[2015-11-04 13:13:54] Fox.WARNING: E_WARNING: chgrp(): Operation not permitted {"file":"/home/wwwroot/zhcrm/application/Fox/Core/Utils/File/Permission.php","line":382} []
[2015-11-04 13:50:16] Fox.WARNING: E_WARNING: chown(): Operation not permitted {"file":"/home/wwwroot/zhcrm/application/Fox/Core/Utils/File/Permission.php","line":371} []
[2015-11-04 13:50:16] Fox.WARNING: E_WARNING: chgrp(): Operation not permitted {"file":"/home/wwwroot/zhcrm/application/Fox/Core/Utils/File/Permission.php","line":382} []
[2015-11-04 13:50:16] Fox.WARNING: E_WARNING: chown(): Operation not permitted {"file":"/home/wwwroot/zhcrm/application/Fox/Core/Utils/File/Permission.php","line":371} []
[2015-11-04 13:50:16] Fox.WARNING: E_WARNING: chgrp(): Operation not permitted {"file":"/home/wwwroot/zhcrm/application/Fox/Core/Utils/File/Permission.php","line":382} []
[2015-11-04 13:50:16] Fox.WARNING: E_WARNING: chown(): Operation not permitted {"file":"/home/wwwroot/zhcrm/application/Fox/Core/Utils/File/Permission.php","line":371} []
[2015-11-04 13:50:16] Fox.WARNING: E_WARNING: chgrp(): Operation not permitted {"file":"/home/wwwroot/zhcrm/application/Fox/Core/Utils/File/Permission.php","line":382} []
[2015-11-04 13:50:16] Fox.WARNING: E_WARNING: chown(): Operation not permitted {"file":"/home/wwwroot/zhcrm/application/Fox/Core/Utils/File/Permission.php","line":371} []
[2015-11-04 13:50:16] Fox.WARNING: E_WARNING: chgrp(): Operation not permitted {"file":"/home/wwwroot/zhcrm/application/Fox/Core/Utils/File/Permission.php","line":382} []
[2015-11-04 13:50:16] Fox.WARNING: E_WARNING: file_put_contents(data/config.php): failed to open stream: Permission denied {"file":"/home/wwwroot/zhcrm/application/Fox/Core/Utils/File/Manager.php","line":190} []
[2015-11-04 13:50:16] Fox.WARNING: E_WARNING: chown(): Operation not permitted {"file":"/home/wwwroot/zhcrm/application/Fox/Core/Utils/File/Permission.php","line":371} []
[2015-11-04 13:50:16] Fox.WARNING: E_WARNING: chgrp(): Operation not permitted {"file":"/home/wwwroot/zhcrm/application/Fox/Core/Utils/File/Permission.php","line":382} []
[2015-11-04 13:50:16] Fox.WARNING: E_WARNING: chown(): Operation not permitted {"file":"/home/wwwroot/zhcrm/application/Fox/Core/Utils/File/Permission.php","line":371} []
[2015-11-04 13:50:16] Fox.WARNING: E_WARNING: chgrp(): Operation not permitted {"file":"/home/wwwroot/zhcrm/application/Fox/Core/Utils/File/Permission.php","line":382} []
[2015-11-04 13:50:16] Fox.WARNING: E_WARNING: chown(): Operation not permitted {"file":"/home/wwwroot/zhcrm/application/Fox/Core/Utils/File/Permission.php","line":371} []
[2015-11-04 13:50:16] Fox.WARNING: E_WARNING: chgrp(): Operation not permitted {"file":"/home/wwwroot/zhcrm/application/Fox/Core/Utils/File/Permission.php","line":382} []
[2015-11-04 13:50:16] Fox.WARNING: E_WARNING: chown(): Operation not permitted {"file":"/home/wwwroot/zhcrm/application/Fox/Core/Utils/File/Permission.php","line":371} []
[2015-11-04 13:50:16] Fox.WARNING: E_WARNING: chgrp(): Operation not permitted {"file":"/home/wwwroot/zhcrm/application/Fox/Core/Utils/File/Permission.php","line":382} []
[2015-11-04 13:50:16] Fox.WARNING: E_WARNING: chown(): Operation not permitted {"file":"/home/wwwroot/zhcrm/application/Fox/Core/Utils/File/Permission.php","line":371} []
[2015-11-04 13:50:16] Fox.WARNING: E_WARNING: chgrp(): Operation not permitted {"file":"/home/wwwroot/zhcrm/application/Fox/Core/Utils/File/Permission.php","line":382} []
[2015-11-04 13:50:16] Fox.WARNING: E_WARNING: chown(): Operation not permitted {"file":"/home/wwwroot/zhcrm/application/Fox/Core/Utils/File/Permission.php","line":371} []
[2015-11-04 13:50:16] Fox.WARNING: E_WARNING: chgrp(): Operation not permitted {"file":"/home/wwwroot/zhcrm/application/Fox/Core/Utils/File/Permission.php","line":382} []
[2015-11-04 13:50:16] Fox.WARNING: E_WARNING: chown(): Operation not permitted {"file":"/home/wwwroot/zhcrm/application/Fox/Core/Utils/File/Permission.php","line":371} []
[2015-11-04 13:50:16] Fox.WARNING: E_WARNING: chgrp(): Operation not permitted {"file":"/home/wwwroot/zhcrm/application/Fox/Core/Utils/File/Permission.php","line":382} []
[2015-11-04 13:50:17] Fox.WARNING: E_WARNING: chown(): Operation not permitted {"file":"/home/wwwroot/zhcrm/application/Fox/Core/Utils/File/Permission.php","line":371} []
[2015-11-04 13:50:17] Fox.WARNING: E_WARNING: chgrp(): Operation not permitted {"file":"/home/wwwroot/zhcrm/application/Fox/Core/Utils/File/Permission.php","line":382} []
[2015-11-04 13:56:21] Fox.WARNING: E_WARNING: chown(): Operation not permitted {"file":"/home/wwwroot/zhcrm/application/Fox/Core/Utils/File/Permission.php","line":371} []
[2015-11-04 13:56:21] Fox.WARNING: E_WARNING: chgrp(): Operation not permitted {"file":"/home/wwwroot/zhcrm/application/Fox/Core/Utils/File/Permission.php","line":382} []
[2015-11-04 13:56:54] Fox.WARNING: E_WARNING: chmod(): Operation not permitted {"file":"/home/wwwroot/zhcrm/application/Fox/Core/Utils/File/Permission.php","line":349} []
[2015-11-04 13:56:54] Fox.WARNING: E_WARNING: chown(): Operation not permitted {"file":"/home/wwwroot/zhcrm/application/Fox/Core/Utils/File/Permission.php","line":371} []
[2015-11-04 13:56:54] Fox.WARNING: E_WARNING: chgrp(): Operation not permitted {"file":"/home/wwwroot/zhcrm/application/Fox/Core/Utils/File/Permission.php","line":382} []
[2015-11-04 13:56:54] Fox.WARNING: E_WARNING: chmod(): Operation not permitted {"file":"/home/wwwroot/zhcrm/application/Fox/Core/Utils/File/Permission.php","line":359} []
[2015-11-04 13:56:54] Fox.WARNING: E_WARNING: chown(): Operation not permitted {"file":"/home/wwwroot/zhcrm/application/Fox/Core/Utils/File/Permission.php","line":371} []
[2015-11-04 13:56:54] Fox.WARNING: E_WARNING: chgrp(): Operation not permitted {"file":"/home/wwwroot/zhcrm/application/Fox/Core/Utils/File/Permission.php","line":382} []
[2015-11-04 13:56:54] Fox.WARNING: E_WARNING: file_put_contents(data/config.php): failed to open stream: Permission denied {"file":"/home/wwwroot/zhcrm/application/Fox/Core/Utils/File/Manager.php","line":190} []
[2015-11-04 14:04:54] Fox.WARNING: E_WARNING: chown(): Operation not permitted {"file":"/home/wwwroot/zhcrm/application/Fox/Core/Utils/File/Permission.php","line":371} []
[2015-11-04 14:04:54] Fox.WARNING: E_WARNING: chgrp(): Operation not permitted {"file":"/home/wwwroot/zhcrm/application/Fox/Core/Utils/File/Permission.php","line":382} []
[2015-11-04 14:04:54] Fox.WARNING: E_WARNING: chown(): Operation not permitted {"file":"/home/wwwroot/zhcrm/application/Fox/Core/Utils/File/Permission.php","line":371} []
[2015-11-04 14:04:54] Fox.WARNING: E_WARNING: chgrp(): Operation not permitted {"file":"/home/wwwroot/zhcrm/application/Fox/Core/Utils/File/Permission.php","line":382} []
[2015-11-04 14:04:54] Fox.WARNING: E_WARNING: chown(): Operation not permitted {"file":"/home/wwwroot/zhcrm/application/Fox/Core/Utils/File/Permission.php","line":371} []
[2015-11-04 14:04:54] Fox.WARNING: E_WARNING: chgrp(): Operation not permitted {"file":"/home/wwwroot/zhcrm/application/Fox/Core/Utils/File/Permission.php","line":382} []
[2015-11-04 14:04:54] Fox.WARNING: E_WARNING: chown(): Operation not permitted {"file":"/home/wwwroot/zhcrm/application/Fox/Core/Utils/File/Permission.php","line":371} []
[2015-11-04 14:04:54] Fox.WARNING: E_WARNING: chgrp(): Operation not permitted {"file":"/home/wwwroot/zhcrm/application/Fox/Core/Utils/File/Permission.php","line":382} []
[2015-11-04 14:04:54] Fox.WARNING: E_WARNING: chown(): Operation not permitted {"file":"/home/wwwroot/zhcrm/application/Fox/Core/Utils/File/Permission.php","line":371} []
[2015-11-04 14:04:54] Fox.WARNING: E_WARNING: chgrp(): Operation not permitted {"file":"/home/wwwroot/zhcrm/application/Fox/Core/Utils/File/Permission.php","line":382} []
[2015-11-04 14:04:54] Fox.WARNING: E_WARNING: chown(): Operation not permitted {"file":"/home/wwwroot/zhcrm/application/Fox/Core/Utils/File/Permission.php","line":371} []
[2015-11-04 14:04:54] Fox.WARNING: E_WARNING: chgrp(): Operation not permitted {"file":"/home/wwwroot/zhcrm/application/Fox/Core/Utils/File/Permission.php","line":382} []
[2015-11-04 14:04:54] Fox.WARNING: E_WARNING: chown(): Operation not permitted {"file":"/home/wwwroot/zhcrm/application/Fox/Core/Utils/File/Permission.php","line":371} []
[2015-11-04 14:04:54] Fox.WARNING: E_WARNING: chgrp(): Operation not permitted {"file":"/home/wwwroot/zhcrm/application/Fox/Core/Utils/File/Permission.php","line":382} []
[2015-11-04 14:04:54] Fox.WARNING: E_WARNING: chown(): Operation not permitted {"file":"/home/wwwroot/zhcrm/application/Fox/Core/Utils/File/Permission.php","line":371} []
[2015-11-04 14:04:54] Fox.WARNING: E_WARNING: chgrp(): Operation not permitted {"file":"/home/wwwroot/zhcrm/application/Fox/Core/Utils/File/Permission.php","line":382} []
[2015-11-04 14:04:54] Fox.WARNING: E_WARNING: chown(): Operation not permitted {"file":"/home/wwwroot/zhcrm/application/Fox/Core/Utils/File/Permission.php","line":371} []
[2015-11-04 14:04:54] Fox.WARNING: E_WARNING: chgrp(): Operation not permitted {"file":"/home/wwwroot/zhcrm/application/Fox/Core/Utils/File/Permission.php","line":382} []
[2015-11-04 14:04:54] Fox.WARNING: E_WARNING: chown(): Operation not permitted {"file":"/home/wwwroot/zhcrm/application/Fox/Core/Utils/File/Permission.php","line":371} []
[2015-11-04 14:04:54] Fox.WARNING: E_WARNING: chgrp(): Operation not permitted {"file":"/home/wwwroot/zhcrm/application/Fox/Core/Utils/File/Permission.php","line":382} []
[2015-11-04 14:04:54] Fox.WARNING: E_WARNING: chown(): Operation not permitted {"file":"/home/wwwroot/zhcrm/application/Fox/Core/Utils/File/Permission.php","line":371} []
[2015-11-04 14:04:54] Fox.WARNING: E_WARNING: chgrp(): Operation not permitted {"file":"/home/wwwroot/zhcrm/application/Fox/Core/Utils/File/Permission.php","line":382} []
[2015-11-04 14:04:54] Fox.WARNING: E_WARNING: chown(): Operation not permitted {"file":"/home/wwwroot/zhcrm/application/Fox/Core/Utils/File/Permission.php","line":371} []
[2015-11-04 14:04:54] Fox.WARNING: E_WARNING: chgrp(): Operation not permitted {"file":"/home/wwwroot/zhcrm/application/Fox/Core/Utils/File/Permission.php","line":382} []
[2015-11-04 14:04:54] Fox.WARNING: E_WARNING: chown(): Operation not permitted {"file":"/home/wwwroot/zhcrm/application/Fox/Core/Utils/File/Permission.php","line":371} []
[2015-11-04 14:04:54] Fox.WARNING: E_WARNING: chgrp(): Operation not permitted {"file":"/home/wwwroot/zhcrm/application/Fox/Core/Utils/File/Permission.php","line":382} []
[2015-11-04 14:04:55] Fox.WARNING: E_WARNING: chown(): Operation not permitted {"file":"/home/wwwroot/zhcrm/application/Fox/Core/Utils/File/Permission.php","line":371} []
[2015-11-04 14:04:55] Fox.WARNING: E_WARNING: chgrp(): Operation not permitted {"file":"/home/wwwroot/zhcrm/application/Fox/Core/Utils/File/Permission.php","line":382} []
[2015-11-04 14:04:55] Fox.WARNING: E_WARNING: chown(): Operation not permitted {"file":"/home/wwwroot/zhcrm/application/Fox/Core/Utils/File/Permission.php","line":371} []
[2015-11-04 14:04:55] Fox.WARNING: E_WARNING: chgrp(): Operation not permitted {"file":"/home/wwwroot/zhcrm/application/Fox/Core/Utils/File/Permission.php","line":382} []
[2015-11-04 16:00:00] Fox.WARNING: E_WARNING: chmod(): Operation not permitted {"file":"/home/wwwroot/zhcrm/application/Fox/Core/Utils/File/Permission.php","line":349} []
[2015-11-04 16:00:00] Fox.WARNING: E_WARNING: chown(): Operation not permitted {"file":"/home/wwwroot/zhcrm/application/Fox/Core/Utils/File/Permission.php","line":371} []
[2015-11-04 16:00:00] Fox.WARNING: E_WARNING: chgrp(): Operation not permitted {"file":"/home/wwwroot/zhcrm/application/Fox/Core/Utils/File/Permission.php","line":382} []
[2015-11-04 16:00:00] Fox.WARNING: E_WARNING: chmod(): Operation not permitted {"file":"/home/wwwroot/zhcrm/application/Fox/Core/Utils/File/Permission.php","line":359} []
[2015-11-04 16:00:00] Fox.WARNING: E_WARNING: chown(): Operation not permitted {"file":"/home/wwwroot/zhcrm/application/Fox/Core/Utils/File/Permission.php","line":371} []
[2015-11-04 16:00:00] Fox.WARNING: E_WARNING: chgrp(): Operation not permitted {"file":"/home/wwwroot/zhcrm/application/Fox/Core/Utils/File/Permission.php","line":382} []
[2015-11-04 16:00:00] Fox.WARNING: E_WARNING: file_put_contents(data/config.php): failed to open stream: Permission denied {"file":"/home/wwwroot/zhcrm/application/Fox/Core/Utils/File/Manager.php","line":190} []
