[2015-11-25 15:59:07] Fox.WARNING: E_WARNING: chmod(): Operation not permitted {"file":"/home/wwwroot/zhcrm/application/Fox/Core/Utils/File/Permission.php","line":349} []
[2015-11-25 15:59:07] Fox.WARNING: E_WARNING: chown(): Operation not permitted {"file":"/home/wwwroot/zhcrm/application/Fox/Core/Utils/File/Permission.php","line":371} []
[2015-11-25 15:59:07] Fox.WARNING: E_WARNING: chgrp(): Operation not permitted {"file":"/home/wwwroot/zhcrm/application/Fox/Core/Utils/File/Permission.php","line":382} []
[2015-11-25 15:59:07] Fox.WARNING: E_WARNING: chmod(): Operation not permitted {"file":"/home/wwwroot/zhcrm/application/Fox/Core/Utils/File/Permission.php","line":359} []
[2015-11-25 15:59:07] Fox.WARNING: E_WARNING: chown(): Operation not permitted {"file":"/home/wwwroot/zhcrm/application/Fox/Core/Utils/File/Permission.php","line":371} []
[2015-11-25 15:59:07] Fox.WARNING: E_WARNING: chgrp(): Operation not permitted {"file":"/home/wwwroot/zhcrm/application/Fox/Core/Utils/File/Permission.php","line":382} []
[2015-11-25 15:59:08] Fox.WARNING: E_WARNING: chmod(): Operation not permitted {"file":"/home/wwwroot/zhcrm/application/Fox/Core/Utils/File/Permission.php","line":349} []
[2015-11-25 15:59:08] Fox.WARNING: E_WARNING: chown(): Operation not permitted {"file":"/home/wwwroot/zhcrm/application/Fox/Core/Utils/File/Permission.php","line":371} []
[2015-11-25 15:59:08] Fox.WARNING: E_WARNING: chgrp(): Operation not permitted {"file":"/home/wwwroot/zhcrm/application/Fox/Core/Utils/File/Permission.php","line":382} []
[2015-11-25 15:59:08] Fox.WARNING: E_WARNING: chmod(): Operation not permitted {"file":"/home/wwwroot/zhcrm/application/Fox/Core/Utils/File/Permission.php","line":359} []
[2015-11-25 15:59:08] Fox.WARNING: E_WARNING: chown(): Operation not permitted {"file":"/home/wwwroot/zhcrm/application/Fox/Core/Utils/File/Permission.php","line":371} []
[2015-11-25 15:59:08] Fox.WARNING: E_WARNING: chgrp(): Operation not permitted {"file":"/home/wwwroot/zhcrm/application/Fox/Core/Utils/File/Permission.php","line":382} []
[2015-11-25 15:59:08] Fox.WARNING: E_WARNING: chmod(): Operation not permitted {"file":"/home/wwwroot/zhcrm/application/Fox/Core/Utils/File/Permission.php","line":349} []
[2015-11-25 15:59:08] Fox.WARNING: E_WARNING: chown(): Operation not permitted {"file":"/home/wwwroot/zhcrm/application/Fox/Core/Utils/File/Permission.php","line":371} []
[2015-11-25 15:59:08] Fox.WARNING: E_WARNING: chgrp(): Operation not permitted {"file":"/home/wwwroot/zhcrm/application/Fox/Core/Utils/File/Permission.php","line":382} []
[2015-11-25 15:59:08] Fox.WARNING: E_WARNING: chmod(): Operation not permitted {"file":"/home/wwwroot/zhcrm/application/Fox/Core/Utils/File/Permission.php","line":359} []
[2015-11-25 15:59:08] Fox.WARNING: E_WARNING: chown(): Operation not permitted {"file":"/home/wwwroot/zhcrm/application/Fox/Core/Utils/File/Permission.php","line":371} []
[2015-11-25 15:59:08] Fox.WARNING: E_WARNING: chgrp(): Operation not permitted {"file":"/home/wwwroot/zhcrm/application/Fox/Core/Utils/File/Permission.php","line":382} []
[2015-11-25 15:59:08] Fox.WARNING: E_WARNING: chmod(): Operation not permitted {"file":"/home/wwwroot/zhcrm/application/Fox/Core/Utils/File/Permission.php","line":349} []
[2015-11-25 15:59:08] Fox.WARNING: E_WARNING: chown(): Operation not permitted {"file":"/home/wwwroot/zhcrm/application/Fox/Core/Utils/File/Permission.php","line":371} []
[2015-11-25 15:59:08] Fox.WARNING: E_WARNING: chgrp(): Operation not permitted {"file":"/home/wwwroot/zhcrm/application/Fox/Core/Utils/File/Permission.php","line":382} []
[2015-11-25 15:59:08] Fox.WARNING: E_WARNING: chmod(): Operation not permitted {"file":"/home/wwwroot/zhcrm/application/Fox/Core/Utils/File/Permission.php","line":359} []
[2015-11-25 15:59:08] Fox.WARNING: E_WARNING: chown(): Operation not permitted {"file":"/home/wwwroot/zhcrm/application/Fox/Core/Utils/File/Permission.php","line":371} []
[2015-11-25 15:59:08] Fox.WARNING: E_WARNING: chgrp(): Operation not permitted {"file":"/home/wwwroot/zhcrm/application/Fox/Core/Utils/File/Permission.php","line":382} []
[2015-11-25 15:59:08] Fox.WARNING: E_WARNING: chmod(): Operation not permitted {"file":"/home/wwwroot/zhcrm/application/Fox/Core/Utils/File/Permission.php","line":349} []
[2015-11-25 15:59:08] Fox.WARNING: E_WARNING: chown(): Operation not permitted {"file":"/home/wwwroot/zhcrm/application/Fox/Core/Utils/File/Permission.php","line":371} []
[2015-11-25 15:59:08] Fox.WARNING: E_WARNING: chgrp(): Operation not permitted {"file":"/home/wwwroot/zhcrm/application/Fox/Core/Utils/File/Permission.php","line":382} []
[2015-11-25 15:59:08] Fox.WARNING: E_WARNING: chmod(): Operation not permitted {"file":"/home/wwwroot/zhcrm/application/Fox/Core/Utils/File/Permission.php","line":359} []
[2015-11-25 15:59:08] Fox.WARNING: E_WARNING: chown(): Operation not permitted {"file":"/home/wwwroot/zhcrm/application/Fox/Core/Utils/File/Permission.php","line":371} []
[2015-11-25 15:59:08] Fox.WARNING: E_WARNING: chgrp(): Operation not permitted {"file":"/home/wwwroot/zhcrm/application/Fox/Core/Utils/File/Permission.php","line":382} []
[2015-11-25 15:59:08] Fox.WARNING: E_WARNING: chmod(): Operation not permitted {"file":"/home/wwwroot/zhcrm/application/Fox/Core/Utils/File/Permission.php","line":349} []
[2015-11-25 15:59:08] Fox.WARNING: E_WARNING: chown(): Operation not permitted {"file":"/home/wwwroot/zhcrm/application/Fox/Core/Utils/File/Permission.php","line":371} []
[2015-11-25 15:59:08] Fox.WARNING: E_WARNING: chgrp(): Operation not permitted {"file":"/home/wwwroot/zhcrm/application/Fox/Core/Utils/File/Permission.php","line":382} []
[2015-11-25 15:59:08] Fox.WARNING: E_WARNING: chmod(): Operation not permitted {"file":"/home/wwwroot/zhcrm/application/Fox/Core/Utils/File/Permission.php","line":359} []
[2015-11-25 15:59:08] Fox.WARNING: E_WARNING: chown(): Operation not permitted {"file":"/home/wwwroot/zhcrm/application/Fox/Core/Utils/File/Permission.php","line":371} []
[2015-11-25 15:59:08] Fox.WARNING: E_WARNING: chgrp(): Operation not permitted {"file":"/home/wwwroot/zhcrm/application/Fox/Core/Utils/File/Permission.php","line":382} []
[2015-11-25 15:59:08] Fox.WARNING: E_WARNING: chmod(): Operation not permitted {"file":"/home/wwwroot/zhcrm/application/Fox/Core/Utils/File/Permission.php","line":349} []
[2015-11-25 15:59:08] Fox.WARNING: E_WARNING: chown(): Operation not permitted {"file":"/home/wwwroot/zhcrm/application/Fox/Core/Utils/File/Permission.php","line":371} []
[2015-11-25 15:59:08] Fox.WARNING: E_WARNING: chgrp(): Operation not permitted {"file":"/home/wwwroot/zhcrm/application/Fox/Core/Utils/File/Permission.php","line":382} []
[2015-11-25 15:59:08] Fox.WARNING: E_WARNING: chmod(): Operation not permitted {"file":"/home/wwwroot/zhcrm/application/Fox/Core/Utils/File/Permission.php","line":359} []
[2015-11-25 15:59:08] Fox.WARNING: E_WARNING: chown(): Operation not permitted {"file":"/home/wwwroot/zhcrm/application/Fox/Core/Utils/File/Permission.php","line":371} []
[2015-11-25 15:59:08] Fox.WARNING: E_WARNING: chgrp(): Operation not permitted {"file":"/home/wwwroot/zhcrm/application/Fox/Core/Utils/File/Permission.php","line":382} []
[2015-11-25 15:59:08] Fox.WARNING: E_WARNING: chmod(): Operation not permitted {"file":"/home/wwwroot/zhcrm/application/Fox/Core/Utils/File/Permission.php","line":349} []
[2015-11-25 15:59:08] Fox.WARNING: E_WARNING: chown(): Operation not permitted {"file":"/home/wwwroot/zhcrm/application/Fox/Core/Utils/File/Permission.php","line":371} []
[2015-11-25 15:59:08] Fox.WARNING: E_WARNING: chgrp(): Operation not permitted {"file":"/home/wwwroot/zhcrm/application/Fox/Core/Utils/File/Permission.php","line":382} []
[2015-11-25 15:59:08] Fox.WARNING: E_WARNING: chmod(): Operation not permitted {"file":"/home/wwwroot/zhcrm/application/Fox/Core/Utils/File/Permission.php","line":359} []
[2015-11-25 15:59:08] Fox.WARNING: E_WARNING: chown(): Operation not permitted {"file":"/home/wwwroot/zhcrm/application/Fox/Core/Utils/File/Permission.php","line":371} []
[2015-11-25 15:59:08] Fox.WARNING: E_WARNING: chgrp(): Operation not permitted {"file":"/home/wwwroot/zhcrm/application/Fox/Core/Utils/File/Permission.php","line":382} []
[2015-11-25 15:59:08] Fox.WARNING: E_WARNING: chmod(): Operation not permitted {"file":"/home/wwwroot/zhcrm/application/Fox/Core/Utils/File/Permission.php","line":349} []
[2015-11-25 15:59:08] Fox.WARNING: E_WARNING: chown(): Operation not permitted {"file":"/home/wwwroot/zhcrm/application/Fox/Core/Utils/File/Permission.php","line":371} []
[2015-11-25 15:59:08] Fox.WARNING: E_WARNING: chgrp(): Operation not permitted {"file":"/home/wwwroot/zhcrm/application/Fox/Core/Utils/File/Permission.php","line":382} []
[2015-11-25 15:59:08] Fox.WARNING: E_WARNING: chmod(): Operation not permitted {"file":"/home/wwwroot/zhcrm/application/Fox/Core/Utils/File/Permission.php","line":359} []
[2015-11-25 15:59:08] Fox.WARNING: E_WARNING: chown(): Operation not permitted {"file":"/home/wwwroot/zhcrm/application/Fox/Core/Utils/File/Permission.php","line":371} []
[2015-11-25 15:59:08] Fox.WARNING: E_WARNING: chgrp(): Operation not permitted {"file":"/home/wwwroot/zhcrm/application/Fox/Core/Utils/File/Permission.php","line":382} []
[2015-11-25 15:59:08] Fox.WARNING: E_WARNING: chmod(): Operation not permitted {"file":"/home/wwwroot/zhcrm/application/Fox/Core/Utils/File/Permission.php","line":349} []
[2015-11-25 15:59:08] Fox.WARNING: E_WARNING: chown(): Operation not permitted {"file":"/home/wwwroot/zhcrm/application/Fox/Core/Utils/File/Permission.php","line":371} []
[2015-11-25 15:59:08] Fox.WARNING: E_WARNING: chgrp(): Operation not permitted {"file":"/home/wwwroot/zhcrm/application/Fox/Core/Utils/File/Permission.php","line":382} []
[2015-11-25 15:59:08] Fox.WARNING: E_WARNING: chmod(): Operation not permitted {"file":"/home/wwwroot/zhcrm/application/Fox/Core/Utils/File/Permission.php","line":359} []
[2015-11-25 15:59:08] Fox.WARNING: E_WARNING: chown(): Operation not permitted {"file":"/home/wwwroot/zhcrm/application/Fox/Core/Utils/File/Permission.php","line":371} []
[2015-11-25 15:59:08] Fox.WARNING: E_WARNING: chgrp(): Operation not permitted {"file":"/home/wwwroot/zhcrm/application/Fox/Core/Utils/File/Permission.php","line":382} []
[2015-11-25 15:59:08] Fox.WARNING: E_WARNING: chmod(): Operation not permitted {"file":"/home/wwwroot/zhcrm/application/Fox/Core/Utils/File/Permission.php","line":349} []
[2015-11-25 15:59:08] Fox.WARNING: E_WARNING: chown(): Operation not permitted {"file":"/home/wwwroot/zhcrm/application/Fox/Core/Utils/File/Permission.php","line":371} []
[2015-11-25 15:59:08] Fox.WARNING: E_WARNING: chgrp(): Operation not permitted {"file":"/home/wwwroot/zhcrm/application/Fox/Core/Utils/File/Permission.php","line":382} []
[2015-11-25 15:59:08] Fox.WARNING: E_WARNING: chmod(): Operation not permitted {"file":"/home/wwwroot/zhcrm/application/Fox/Core/Utils/File/Permission.php","line":359} []
[2015-11-25 15:59:08] Fox.WARNING: E_WARNING: chown(): Operation not permitted {"file":"/home/wwwroot/zhcrm/application/Fox/Core/Utils/File/Permission.php","line":371} []
[2015-11-25 15:59:08] Fox.WARNING: E_WARNING: chgrp(): Operation not permitted {"file":"/home/wwwroot/zhcrm/application/Fox/Core/Utils/File/Permission.php","line":382} []
[2015-11-25 15:59:08] Fox.WARNING: E_WARNING: chmod(): Operation not permitted {"file":"/home/wwwroot/zhcrm/application/Fox/Core/Utils/File/Permission.php","line":349} []
[2015-11-25 15:59:08] Fox.WARNING: E_WARNING: chown(): Operation not permitted {"file":"/home/wwwroot/zhcrm/application/Fox/Core/Utils/File/Permission.php","line":371} []
[2015-11-25 15:59:08] Fox.WARNING: E_WARNING: chgrp(): Operation not permitted {"file":"/home/wwwroot/zhcrm/application/Fox/Core/Utils/File/Permission.php","line":382} []
[2015-11-25 15:59:08] Fox.WARNING: E_WARNING: chmod(): Operation not permitted {"file":"/home/wwwroot/zhcrm/application/Fox/Core/Utils/File/Permission.php","line":359} []
[2015-11-25 15:59:08] Fox.WARNING: E_WARNING: chown(): Operation not permitted {"file":"/home/wwwroot/zhcrm/application/Fox/Core/Utils/File/Permission.php","line":371} []
[2015-11-25 15:59:08] Fox.WARNING: E_WARNING: chgrp(): Operation not permitted {"file":"/home/wwwroot/zhcrm/application/Fox/Core/Utils/File/Permission.php","line":382} []
[2015-11-25 15:59:08] Fox.WARNING: E_WARNING: chmod(): Operation not permitted {"file":"/home/wwwroot/zhcrm/application/Fox/Core/Utils/File/Permission.php","line":349} []
[2015-11-25 15:59:08] Fox.WARNING: E_WARNING: chown(): Operation not permitted {"file":"/home/wwwroot/zhcrm/application/Fox/Core/Utils/File/Permission.php","line":371} []
[2015-11-25 15:59:08] Fox.WARNING: E_WARNING: chgrp(): Operation not permitted {"file":"/home/wwwroot/zhcrm/application/Fox/Core/Utils/File/Permission.php","line":382} []
[2015-11-25 15:59:08] Fox.WARNING: E_WARNING: chmod(): Operation not permitted {"file":"/home/wwwroot/zhcrm/application/Fox/Core/Utils/File/Permission.php","line":359} []
[2015-11-25 15:59:08] Fox.WARNING: E_WARNING: chown(): Operation not permitted {"file":"/home/wwwroot/zhcrm/application/Fox/Core/Utils/File/Permission.php","line":371} []
[2015-11-25 15:59:08] Fox.WARNING: E_WARNING: chgrp(): Operation not permitted {"file":"/home/wwwroot/zhcrm/application/Fox/Core/Utils/File/Permission.php","line":382} []
[2015-11-25 15:59:08] Fox.WARNING: E_WARNING: chmod(): Operation not permitted {"file":"/home/wwwroot/zhcrm/application/Fox/Core/Utils/File/Permission.php","line":349} []
[2015-11-25 15:59:08] Fox.WARNING: E_WARNING: chown(): Operation not permitted {"file":"/home/wwwroot/zhcrm/application/Fox/Core/Utils/File/Permission.php","line":371} []
[2015-11-25 15:59:08] Fox.WARNING: E_WARNING: chgrp(): Operation not permitted {"file":"/home/wwwroot/zhcrm/application/Fox/Core/Utils/File/Permission.php","line":382} []
[2015-11-25 15:59:08] Fox.WARNING: E_WARNING: chmod(): Operation not permitted {"file":"/home/wwwroot/zhcrm/application/Fox/Core/Utils/File/Permission.php","line":359} []
[2015-11-25 15:59:08] Fox.WARNING: E_WARNING: chown(): Operation not permitted {"file":"/home/wwwroot/zhcrm/application/Fox/Core/Utils/File/Permission.php","line":371} []
[2015-11-25 15:59:08] Fox.WARNING: E_WARNING: chgrp(): Operation not permitted {"file":"/home/wwwroot/zhcrm/application/Fox/Core/Utils/File/Permission.php","line":382} []
[2015-11-25 15:59:08] Fox.WARNING: E_WARNING: chmod(): Operation not permitted {"file":"/home/wwwroot/zhcrm/application/Fox/Core/Utils/File/Permission.php","line":349} []
[2015-11-25 15:59:08] Fox.WARNING: E_WARNING: chown(): Operation not permitted {"file":"/home/wwwroot/zhcrm/application/Fox/Core/Utils/File/Permission.php","line":371} []
[2015-11-25 15:59:08] Fox.WARNING: E_WARNING: chgrp(): Operation not permitted {"file":"/home/wwwroot/zhcrm/application/Fox/Core/Utils/File/Permission.php","line":382} []
[2015-11-25 15:59:08] Fox.WARNING: E_WARNING: chmod(): Operation not permitted {"file":"/home/wwwroot/zhcrm/application/Fox/Core/Utils/File/Permission.php","line":359} []
[2015-11-25 15:59:08] Fox.WARNING: E_WARNING: chown(): Operation not permitted {"file":"/home/wwwroot/zhcrm/application/Fox/Core/Utils/File/Permission.php","line":371} []
[2015-11-25 15:59:08] Fox.WARNING: E_WARNING: chgrp(): Operation not permitted {"file":"/home/wwwroot/zhcrm/application/Fox/Core/Utils/File/Permission.php","line":382} []
[2015-11-25 15:59:08] Fox.WARNING: E_WARNING: chmod(): Operation not permitted {"file":"/home/wwwroot/zhcrm/application/Fox/Core/Utils/File/Permission.php","line":349} []
[2015-11-25 15:59:08] Fox.WARNING: E_WARNING: chown(): Operation not permitted {"file":"/home/wwwroot/zhcrm/application/Fox/Core/Utils/File/Permission.php","line":371} []
[2015-11-25 15:59:08] Fox.WARNING: E_WARNING: chgrp(): Operation not permitted {"file":"/home/wwwroot/zhcrm/application/Fox/Core/Utils/File/Permission.php","line":382} []
[2015-11-25 15:59:08] Fox.WARNING: E_WARNING: chmod(): Operation not permitted {"file":"/home/wwwroot/zhcrm/application/Fox/Core/Utils/File/Permission.php","line":359} []
[2015-11-25 15:59:08] Fox.WARNING: E_WARNING: chmod(): Operation not permitted {"file":"/home/wwwroot/zhcrm/application/Fox/Core/Utils/File/Permission.php","line":349} []
[2015-11-25 15:59:08] Fox.WARNING: E_WARNING: chown(): Operation not permitted {"file":"/home/wwwroot/zhcrm/application/Fox/Core/Utils/File/Permission.php","line":371} []
[2015-11-25 15:59:08] Fox.WARNING: E_WARNING: chgrp(): Operation not permitted {"file":"/home/wwwroot/zhcrm/application/Fox/Core/Utils/File/Permission.php","line":382} []
[2015-11-25 15:59:08] Fox.WARNING: E_WARNING: chmod(): Operation not permitted {"file":"/home/wwwroot/zhcrm/application/Fox/Core/Utils/File/Permission.php","line":359} []
[2015-11-25 15:59:08] Fox.WARNING: E_WARNING: chown(): Operation not permitted {"file":"/home/wwwroot/zhcrm/application/Fox/Core/Utils/File/Permission.php","line":371} []
[2015-11-25 15:59:08] Fox.WARNING: E_WARNING: chgrp(): Operation not permitted {"file":"/home/wwwroot/zhcrm/application/Fox/Core/Utils/File/Permission.php","line":382} []
[2015-11-25 15:59:08] Fox.WARNING: E_WARNING: chmod(): Operation not permitted {"file":"/home/wwwroot/zhcrm/application/Fox/Core/Utils/File/Permission.php","line":349} []
[2015-11-25 15:59:08] Fox.WARNING: E_WARNING: chown(): Operation not permitted {"file":"/home/wwwroot/zhcrm/application/Fox/Core/Utils/File/Permission.php","line":371} []
[2015-11-25 15:59:08] Fox.WARNING: E_WARNING: chgrp(): Operation not permitted {"file":"/home/wwwroot/zhcrm/application/Fox/Core/Utils/File/Permission.php","line":382} []
[2015-11-25 15:59:08] Fox.WARNING: E_WARNING: chmod(): Operation not permitted {"file":"/home/wwwroot/zhcrm/application/Fox/Core/Utils/File/Permission.php","line":359} []
[2015-11-25 15:59:08] Fox.WARNING: E_WARNING: chown(): Operation not permitted {"file":"/home/wwwroot/zhcrm/application/Fox/Core/Utils/File/Permission.php","line":371} []
[2015-11-25 15:59:08] Fox.WARNING: E_WARNING: chgrp(): Operation not permitted {"file":"/home/wwwroot/zhcrm/application/Fox/Core/Utils/File/Permission.php","line":382} []
[2015-11-25 15:59:08] Fox.ERROR: API [POST]:/Admin/fieldManager/:scope, Params:Array
(
    [scope] => Cdr
)
, InputData: {"type":"varchar","required":false,"name":"src","label":"主叫","default":"","maxLength":null,"trim":false,"audited":false} - Permission denied for data/config.php [] []
[2015-11-25 15:59:08] Fox.ERROR: Display Error: Permission denied for data/config.php, Code: 500 URL: /api/v1/Admin/fieldManager/Cdr [] []
[2015-11-25 18:11:48] Fox.ERROR: Uncaught exception {"exception":"[object] (PDOException: SQLSTATE[HY000] [2002] No such file or directory at /home/wwwroot/zhcrm/application/Fox/ORM/EntityManager.php:110)"} []
